Log file open, 03/23/20 17:28:07
LogWindows: Failed to load 'aqProf.dll' (GetLastError=126)
LogWindows: File 'aqProf.dll' does not exist
LogWindows: Failed to load 'VtuneApi.dll' (GetLastError=126)
LogWindows: File 'VtuneApi.dll' does not exist
LogWindows: Failed to load 'VtuneApi32e.dll' (GetLastError=126)
LogWindows: File 'VtuneApi32e.dll' does not exist
LogConsoleResponse: Display: Failed to find resolution value strings in scalability ini. Falling back to default.
LogInit: Display: Running engine for game: SpaceDeliveryService
LogPlatformFile: Not using cached read wrapper
LogTaskGraph: Started task graph with 5 named threads and 23 total threads with 3 sets of task threads.
LogStats: Stats thread started at 0.112202
LogD3D11RHI: Loaded GFSDK_Aftermath_Lib.x64.dll
LogICUInternationalization: ICU TimeZone Detection - Raw Offset: +9:00, Platform Override: ''
LogPluginManager: Mounting plugin Paper2D
LogPluginManager: Mounting plugin AISupport
LogPluginManager: Mounting plugin LightPropagationVolume
LogPluginManager: Mounting plugin ActorLayerUtilities
LogPluginManager: Mounting plugin AnimationSharing
LogPluginManager: Mounting plugin CLionSourceCodeAccess
LogPluginManager: Mounting plugin CodeLiteSourceCodeAccess
LogPluginManager: Mounting plugin GitSourceControl
LogPluginManager: Mounting plugin KDevelopSourceCodeAccess
LogPluginManager: Mounting plugin NullSourceCodeAccess
LogPluginManager: Mounting plugin PerforceSourceControl
LogPluginManager: Mounting plugin PlasticSourceControl
LogPluginManager: Mounting plugin SubversionSourceControl
LogPluginManager: Mounting plugin UObjectPlugin
LogPluginManager: Mounting plugin VisualStudioCodeSourceCodeAccess
LogPluginManager: Mounting plugin VisualStudioSourceCodeAccess
LogPluginManager: Mounting plugin XCodeSourceCodeAccess
LogPluginManager: Mounting plugin AssetManagerEditor
LogPluginManager: Mounting plugin CryptoKeys
LogPluginManager: Mounting plugin CurveEditorTools
LogPluginManager: Mounting plugin DataValidation
LogPluginManager: Mounting plugin FacialAnimation
LogPluginManager: Mounting plugin GameplayTagsEditor
LogPluginManager: Mounting plugin MacGraphicsSwitching
LogPluginManager: Mounting plugin MaterialAnalyzer
LogPluginManager: Mounting plugin MobileLauncherProfileWizard
LogPluginManager: Mounting plugin PluginBrowser
LogPluginManager: Mounting plugin SpeedTreeImporter
LogPluginManager: Mounting plugin DatasmithContent
LogPluginManager: Mounting plugin VariantManagerContent
LogPluginManager: Mounting plugin AlembicImporter
LogPluginManager: Mounting plugin AutomationUtils
LogPluginManager: Mounting plugin BackChannel
LogPluginManager: Mounting plugin CharacterAI
LogPluginManager: Mounting plugin GeometryCache
LogPluginManager: Mounting plugin PlatformCrypto
LogPluginManager: Mounting plugin ProxyLODPlugin
LogPluginManager: Mounting plugin SkeletalReduction
LogPluginManager: Mounting plugin MagicLeap
LogPluginManager: Mounting plugin MagicLeapMedia
LogPluginManager: Mounting plugin MLSDK
LogPluginManager: Mounting plugin AndroidMedia
LogPluginManager: Mounting plugin AvfMedia
LogPluginManager: Mounting plugin ImgMedia
LogPluginManager: Mounting plugin MediaCompositing
LogPluginManager: Mounting plugin MediaPlayerEditor
LogPluginManager: Mounting plugin WebMMedia
LogPluginManager: Mounting plugin WmfMedia
LogPluginManager: Mounting plugin TcpMessaging
LogPluginManager: Mounting plugin UdpMessaging
LogPluginManager: Mounting plugin ActorSequence
LogPluginManager: Mounting plugin LevelSequenceEditor
LogPluginManager: Mounting plugin MatineeToLevelSequence
LogPluginManager: Mounting plugin NetcodeUnitTest
LogPluginManager: Mounting plugin NUTUnrealEngine4
LogPluginManager: Mounting plugin OnlineSubsystemGooglePlay
LogPluginManager: Mounting plugin OnlineSubsystemIOS
LogPluginManager: Mounting plugin OnlineSubsystem
LogPluginManager: Mounting plugin OnlineSubsystemNull
LogPluginManager: Mounting plugin OnlineSubsystemUtils
LogPluginManager: Mounting plugin LauncherChunkInstaller
LogPluginManager: Mounting plugin AndroidDeviceProfileSelector
LogPluginManager: Mounting plugin AndroidMoviePlayer
LogPluginManager: Mounting plugin AndroidPermission
LogPluginManager: Mounting plugin AppleImageUtils
LogPluginManager: Mounting plugin AppleMoviePlayer
LogPluginManager: Mounting plugin ArchVisCharacter
LogPluginManager: Mounting plugin AssetTags
LogPluginManager: Mounting plugin AudioCapture
LogPluginManager: Mounting plugin CableComponent
LogPluginManager: Mounting plugin CustomMeshComponent
LogPluginManager: Mounting plugin EditableMesh
LogPluginManager: Mounting plugin ExampleDeviceProfileSelector
LogPluginManager: Mounting plugin GoogleCloudMessaging
LogPluginManager: Mounting plugin IOSDeviceProfileSelector
LogPluginManager: Mounting plugin LinuxDeviceProfileSelector
LogPluginManager: Mounting plugin LocationServicesBPLibrary
LogPluginManager: Mounting plugin MobilePatchingUtils
LogPluginManager: Mounting plugin OculusVR
LogPluginManager: Mounting plugin PhysXVehicles
LogPluginManager: Mounting plugin PostSplashScreen
LogPluginManager: Mounting plugin ProceduralMeshComponent
LogPluginManager: Mounting plugin RuntimePhysXCooking
LogPluginManager: Mounting plugin SignificanceManager
LogPluginManager: Mounting plugin SteamVR
LogPluginManager: Mounting plugin WebMMoviePlayer
LogPluginManager: Mounting plugin WindowsMoviePlayer
LogPluginManager: Mounting plugin ScreenshotTools
LogInit: Using libcurl 7.55.1-DEV
LogInit:  - built for x86_64-pc-win32
LogInit:  - supports SSL with OpenSSL/1.1.1
LogInit:  - supports HTTP deflate (compression) using libz 1.2.8
LogInit:  - other features:
LogInit:      CURL_VERSION_SSL
LogInit:      CURL_VERSION_LIBZ
LogInit:      CURL_VERSION_IPV6
LogInit:      CURL_VERSION_ASYNCHDNS
LogInit:      CURL_VERSION_LARGEFILE
LogInit:      CURL_VERSION_IDN
LogInit:  CurlRequestOptions (configurable via config and command line):
LogInit:  - bVerifyPeer = true  - Libcurl will verify peer certificate
LogInit:  - bUseHttpProxy = false  - Libcurl will NOT use HTTP proxy
LogInit:  - bDontReuseConnections = false  - Libcurl will reuse connections
LogInit:  - MaxHostConnections = 16  - Libcurl will limit the number of connections to a host
LogInit:  - LocalHostAddr = Default
LogInit:  - BufferSize = 65536
LogOnline: OSS: Creating online subsystem instance for: NULL
LogInit: WinSock: version 1.1 (2.2), MaxSocks=32767, MaxUdp=65467
LogOnline: OSS: TryLoadSubsystemAndSetDefault: Loaded subsystem for module [NULL]
LogInit: Build: ++UE4+Release-4.24-CL-11590370
LogInit: Engine Version: 4.24.3-11590370+++UE4+Release-4.24
LogInit: Compatible Engine Version: 4.24.0-10570792+++UE4+Release-4.24
LogInit: Net CL: 10570792
LogInit: OS: Windows 10 (Release 1909) (), CPU: Intel(R) Core(TM) i5-8265U CPU @ 1.60GHz, GPU: Intel(R) UHD Graphics 620
LogInit: Compiled (64-bit): Feb 24 2020 15:39:18
LogInit: Compiled with Visual C++: 19.16.27032.01
LogInit: Build Configuration: Development
LogInit: Branch Name: ++UE4+Release-4.24
LogInit: Command Line: 
LogInit: Base Directory: C:/Program Files/Epic Games/UE_4.24/Engine/Binaries/Win64/
LogInit: Installed Engine Build: 1
LogDevObjectVersion: Number of dev versions registered: 25
LogDevObjectVersion:   Dev-Blueprints (B0D832E4-1F89-4F0D-ACCF-7EB736FD4AA2): 10
LogDevObjectVersion:   Dev-Build (E1C64328-A22C-4D53-A36C-8E866417BD8C): 0
LogDevObjectVersion:   Dev-Core (375EC13C-06E4-48FB-B500-84F0262A717E): 3
LogDevObjectVersion:   Dev-Editor (E4B068ED-F494-42E9-A231-DA0B2E46BB41): 37
LogDevObjectVersion:   Dev-Framework (CFFC743F-43B0-4480-9391-14DF171D2073): 36
LogDevObjectVersion:   Dev-Mobile (B02B49B5-BB20-44E9-A304-32B752E40360): 2
LogDevObjectVersion:   Dev-Networking (A4E4105C-59A1-49B5-A7C5-40C4547EDFEE): 0
LogDevObjectVersion:   Dev-Online (39C831C9-5AE6-47DC-9A44-9C173E1C8E7C): 0
LogDevObjectVersion:   Dev-Physics (78F01B33-EBEA-4F98-B9B4-84EACCB95AA2): 2
LogDevObjectVersion:   Dev-Platform (6631380F-2D4D-43E0-8009-CF276956A95A): 0
LogDevObjectVersion:   Dev-Rendering (12F88B9F-8875-4AFC-A67C-D90C383ABD29): 36
LogDevObjectVersion:   Dev-Sequencer (7B5AE74C-D270-4C10-A958-57980B212A5A): 11
LogDevObjectVersion:   Dev-VR (D7296918-1DD6-4BDD-9DE2-64A83CC13884): 2
LogDevObjectVersion:   Dev-LoadTimes (C2A15278-BFE7-4AFE-6C17-90FF531DF755): 1
LogDevObjectVersion:   Private-Geometry (6EACA3D4-40EC-4CC1-B786-8BED09428FC5): 3
LogDevObjectVersion:   Dev-AnimPhys (29E575DD-E0A3-4627-9D10-D276232CDCEA): 17
LogDevObjectVersion:   Dev-Anim (AF43A65D-7FD3-4947-9873-3E8ED9C1BB05): 2
LogDevObjectVersion:   Dev-ReflectionCapture (6B266CEC-1EC7-4B8F-A30B-E4D90942FC07): 1
LogDevObjectVersion:   Dev-Automation (0DF73D61-A23F-47EA-B727-89E90C41499A): 1
LogDevObjectVersion:   FortniteMain (601D1886-AC64-4F84-AA16-D3DE0DEAC7D6): 31
LogDevObjectVersion:   Dev-Enterprise (9DFFBCD6-494F-0158-E221-12823C92A888): 8
LogDevObjectVersion:   Dev-Niagara (F2AED0AC-9AFE-416F-8664-AA7FFA26D6FC): 1
LogDevObjectVersion:   Dev-Destruction (174F1F0B-B4C6-45A5-B13F-2EE8D0FB917D): 9
LogDevObjectVersion:   Dev-Physics-Ext (35F94A83-E258-406C-A318-09F59610247C): 8
LogDevObjectVersion:   Dev-CineCamera (B2E18506-4273-CFC2-A54E-F4BB758BBA07): 1
LogInit: Presizing for max 25165824 objects, including 0 objects not considered by GC, pre-allocating 0 bytes for permanent pool.
LogInit: Object subsystem initialized
LogConfig: Setting CVar [[con.DebugEarlyDefault:1]]
LogConfig: Setting CVar [[r.setres:1280x720]]
[2020.03.23-08.28.07:461][  0]LogConfig: Setting CVar [[r.VSync:0]]
[2020.03.23-08.28.07:461][  0]LogConfig: Setting CVar [[r.RHICmdBypass:0]]
[2020.03.23-08.28.07:461][  0]LogConfig: Applying CVar settings from Section [/Script/Engine.RendererSettings] File [C:/Users/HY_Raptop/OneDrive/Desktop/GitHub/SpaceDeliveryService/SpaceDeliveryService/Saved/Config/Windows/Engine.ini]
[2020.03.23-08.28.07:461][  0]LogConfig: Setting CVar [[r.GPUCrashDebugging:0]]
[2020.03.23-08.28.07:461][  0]LogConfig: Applying CVar settings from Section [/Script/Engine.RendererOverrideSettings] File [C:/Users/HY_Raptop/OneDrive/Desktop/GitHub/SpaceDeliveryService/SpaceDeliveryService/Saved/Config/Windows/Engine.ini]
[2020.03.23-08.28.07:461][  0]LogConfig: Applying CVar settings from Section [/Script/Engine.StreamingSettings] File [C:/Users/HY_Raptop/OneDrive/Desktop/GitHub/SpaceDeliveryService/SpaceDeliveryService/Saved/Config/Windows/Engine.ini]
[2020.03.23-08.28.07:461][  0]LogConfig: Setting CVar [[s.MinBulkDataSizeForAsyncLoading:131072]]
[2020.03.23-08.28.07:461][  0]LogConfig: Setting CVar [[s.AsyncLoadingThreadEnabled:0]]
[2020.03.23-08.28.07:461][  0]LogConfig: Setting CVar [[s.EventDrivenLoaderEnabled:1]]
[2020.03.23-08.28.07:461][  0]LogConfig: Setting CVar [[s.WarnIfTimeLimitExceeded:0]]
[2020.03.23-08.28.07:461][  0]LogConfig: Setting CVar [[s.TimeLimitExceededMultiplier:1.5]]
[2020.03.23-08.28.07:461][  0]LogConfig: Setting CVar [[s.TimeLimitExceededMinTime:0.005]]
[2020.03.23-08.28.07:462][  0]LogConfig: Setting CVar [[s.UseBackgroundLevelStreaming:1]]
[2020.03.23-08.28.07:462][  0]LogConfig: Setting CVar [[s.PriorityAsyncLoadingExtraTime:15.0]]
[2020.03.23-08.28.07:462][  0]LogConfig: Setting CVar [[s.LevelStreamingActorsUpdateTimeLimit:5.0]]
[2020.03.23-08.28.07:462][  0]LogConfig: Setting CVar [[s.PriorityLevelStreamingActorsUpdateExtraTime:5.0]]
[2020.03.23-08.28.07:462][  0]LogConfig: Setting CVar [[s.LevelStreamingComponentsRegistrationGranularity:10]]
[2020.03.23-08.28.07:462][  0]LogConfig: Setting CVar [[s.UnregisterComponentsTimeLimit:1.0]]
[2020.03.23-08.28.07:462][  0]LogConfig: Setting CVar [[s.LevelStreamingComponentsUnregistrationGranularity:5]]
[2020.03.23-08.28.07:462][  0]LogConfig: Setting CVar [[s.FlushStreamingOnExit:1]]
[2020.03.23-08.28.07:462][  0]LogConfig: Applying CVar settings from Section [/Script/Engine.GarbageCollectionSettings] File [C:/Users/HY_Raptop/OneDrive/Desktop/GitHub/SpaceDeliveryService/SpaceDeliveryService/Saved/Config/Windows/Engine.ini]
[2020.03.23-08.28.07:462][  0]LogConfig: Setting CVar [[gc.MaxObjectsNotConsideredByGC:1]]
[2020.03.23-08.28.07:462][  0]LogConfig: Setting CVar [[gc.SizeOfPermanentObjectPool:0]]
[2020.03.23-08.28.07:462][  0]LogConfig: Setting CVar [[gc.FlushStreamingOnGC:0]]
[2020.03.23-08.28.07:462][  0]LogConfig: Setting CVar [[gc.NumRetriesBeforeForcingGC:10]]
[2020.03.23-08.28.07:462][  0]LogConfig: Setting CVar [[gc.AllowParallelGC:1]]
[2020.03.23-08.28.07:462][  0]LogConfig: Setting CVar [[gc.TimeBetweenPurgingPendingKillObjects:61.1]]
[2020.03.23-08.28.07:462][  0]LogConfig: Setting CVar [[gc.MaxObjectsInEditor:25165824]]
[2020.03.23-08.28.07:462][  0]LogConfig: Setting CVar [[gc.IncrementalBeginDestroyEnabled:1]]
[2020.03.23-08.28.07:462][  0]LogConfig: Setting CVar [[gc.CreateGCClusters:1]]
[2020.03.23-08.28.07:462][  0]LogConfig: Setting CVar [[gc.MinGCClusterSize:5]]
[2020.03.23-08.28.07:462][  0]LogConfig: Setting CVar [[gc.ActorClusteringEnabled:0]]
[2020.03.23-08.28.07:462][  0]LogConfig: Setting CVar [[gc.BlueprintClusteringEnabled:0]]
[2020.03.23-08.28.07:462][  0]LogConfig: Setting CVar [[gc.UseDisregardForGCOnDedicatedServers:0]]
[2020.03.23-08.28.07:462][  0]LogConfig: Applying CVar settings from Section [/Script/Engine.NetworkSettings] File [C:/Users/HY_Raptop/OneDrive/Desktop/GitHub/SpaceDeliveryService/SpaceDeliveryService/Saved/Config/Windows/Engine.ini]
[2020.03.23-08.28.07:462][  0]LogConfig: Applying CVar settings from Section [/Script/UnrealEd.CookerSettings] File [C:/Users/HY_Raptop/OneDrive/Desktop/GitHub/SpaceDeliveryService/SpaceDeliveryService/Saved/Config/Windows/Engine.ini]
[2020.03.23-08.28.07:477][  0]LogConfig: Applying CVar settings from Section [ViewDistanceQuality@3] File [C:/Users/HY_Raptop/OneDrive/Desktop/GitHub/SpaceDeliveryService/SpaceDeliveryService/Saved/Config/Windows/Scalability.ini]
[2020.03.23-08.28.07:477][  0]LogConfig: Setting CVar [[r.SkeletalMeshLODBias:0]]
[2020.03.23-08.28.07:477][  0]LogConfig: Setting CVar [[r.ViewDistanceScale:1.0]]
[2020.03.23-08.28.07:477][  0]LogConfig: Applying CVar settings from Section [AntiAliasingQuality@3] File [C:/Users/HY_Raptop/OneDrive/Desktop/GitHub/SpaceDeliveryService/SpaceDeliveryService/Saved/Config/Windows/Scalability.ini]
[2020.03.23-08.28.07:477][  0]LogConfig: Setting CVar [[r.PostProcessAAQuality:4]]
[2020.03.23-08.28.07:477][  0]LogConfig: Applying CVar settings from Section [ShadowQuality@3] File [C:/Users/HY_Raptop/OneDrive/Desktop/GitHub/SpaceDeliveryService/SpaceDeliveryService/Saved/Config/Windows/Scalability.ini]
[2020.03.23-08.28.07:477][  0]LogConfig: Setting CVar [[r.LightFunctionQuality:1]]
[2020.03.23-08.28.07:477][  0]LogConfig: Setting CVar [[r.ShadowQuality:5]]
[2020.03.23-08.28.07:477][  0]LogConfig: Setting CVar [[r.Shadow.CSM.MaxCascades:10]]
[2020.03.23-08.28.07:477][  0]LogConfig: Setting CVar [[r.Shadow.MaxResolution:2048]]
[2020.03.23-08.28.07:477][  0]LogConfig: Setting CVar [[r.Shadow.MaxCSMResolution:2048]]
[2020.03.23-08.28.07:478][  0]LogConfig: Setting CVar [[r.Shadow.RadiusThreshold:0.01]]
[2020.03.23-08.28.07:478][  0]LogConfig: Setting CVar [[r.Shadow.DistanceScale:1.0]]
[2020.03.23-08.28.07:478][  0]LogConfig: Setting CVar [[r.Shadow.CSM.TransitionScale:1.0]]
[2020.03.23-08.28.07:478][  0]LogConfig: Setting CVar [[r.Shadow.PreShadowResolutionFactor:1.0]]
[2020.03.23-08.28.07:478][  0]LogConfig: Setting CVar [[r.DistanceFieldShadowing:1]]
[2020.03.23-08.28.07:478][  0]LogConfig: Setting CVar [[r.DistanceFieldAO:1]]
[2020.03.23-08.28.07:478][  0]LogConfig: Setting CVar [[r.AOQuality:2]]
[2020.03.23-08.28.07:478][  0]LogConfig: Setting CVar [[r.VolumetricFog:1]]
[2020.03.23-08.28.07:478][  0]LogConfig: Setting CVar [[r.VolumetricFog.GridPixelSize:8]]
[2020.03.23-08.28.07:478][  0]LogConfig: Setting CVar [[r.VolumetricFog.GridSizeZ:128]]
[2020.03.23-08.28.07:478][  0]LogConfig: Setting CVar [[r.VolumetricFog.HistoryMissSupersampleCount:4]]
[2020.03.23-08.28.07:478][  0]LogConfig: Setting CVar [[r.LightMaxDrawDistanceScale:1]]
[2020.03.23-08.28.07:478][  0]LogConfig: Setting CVar [[r.CapsuleShadows:1]]
[2020.03.23-08.28.07:478][  0]LogConfig: Applying CVar settings from Section [PostProcessQuality@3] File [C:/Users/HY_Raptop/OneDrive/Desktop/GitHub/SpaceDeliveryService/SpaceDeliveryService/Saved/Config/Windows/Scalability.ini]
[2020.03.23-08.28.07:478][  0]LogConfig: Setting CVar [[r.MotionBlurQuality:4]]
[2020.03.23-08.28.07:478][  0]LogConfig: Setting CVar [[r.AmbientOcclusionMipLevelFactor:0.4]]
[2020.03.23-08.28.07:478][  0]LogConfig: Setting CVar [[r.AmbientOcclusionMaxQuality:100]]
[2020.03.23-08.28.07:478][  0]LogConfig: Setting CVar [[r.AmbientOcclusionLevels:-1]]
[2020.03.23-08.28.07:478][  0]LogConfig: Setting CVar [[r.AmbientOcclusionRadiusScale:1.0]]
[2020.03.23-08.28.07:478][  0]LogConfig: Setting CVar [[r.DepthOfFieldQuality:2]]
[2020.03.23-08.28.07:478][  0]LogConfig: Setting CVar [[r.RenderTargetPoolMin:400]]
[2020.03.23-08.28.07:478][  0]LogConfig: Setting CVar [[r.LensFlareQuality:2]]
[2020.03.23-08.28.07:478][  0]LogConfig: Setting CVar [[r.SceneColorFringeQuality:1]]
[2020.03.23-08.28.07:478][  0]LogConfig: Setting CVar [[r.EyeAdaptationQuality:2]]
[2020.03.23-08.28.07:478][  0]LogConfig: Setting CVar [[r.BloomQuality:5]]
[2020.03.23-08.28.07:478][  0]LogConfig: Setting CVar [[r.FastBlurThreshold:100]]
[2020.03.23-08.28.07:478][  0]LogConfig: Setting CVar [[r.Upscale.Quality:3]]
[2020.03.23-08.28.07:478][  0]LogConfig: Setting CVar [[r.Tonemapper.GrainQuantization:1]]
[2020.03.23-08.28.07:479][  0]LogConfig: Setting CVar [[r.LightShaftQuality:1]]
[2020.03.23-08.28.07:479][  0]LogConfig: Setting CVar [[r.Filter.SizeScale:1]]
[2020.03.23-08.28.07:479][  0]LogConfig: Setting CVar [[r.Tonemapper.Quality:5]]
[2020.03.23-08.28.07:479][  0]LogConfig: Setting CVar [[r.DOF.Gather.AccumulatorQuality:1        ; higher gathering accumulator quality]]
[2020.03.23-08.28.07:479][  0]LogConfig: Setting CVar [[r.DOF.Gather.PostfilterMethod:1          ; Median3x3 postfilering method]]
[2020.03.23-08.28.07:479][  0]LogConfig: Setting CVar [[r.DOF.Gather.EnableBokehSettings:0       ; no bokeh simulation when gathering]]
[2020.03.23-08.28.07:479][  0]LogConfig: Setting CVar [[r.DOF.Gather.RingCount:4                 ; medium number of samples when gathering]]
[2020.03.23-08.28.07:479][  0]LogConfig: Setting CVar [[r.DOF.Scatter.ForegroundCompositing:1    ; additive foreground scattering]]
[2020.03.23-08.28.07:479][  0]LogConfig: Setting CVar [[r.DOF.Scatter.BackgroundCompositing:2    ; additive background scattering]]
[2020.03.23-08.28.07:479][  0]LogConfig: Setting CVar [[r.DOF.Scatter.EnableBokehSettings:1      ; bokeh simulation when scattering]]
[2020.03.23-08.28.07:479][  0]LogConfig: Setting CVar [[r.DOF.Scatter.MaxSpriteRatio:0.1         ; only a maximum of 10% of scattered bokeh]]
[2020.03.23-08.28.07:479][  0]LogConfig: Setting CVar [[r.DOF.Recombine.Quality:1                ; cheap slight out of focus]]
[2020.03.23-08.28.07:479][  0]LogConfig: Setting CVar [[r.DOF.Recombine.EnableBokehSettings:0    ; no bokeh simulation on slight out of focus]]
[2020.03.23-08.28.07:479][  0]LogConfig: Setting CVar [[r.DOF.TemporalAAQuality:1                ; more stable temporal accumulation]]
[2020.03.23-08.28.07:479][  0]LogConfig: Setting CVar [[r.DOF.Kernel.MaxForegroundRadius:0.025]]
[2020.03.23-08.28.07:479][  0]LogConfig: Setting CVar [[r.DOF.Kernel.MaxBackgroundRadius:0.025]]
[2020.03.23-08.28.07:479][  0]LogConfig: Applying CVar settings from Section [TextureQuality@3] File [C:/Users/HY_Raptop/OneDrive/Desktop/GitHub/SpaceDeliveryService/SpaceDeliveryService/Saved/Config/Windows/Scalability.ini]
[2020.03.23-08.28.07:479][  0]LogConfig: Setting CVar [[r.Streaming.MipBias:0]]
[2020.03.23-08.28.07:479][  0]LogConfig: Setting CVar [[r.Streaming.AmortizeCPUToGPUCopy:0]]
[2020.03.23-08.28.07:479][  0]LogConfig: Setting CVar [[r.Streaming.MaxNumTexturesToStreamPerFrame:0]]
[2020.03.23-08.28.07:479][  0]LogConfig: Setting CVar [[r.Streaming.Boost:1]]
[2020.03.23-08.28.07:479][  0]LogConfig: Setting CVar [[r.MaxAnisotropy:8]]
[2020.03.23-08.28.07:479][  0]LogConfig: Setting CVar [[r.VT.MaxAnisotropy:8]]
[2020.03.23-08.28.07:479][  0]LogConfig: Setting CVar [[r.Streaming.LimitPoolSizeToVRAM:0]]
[2020.03.23-08.28.07:479][  0]LogConfig: Setting CVar [[r.Streaming.PoolSize:1000]]
[2020.03.23-08.28.07:479][  0]LogConfig: Setting CVar [[r.Streaming.MaxEffectiveScreenSize:0]]
[2020.03.23-08.28.07:479][  0]LogConfig: Applying CVar settings from Section [EffectsQuality@3] File [C:/Users/HY_Raptop/OneDrive/Desktop/GitHub/SpaceDeliveryService/SpaceDeliveryService/Saved/Config/Windows/Scalability.ini]
[2020.03.23-08.28.07:479][  0]LogConfig: Setting CVar [[r.TranslucencyLightingVolumeDim:64]]
[2020.03.23-08.28.07:479][  0]LogConfig: Setting CVar [[r.RefractionQuality:2]]
[2020.03.23-08.28.07:479][  0]LogConfig: Setting CVar [[r.SSR.Quality:3]]
[2020.03.23-08.28.07:480][  0]LogConfig: Setting CVar [[r.SSR.HalfResSceneColor:0]]
[2020.03.23-08.28.07:480][  0]LogConfig: Setting CVar [[r.SceneColorFormat:4]]
[2020.03.23-08.28.07:480][  0]LogConfig: Setting CVar [[r.DetailMode:2]]
[2020.03.23-08.28.07:480][  0]LogConfig: Setting CVar [[r.TranslucencyVolumeBlur:1]]
[2020.03.23-08.28.07:480][  0]LogConfig: Setting CVar [[r.MaterialQualityLevel:1 ; High quality]]
[2020.03.23-08.28.07:480][  0]LogConfig: Setting CVar [[r.SSS.Scale:1]]
[2020.03.23-08.28.07:480][  0]LogConfig: Setting CVar [[r.SSS.SampleSet:2]]
[2020.03.23-08.28.07:480][  0]LogConfig: Setting CVar [[r.SSS.Quality:1]]
[2020.03.23-08.28.07:480][  0]LogConfig: Setting CVar [[r.SSS.HalfRes:1]]
[2020.03.23-08.28.07:480][  0]LogConfig: Setting CVar [[r.SSGI.Quality:3]]
[2020.03.23-08.28.07:480][  0]LogConfig: Setting CVar [[r.EmitterSpawnRateScale:1.0]]
[2020.03.23-08.28.07:480][  0]LogConfig: Setting CVar [[r.ParticleLightQuality:2]]
[2020.03.23-08.28.07:480][  0]LogConfig: Setting CVar [[r.SkyAtmosphere.AerialPerspectiveLUT.FastApplyOnOpaque:1 ; Always have FastSkyLUT 1 in this case to avoid wrong sky]]
[2020.03.23-08.28.07:480][  0]LogConfig: Setting CVar [[r.SkyAtmosphere.AerialPerspectiveLUT.SampleCountPerSlice:1]]
[2020.03.23-08.28.07:480][  0]LogConfig: Setting CVar [[r.SkyAtmosphere.AerialPerspectiveLUT.DepthResolution:16.0]]
[2020.03.23-08.28.07:480][  0]LogConfig: Setting CVar [[r.SkyAtmosphere.FastSkyLUT:1]]
[2020.03.23-08.28.07:480][  0]LogConfig: Setting CVar [[r.SkyAtmosphere.FastSkyLUT.SampleCountMin:4.0]]
[2020.03.23-08.28.07:480][  0]LogConfig: Setting CVar [[r.SkyAtmosphere.FastSkyLUT.SampleCountMax:32.0]]
[2020.03.23-08.28.07:480][  0]LogConfig: Setting CVar [[r.SkyAtmosphere.SampleCountMin:4.0]]
[2020.03.23-08.28.07:480][  0]LogConfig: Setting CVar [[r.SkyAtmosphere.SampleCountMax:32.0]]
[2020.03.23-08.28.07:480][  0]LogConfig: Setting CVar [[r.SkyAtmosphere.TransmittanceLUT.UseSmallFormat:0]]
[2020.03.23-08.28.07:480][  0]LogConfig: Setting CVar [[r.SkyAtmosphere.TransmittanceLUT.SampleCount:10.0]]
[2020.03.23-08.28.07:480][  0]LogConfig: Setting CVar [[r.SkyAtmosphere.MultiScatteringLUT.SampleCount:15.0]]
[2020.03.23-08.28.07:480][  0]LogConfig: Applying CVar settings from Section [FoliageQuality@3] File [C:/Users/HY_Raptop/OneDrive/Desktop/GitHub/SpaceDeliveryService/SpaceDeliveryService/Saved/Config/Windows/Scalability.ini]
[2020.03.23-08.28.07:480][  0]LogConfig: Setting CVar [[foliage.DensityScale:1.0]]
[2020.03.23-08.28.07:481][  0]LogConfig: Setting CVar [[grass.DensityScale:1.0]]
[2020.03.23-08.28.07:481][  0]LogConfig: Applying CVar settings from Section [ShadingQuality@3] File [C:/Users/HY_Raptop/OneDrive/Desktop/GitHub/SpaceDeliveryService/SpaceDeliveryService/Saved/Config/Windows/Scalability.ini]
[2020.03.23-08.28.07:481][  0]LogConfig: Setting CVar [[r.HairStrands.SkyLighting.SampleCount:16]]
[2020.03.23-08.28.07:481][  0]LogConfig: Setting CVar [[r.HairStrands.SkyLighting.JitterIntegration:0]]
[2020.03.23-08.28.07:481][  0]LogConfig: Setting CVar [[r.HairStrands.SkyAO.SampleCount:16]]
[2020.03.23-08.28.07:481][  0]LogInit: Selected Device Profile: [Windows]
[2020.03.23-08.28.07:481][  0]LogInit: Applying CVar settings loaded from the selected device profile: [Windows]
[2020.03.23-08.28.07:489][  0]LogHAL: Display: Platform has ~ 16 GB [17031159808 / 17179869184 / 16], which maps to Larger [LargestMinGB=32, LargerMinGB=12, DefaultMinGB=8, SmallerMinGB=6, SmallestMinGB=0)
[2020.03.23-08.28.07:489][  0]LogInit: Going up to parent DeviceProfile []
[2020.03.23-08.28.07:489][  0]LogConfig: Applying CVar settings from Section [ViewDistanceQuality@3] File [C:/Users/HY_Raptop/OneDrive/Desktop/GitHub/SpaceDeliveryService/SpaceDeliveryService/Saved/Config/Windows/Scalability.ini]
[2020.03.23-08.28.07:489][  0]LogConfig: Setting CVar [[r.SkeletalMeshLODBias:0]]
[2020.03.23-08.28.07:489][  0]LogConfig: Setting CVar [[r.ViewDistanceScale:1.0]]
[2020.03.23-08.28.07:489][  0]LogConfig: Applying CVar settings from Section [AntiAliasingQuality@3] File [C:/Users/HY_Raptop/OneDrive/Desktop/GitHub/SpaceDeliveryService/SpaceDeliveryService/Saved/Config/Windows/Scalability.ini]
[2020.03.23-08.28.07:489][  0]LogConfig: Setting CVar [[r.PostProcessAAQuality:4]]
[2020.03.23-08.28.07:489][  0]LogConfig: Applying CVar settings from Section [ShadowQuality@3] File [C:/Users/HY_Raptop/OneDrive/Desktop/GitHub/SpaceDeliveryService/SpaceDeliveryService/Saved/Config/Windows/Scalability.ini]
[2020.03.23-08.28.07:489][  0]LogConfig: Setting CVar [[r.LightFunctionQuality:1]]
[2020.03.23-08.28.07:489][  0]LogConfig: Setting CVar [[r.ShadowQuality:5]]
[2020.03.23-08.28.07:489][  0]LogConfig: Setting CVar [[r.Shadow.CSM.MaxCascades:10]]
[2020.03.23-08.28.07:489][  0]LogConfig: Setting CVar [[r.Shadow.MaxResolution:2048]]
[2020.03.23-08.28.07:489][  0]LogConfig: Setting CVar [[r.Shadow.MaxCSMResolution:2048]]
[2020.03.23-08.28.07:489][  0]LogConfig: Setting CVar [[r.Shadow.RadiusThreshold:0.01]]
[2020.03.23-08.28.07:489][  0]LogConfig: Setting CVar [[r.Shadow.DistanceScale:1.0]]
[2020.03.23-08.28.07:490][  0]LogConfig: Setting CVar [[r.Shadow.CSM.TransitionScale:1.0]]
[2020.03.23-08.28.07:490][  0]LogConfig: Setting CVar [[r.Shadow.PreShadowResolutionFactor:1.0]]
[2020.03.23-08.28.07:490][  0]LogConfig: Setting CVar [[r.DistanceFieldShadowing:1]]
[2020.03.23-08.28.07:490][  0]LogConfig: Setting CVar [[r.DistanceFieldAO:1]]
[2020.03.23-08.28.07:490][  0]LogConfig: Setting CVar [[r.AOQuality:2]]
[2020.03.23-08.28.07:490][  0]LogConfig: Setting CVar [[r.VolumetricFog:1]]
[2020.03.23-08.28.07:490][  0]LogConfig: Setting CVar [[r.VolumetricFog.GridPixelSize:8]]
[2020.03.23-08.28.07:490][  0]LogConfig: Setting CVar [[r.VolumetricFog.GridSizeZ:128]]
[2020.03.23-08.28.07:490][  0]LogConfig: Setting CVar [[r.VolumetricFog.HistoryMissSupersampleCount:4]]
[2020.03.23-08.28.07:490][  0]LogConfig: Setting CVar [[r.LightMaxDrawDistanceScale:1]]
[2020.03.23-08.28.07:490][  0]LogConfig: Setting CVar [[r.CapsuleShadows:1]]
[2020.03.23-08.28.07:490][  0]LogConfig: Applying CVar settings from Section [PostProcessQuality@3] File [C:/Users/HY_Raptop/OneDrive/Desktop/GitHub/SpaceDeliveryService/SpaceDeliveryService/Saved/Config/Windows/Scalability.ini]
[2020.03.23-08.28.07:490][  0]LogConfig: Setting CVar [[r.MotionBlurQuality:4]]
[2020.03.23-08.28.07:490][  0]LogConfig: Setting CVar [[r.AmbientOcclusionMipLevelFactor:0.4]]
[2020.03.23-08.28.07:490][  0]LogConfig: Setting CVar [[r.AmbientOcclusionMaxQuality:100]]
[2020.03.23-08.28.07:490][  0]LogConfig: Setting CVar [[r.AmbientOcclusionLevels:-1]]
[2020.03.23-08.28.07:490][  0]LogConfig: Setting CVar [[r.AmbientOcclusionRadiusScale:1.0]]
[2020.03.23-08.28.07:490][  0]LogConfig: Setting CVar [[r.DepthOfFieldQuality:2]]
[2020.03.23-08.28.07:490][  0]LogConfig: Setting CVar [[r.RenderTargetPoolMin:400]]
[2020.03.23-08.28.07:490][  0]LogConfig: Setting CVar [[r.LensFlareQuality:2]]
[2020.03.23-08.28.07:490][  0]LogConfig: Setting CVar [[r.SceneColorFringeQuality:1]]
[2020.03.23-08.28.07:490][  0]LogConfig: Setting CVar [[r.EyeAdaptationQuality:2]]
[2020.03.23-08.28.07:490][  0]LogConfig: Setting CVar [[r.BloomQuality:5]]
[2020.03.23-08.28.07:490][  0]LogConfig: Setting CVar [[r.FastBlurThreshold:100]]
[2020.03.23-08.28.07:490][  0]LogConfig: Setting CVar [[r.Upscale.Quality:3]]
[2020.03.23-08.28.07:490][  0]LogConfig: Setting CVar [[r.Tonemapper.GrainQuantization:1]]
[2020.03.23-08.28.07:490][  0]LogConfig: Setting CVar [[r.LightShaftQuality:1]]
[2020.03.23-08.28.07:490][  0]LogConfig: Setting CVar [[r.Filter.SizeScale:1]]
[2020.03.23-08.28.07:491][  0]LogConfig: Setting CVar [[r.Tonemapper.Quality:5]]
[2020.03.23-08.28.07:491][  0]LogConfig: Setting CVar [[r.DOF.Gather.AccumulatorQuality:1        ; higher gathering accumulator quality]]
[2020.03.23-08.28.07:491][  0]LogConfig: Setting CVar [[r.DOF.Gather.PostfilterMethod:1          ; Median3x3 postfilering method]]
[2020.03.23-08.28.07:491][  0]LogConfig: Setting CVar [[r.DOF.Gather.EnableBokehSettings:0       ; no bokeh simulation when gathering]]
[2020.03.23-08.28.07:491][  0]LogConfig: Setting CVar [[r.DOF.Gather.RingCount:4                 ; medium number of samples when gathering]]
[2020.03.23-08.28.07:491][  0]LogConfig: Setting CVar [[r.DOF.Scatter.ForegroundCompositing:1    ; additive foreground scattering]]
[2020.03.23-08.28.07:491][  0]LogConfig: Setting CVar [[r.DOF.Scatter.BackgroundCompositing:2    ; additive background scattering]]
[2020.03.23-08.28.07:491][  0]LogConfig: Setting CVar [[r.DOF.Scatter.EnableBokehSettings:1      ; bokeh simulation when scattering]]
[2020.03.23-08.28.07:491][  0]LogConfig: Setting CVar [[r.DOF.Scatter.MaxSpriteRatio:0.1         ; only a maximum of 10% of scattered bokeh]]
[2020.03.23-08.28.07:491][  0]LogConfig: Setting CVar [[r.DOF.Recombine.Quality:1                ; cheap slight out of focus]]
[2020.03.23-08.28.07:491][  0]LogConfig: Setting CVar [[r.DOF.Recombine.EnableBokehSettings:0    ; no bokeh simulation on slight out of focus]]
[2020.03.23-08.28.07:491][  0]LogConfig: Setting CVar [[r.DOF.TemporalAAQuality:1                ; more stable temporal accumulation]]
[2020.03.23-08.28.07:491][  0]LogConfig: Setting CVar [[r.DOF.Kernel.MaxForegroundRadius:0.025]]
[2020.03.23-08.28.07:491][  0]LogConfig: Setting CVar [[r.DOF.Kernel.MaxBackgroundRadius:0.025]]
[2020.03.23-08.28.07:491][  0]LogConfig: Applying CVar settings from Section [TextureQuality@3] File [C:/Users/HY_Raptop/OneDrive/Desktop/GitHub/SpaceDeliveryService/SpaceDeliveryService/Saved/Config/Windows/Scalability.ini]
[2020.03.23-08.28.07:491][  0]LogConfig: Setting CVar [[r.Streaming.MipBias:0]]
[2020.03.23-08.28.07:491][  0]LogConfig: Setting CVar [[r.Streaming.AmortizeCPUToGPUCopy:0]]
[2020.03.23-08.28.07:491][  0]LogConfig: Setting CVar [[r.Streaming.MaxNumTexturesToStreamPerFrame:0]]
[2020.03.23-08.28.07:491][  0]LogConfig: Setting CVar [[r.Streaming.Boost:1]]
[2020.03.23-08.28.07:491][  0]LogConfig: Setting CVar [[r.MaxAnisotropy:8]]
[2020.03.23-08.28.07:491][  0]LogConfig: Setting CVar [[r.VT.MaxAnisotropy:8]]
[2020.03.23-08.28.07:491][  0]LogConfig: Setting CVar [[r.Streaming.LimitPoolSizeToVRAM:0]]
[2020.03.23-08.28.07:491][  0]LogConfig: Setting CVar [[r.Streaming.PoolSize:1000]]
[2020.03.23-08.28.07:491][  0]LogConfig: Setting CVar [[r.Streaming.MaxEffectiveScreenSize:0]]
[2020.03.23-08.28.07:491][  0]LogConfig: Applying CVar settings from Section [EffectsQuality@3] File [C:/Users/HY_Raptop/OneDrive/Desktop/GitHub/SpaceDeliveryService/SpaceDeliveryService/Saved/Config/Windows/Scalability.ini]
[2020.03.23-08.28.07:491][  0]LogConfig: Setting CVar [[r.TranslucencyLightingVolumeDim:64]]
[2020.03.23-08.28.07:491][  0]LogConfig: Setting CVar [[r.RefractionQuality:2]]
[2020.03.23-08.28.07:492][  0]LogConfig: Setting CVar [[r.SSR.Quality:3]]
[2020.03.23-08.28.07:492][  0]LogConfig: Setting CVar [[r.SSR.HalfResSceneColor:0]]
[2020.03.23-08.28.07:492][  0]LogConfig: Setting CVar [[r.SceneColorFormat:4]]
[2020.03.23-08.28.07:492][  0]LogConfig: Setting CVar [[r.DetailMode:2]]
[2020.03.23-08.28.07:492][  0]LogConfig: Setting CVar [[r.TranslucencyVolumeBlur:1]]
[2020.03.23-08.28.07:492][  0]LogConfig: Setting CVar [[r.MaterialQualityLevel:1 ; High quality]]
[2020.03.23-08.28.07:492][  0]LogConfig: Setting CVar [[r.SSS.Scale:1]]
[2020.03.23-08.28.07:492][  0]LogConfig: Setting CVar [[r.SSS.SampleSet:2]]
[2020.03.23-08.28.07:492][  0]LogConfig: Setting CVar [[r.SSS.Quality:1]]
[2020.03.23-08.28.07:492][  0]LogConfig: Setting CVar [[r.SSS.HalfRes:1]]
[2020.03.23-08.28.07:492][  0]LogConfig: Setting CVar [[r.SSGI.Quality:3]]
[2020.03.23-08.28.07:492][  0]LogConfig: Setting CVar [[r.EmitterSpawnRateScale:1.0]]
[2020.03.23-08.28.07:492][  0]LogConfig: Setting CVar [[r.ParticleLightQuality:2]]
[2020.03.23-08.28.07:492][  0]LogConfig: Setting CVar [[r.SkyAtmosphere.AerialPerspectiveLUT.FastApplyOnOpaque:1 ; Always have FastSkyLUT 1 in this case to avoid wrong sky]]
[2020.03.23-08.28.07:492][  0]LogConfig: Setting CVar [[r.SkyAtmosphere.AerialPerspectiveLUT.SampleCountPerSlice:1]]
[2020.03.23-08.28.07:492][  0]LogConfig: Setting CVar [[r.SkyAtmosphere.AerialPerspectiveLUT.DepthResolution:16.0]]
[2020.03.23-08.28.07:492][  0]LogConfig: Setting CVar [[r.SkyAtmosphere.FastSkyLUT:1]]
[2020.03.23-08.28.07:492][  0]LogConfig: Setting CVar [[r.SkyAtmosphere.FastSkyLUT.SampleCountMin:4.0]]
[2020.03.23-08.28.07:492][  0]LogConfig: Setting CVar [[r.SkyAtmosphere.FastSkyLUT.SampleCountMax:32.0]]
[2020.03.23-08.28.07:492][  0]LogConfig: Setting CVar [[r.SkyAtmosphere.SampleCountMin:4.0]]
[2020.03.23-08.28.07:492][  0]LogConfig: Setting CVar [[r.SkyAtmosphere.SampleCountMax:32.0]]
[2020.03.23-08.28.07:492][  0]LogConfig: Setting CVar [[r.SkyAtmosphere.TransmittanceLUT.UseSmallFormat:0]]
[2020.03.23-08.28.07:492][  0]LogConfig: Setting CVar [[r.SkyAtmosphere.TransmittanceLUT.SampleCount:10.0]]
[2020.03.23-08.28.07:492][  0]LogConfig: Setting CVar [[r.SkyAtmosphere.MultiScatteringLUT.SampleCount:15.0]]
[2020.03.23-08.28.07:492][  0]LogConfig: Applying CVar settings from Section [FoliageQuality@3] File [C:/Users/HY_Raptop/OneDrive/Desktop/GitHub/SpaceDeliveryService/SpaceDeliveryService/Saved/Config/Windows/Scalability.ini]
[2020.03.23-08.28.07:492][  0]LogConfig: Setting CVar [[foliage.DensityScale:1.0]]
[2020.03.23-08.28.07:493][  0]LogConfig: Setting CVar [[grass.DensityScale:1.0]]
[2020.03.23-08.28.07:493][  0]LogConfig: Applying CVar settings from Section [ShadingQuality@3] File [C:/Users/HY_Raptop/OneDrive/Desktop/GitHub/SpaceDeliveryService/SpaceDeliveryService/Saved/Config/Windows/Scalability.ini]
[2020.03.23-08.28.07:493][  0]LogConfig: Setting CVar [[r.HairStrands.SkyLighting.SampleCount:16]]
[2020.03.23-08.28.07:493][  0]LogConfig: Setting CVar [[r.HairStrands.SkyLighting.JitterIntegration:0]]
[2020.03.23-08.28.07:493][  0]LogConfig: Setting CVar [[r.HairStrands.SkyAO.SampleCount:16]]
[2020.03.23-08.28.07:493][  0]LogConfig: Applying CVar settings from Section [Startup] File [../../../Engine/Config/ConsoleVariables.ini]
[2020.03.23-08.28.07:493][  0]LogConfig: Setting CVar [[net.UseAdaptiveNetUpdateFrequency:0]]
[2020.03.23-08.28.07:493][  0]LogConfig: Setting CVar [[p.chaos.AllowCreatePhysxBodies:1]]
[2020.03.23-08.28.07:493][  0]LogConfig: Applying CVar settings from Section [ConsoleVariables] File [C:/Users/HY_Raptop/OneDrive/Desktop/GitHub/SpaceDeliveryService/SpaceDeliveryService/Saved/Config/Windows/Engine.ini]
[2020.03.23-08.28.07:494][  0]LogInit: Computer: HY_LAPTOP
[2020.03.23-08.28.07:494][  0]LogInit: User: HYRaptop
[2020.03.23-08.28.07:494][  0]LogInit: CPU Page size=4096, Cores=4
[2020.03.23-08.28.07:494][  0]LogInit: High frequency timer resolution =10.000000 MHz
[2020.03.23-08.28.07:494][  0]LogMemory: Memory total: Physical=15.9GB (16GB approx)
[2020.03.23-08.28.07:494][  0]LogMemory: Platform Memory Stats for Windows
[2020.03.23-08.28.07:494][  0]LogMemory: Process Physical Memory: 105.18 MB used, 105.19 MB peak
[2020.03.23-08.28.07:494][  0]LogMemory: Process Virtual Memory: 100.57 MB used, 100.57 MB peak
[2020.03.23-08.28.07:494][  0]LogMemory: Physical Memory: 8550.20 MB used,  7691.98 MB free, 16242.18 MB total
[2020.03.23-08.28.07:494][  0]LogMemory: Virtual Memory: 5137.68 MB used,  134212592.00 MB free, 134217728.00 MB total
[2020.03.23-08.28.07:499][  0]LogWindows: WindowsPlatformFeatures enabled
[2020.03.23-08.28.07:535][  0]LogInit: Using OS detected language (ko-KR).
[2020.03.23-08.28.07:535][  0]LogInit: Using OS detected locale (ko-KR).
[2020.03.23-08.28.07:538][  0]LogTextLocalizationManager: No specific localization for 'ko-KR' exists, so the 'ko' localization will be used.
[2020.03.23-08.28.07:669][  0]LogInit: Setting process to per monitor DPI aware
[2020.03.23-08.28.07:766][  0]LogSlate: New Slate User Created.  User Index 0, Is Virtual User: 0
[2020.03.23-08.28.07:766][  0]LogSlate: Slate User Registered.  User Index 0, Is Virtual User: 0
[2020.03.23-08.28.08:083][  0]LogHMD: Failed to initialize OpenVR with code 110
[2020.03.23-08.28.08:083][  0]LogD3D11RHI: D3D11 min allowed feature level: 11_0
[2020.03.23-08.28.08:083][  0]LogD3D11RHI: D3D11 max allowed feature level: 11_0
[2020.03.23-08.28.08:083][  0]LogD3D11RHI: D3D11 adapters:
[2020.03.23-08.28.08:204][  0]LogD3D11RHI:    0. 'NVIDIA GeForce MX250' (Feature Level 11_0)
[2020.03.23-08.28.08:204][  0]LogD3D11RHI:       1983/0/8121 MB DedicatedVideo/DedicatedSystem/SharedSystem, Outputs:2, VendorId:0x10de
[2020.03.23-08.28.08:247][  0]LogD3D11RHI:    1. 'Intel(R) UHD Graphics 620' (Feature Level 11_0)
[2020.03.23-08.28.08:247][  0]LogD3D11RHI:       128/0/8121 MB DedicatedVideo/DedicatedSystem/SharedSystem, Outputs:0, VendorId:0x8086
[2020.03.23-08.28.08:252][  0]LogD3D11RHI:    2. 'Microsoft Basic Render Driver' (Feature Level 11_0)
[2020.03.23-08.28.08:252][  0]LogD3D11RHI:       0/0/8121 MB DedicatedVideo/DedicatedSystem/SharedSystem, Outputs:0, VendorId:0x1414
[2020.03.23-08.28.08:252][  0]LogD3D11RHI: Chosen D3D11 Adapter: 0
[2020.03.23-08.28.08:282][  0]LogD3D11RHI: Creating new Direct3DDevice
[2020.03.23-08.28.08:282][  0]LogD3D11RHI:     GPU DeviceId: 0x1d13 (for the marketing name, search the web for "GPU Device Id")
[2020.03.23-08.28.08:282][  0]LogWindows: EnumDisplayDevices:
[2020.03.23-08.28.08:283][  0]LogWindows:    0. 'Intel(R) UHD Graphics 620' (P:1 D:1)
[2020.03.23-08.28.08:283][  0]LogWindows:    1. 'Intel(R) UHD Graphics 620' (P:0 D:1)
[2020.03.23-08.28.08:284][  0]LogWindows:    2. 'Intel(R) UHD Graphics 620' (P:0 D:0)
[2020.03.23-08.28.08:284][  0]LogWindows: DebugString: PrimaryIsNotTheChoosenAdapter PrimaryIsNotTheChoosenAdapter PrimaryIsNotTheChoosenAdapter FoundDriverCount:0 
[2020.03.23-08.28.08:284][  0]LogD3D11RHI:     Adapter Name: NVIDIA GeForce MX250
[2020.03.23-08.28.08:284][  0]LogD3D11RHI:   Driver Version: Unknown (internal:Unknown, unified:Unknown)
[2020.03.23-08.28.08:284][  0]LogD3D11RHI:      Driver Date: Unknown
[2020.03.23-08.28.08:284][  0]LogRHI: Texture pool is 1388 MB (70% of 1983 MB)
[2020.03.23-08.28.08:357][  0]LogD3D11RHI: RHI has support for 64 bit atomics
[2020.03.23-08.28.08:357][  0]LogD3D11RHI: Async texture creation enabled
[2020.03.23-08.28.08:375][  0]LogD3D11RHI: GPU Timing Frequency: 1000.000000 (Debug: 2 1)
[2020.03.23-08.28.09:078][  0]LogTargetPlatformManager: Display: Loaded TargetPlatform 'AllDesktop'
[2020.03.23-08.28.09:148][  0]LogTargetPlatformManager: Display: Loaded TargetPlatform 'Android'
[2020.03.23-08.28.09:148][  0]LogTargetPlatformManager: Display: Loaded TargetPlatform 'Android_ASTC'
[2020.03.23-08.28.09:148][  0]LogTargetPlatformManager: Display: Loaded TargetPlatform 'Android_ATC'
[2020.03.23-08.28.09:148][  0]LogTargetPlatformManager: Display: Loaded TargetPlatform 'Android_DXT'
[2020.03.23-08.28.09:148][  0]LogTargetPlatformManager: Display: Loaded TargetPlatform 'Android_ETC1'
[2020.03.23-08.28.09:148][  0]LogTargetPlatformManager: Display: Loaded TargetPlatform 'Android_ETC1a'
[2020.03.23-08.28.09:148][  0]LogTargetPlatformManager: Display: Loaded TargetPlatform 'Android_ETC2'
[2020.03.23-08.28.09:148][  0]LogTargetPlatformManager: Display: Loaded TargetPlatform 'Android_PVRTC'
[2020.03.23-08.28.09:148][  0]LogTargetPlatformManager: Display: Loaded TargetPlatform 'AndroidClient'
[2020.03.23-08.28.09:148][  0]LogTargetPlatformManager: Display: Loaded TargetPlatform 'Android_ASTCClient'
[2020.03.23-08.28.09:148][  0]LogTargetPlatformManager: Display: Loaded TargetPlatform 'Android_ATCClient'
[2020.03.23-08.28.09:148][  0]LogTargetPlatformManager: Display: Loaded TargetPlatform 'Android_DXTClient'
[2020.03.23-08.28.09:148][  0]LogTargetPlatformManager: Display: Loaded TargetPlatform 'Android_ETC1Client'
[2020.03.23-08.28.09:148][  0]LogTargetPlatformManager: Display: Loaded TargetPlatform 'Android_ETC1aClient'
[2020.03.23-08.28.09:148][  0]LogTargetPlatformManager: Display: Loaded TargetPlatform 'Android_ETC2Client'
[2020.03.23-08.28.09:148][  0]LogTargetPlatformManager: Display: Loaded TargetPlatform 'Android_PVRTCClient'
[2020.03.23-08.28.09:148][  0]LogTargetPlatformManager: Display: Loaded TargetPlatform 'Android_Multi'
[2020.03.23-08.28.09:148][  0]LogTargetPlatformManager: Display: Loaded TargetPlatform 'Android_MultiClient'
[2020.03.23-08.28.09:203][  0]LogTargetPlatformManager: Display: Loaded TargetPlatform 'IOSClient'
[2020.03.23-08.28.09:203][  0]LogTargetPlatformManager: Display: Loaded TargetPlatform 'IOS'
[2020.03.23-08.28.09:229][  0]LogTargetPlatformManager: Display: Loaded TargetPlatform 'LinuxNoEditor'
[2020.03.23-08.28.09:254][  0]LogTargetPlatformManager: Display: Loaded TargetPlatform 'LinuxClient'
[2020.03.23-08.28.09:280][  0]LogTargetPlatformManager: Display: Loaded TargetPlatform 'LinuxServer'
[2020.03.23-08.28.09:310][  0]LogTargetPlatformManager: Display: Loaded TargetPlatform 'LinuxAArch64NoEditor'
[2020.03.23-08.28.09:336][  0]LogTargetPlatformManager: Display: Loaded TargetPlatform 'LinuxAArch64Client'
[2020.03.23-08.28.09:364][  0]LogTargetPlatformManager: Display: Loaded TargetPlatform 'LinuxAArch64Server'
[2020.03.23-08.28.09:446][  0]LogTargetPlatformManager: Display: Loaded TargetPlatform 'Lumin'
[2020.03.23-08.28.09:446][  0]LogTargetPlatformManager: Display: Loaded TargetPlatform 'LuminClient'
[2020.03.23-08.28.09:494][  0]LogTargetPlatformManager: Display: Loaded TargetPlatform 'TVOSClient'
[2020.03.23-08.28.09:494][  0]LogTargetPlatformManager: Display: Loaded TargetPlatform 'TVOS'
[2020.03.23-08.28.09:519][  0]LogTargetPlatformManager: Display: Loaded TargetPlatform 'WindowsNoEditor'
[2020.03.23-08.28.09:548][  0]LogTargetPlatformManager: Display: Loaded TargetPlatform 'Windows'
[2020.03.23-08.28.09:576][  0]LogTargetPlatformManager: Display: Loaded TargetPlatform 'WindowsClient'
[2020.03.23-08.28.09:603][  0]LogTargetPlatformManager: Display: Loaded TargetPlatform 'WindowsServer'
[2020.03.23-08.28.09:604][  0]LogTargetPlatformManager: Display: Building Assets For Windows
[2020.03.23-08.28.09:626][  0]LogAudioDebug: Display: Lib vorbis DLL was dynamically loaded.
[2020.03.23-08.28.09:807][  0]LogShaderCompilers: Guid format shader working directory is -49 characters bigger than the processId version (../../../../../../Users/HY_Raptop/OneDrive/Desktop/GitHub/SpaceDeliveryService/SpaceDeliveryService/Intermediate/Shaders/WorkingDirectory/3228/).
[2020.03.23-08.28.09:808][  0]LogShaderCompilers: Cleaned the shader compiler working directory 'C:/Users/HY_Raptop/AppData/Local/Temp/UnrealShaderWorkingDir/B0FF7ECC45A3D2456247C1A76552DEF4/'.
[2020.03.23-08.28.09:809][  0]LogXGEController: Cleaning working directory: C:/Users/HY_Raptop/AppData/Local/Temp/UnrealXGEWorkingDir/
[2020.03.23-08.28.09:810][  0]LogXGEController: Cannot use XGE Controller as Incredibuild is not installed on this machine.
[2020.03.23-08.28.09:810][  0]LogShaderCompilers: Cannot use XGE Shader Compiler as Incredibuild is not installed on this machine.
[2020.03.23-08.28.09:810][  0]LogShaderCompilers: Display: Using Local Shader Compiler.
[2020.03.23-08.28.11:629][  0]LogDerivedDataCache: Display: Max Cache Size: 512 MB
[2020.03.23-08.28.11:711][  0]LogDerivedDataCache: Loaded boot cache 0.08s 78MB C:/Users/HY_Raptop/AppData/Local/UnrealEngine/4.24/DerivedDataCache/Boot.ddc.
[2020.03.23-08.28.11:711][  0]LogDerivedDataCache: Display: Loaded Boot cache: C:/Users/HY_Raptop/AppData/Local/UnrealEngine/4.24/DerivedDataCache/Boot.ddc
[2020.03.23-08.28.11:711][  0]LogDerivedDataCache: FDerivedDataBackendGraph:  Pak pak cache file ../../../../../../Users/HY_Raptop/OneDrive/Desktop/GitHub/SpaceDeliveryService/SpaceDeliveryService/DerivedDataCache/DDC.ddp not found, will not use a pak cache.
[2020.03.23-08.28.11:711][  0]LogDerivedDataCache: Unable to find inner node Pak for hierarchical cache Hierarchy.
[2020.03.23-08.28.11:711][  0]LogDerivedDataCache: FDerivedDataBackendGraph:  CompressedPak pak cache file ../../../../../../Users/HY_Raptop/OneDrive/Desktop/GitHub/SpaceDeliveryService/SpaceDeliveryService/DerivedDataCache/Compressed.ddp not found, will not use a pak cache.
[2020.03.23-08.28.11:711][  0]LogDerivedDataCache: Unable to find inner node CompressedPak for hierarchical cache Hierarchy.
[2020.03.23-08.28.11:731][  0]LogDerivedDataCache: Display: Pak cache opened for reading ../../../Engine/DerivedDataCache/Compressed.ddp.
[2020.03.23-08.28.11:731][  0]LogDerivedDataCache: FDerivedDataBackendGraph:  EnterprisePak pak cache file ../../../Enterprise/DerivedDataCache/Compressed.ddp not found, will not use a pak cache.
[2020.03.23-08.28.11:731][  0]LogDerivedDataCache: Unable to find inner node EnterprisePak for hierarchical cache Hierarchy.
[2020.03.23-08.28.11:734][  0]LogDerivedDataCache: Using Local data cache path C:/Users/HY_Raptop/AppData/Local/UnrealEngine/Common/DerivedDataCache: Writable
[2020.03.23-08.28.11:734][  0]LogDerivedDataCache: Shared data cache path not found in *engine.ini, will not use an Shared cache.
[2020.03.23-08.28.11:734][  0]LogDerivedDataCache: Unable to find inner node Shared for hierarchical cache Hierarchy.
[2020.03.23-08.28.11:798][  0]LogMaterial: Verifying Global Shaders for PCD3D_SM5
[2020.03.23-08.28.11:805][  0]LogSlate: Using FreeType 2.10.0
[2020.03.23-08.28.11:806][  0]LogSlate: SlateFontServices - WITH_FREETYPE: 1, WITH_HARFBUZZ: 1
[2020.03.23-08.28.11:976][  0]LogAssetRegistry: FAssetRegistry took 0.0057 seconds to start up
[2020.03.23-08.28.12:807][  0]LogInit: Selected Device Profile: [Windows]
[2020.03.23-08.28.14:077][  0]LogMeshReduction: Using QuadricMeshReduction for automatic static mesh reduction
[2020.03.23-08.28.14:077][  0]LogMeshReduction: Using SimplygonMeshReduction for automatic skeletal mesh reduction
[2020.03.23-08.28.14:077][  0]LogMeshReduction: Using ProxyLODMeshReduction for automatic mesh merging
[2020.03.23-08.28.14:077][  0]LogMeshReduction: No distributed automatic mesh merging module available
[2020.03.23-08.28.14:077][  0]LogMeshMerging: No distributed automatic mesh merging module available
[2020.03.23-08.28.14:204][  0]LogNetVersion: SpaceDeliveryService 1.0.0, NetCL: 10570792, EngineNetVer: 13, GameNetVer: 0 (Checksum: 2260023959)
[2020.03.23-08.28.21:833][  0]LogPackageLocalizationCache: Processed 10 localized package path(s) for 1 prioritized culture(s) in 0.069499 seconds
[2020.03.23-08.28.21:847][  0]LogUObjectArray: 46750 objects as part of root set at end of initial load.
[2020.03.23-08.28.21:848][  0]LogUObjectAllocator: 8137160 out of 0 bytes used by permanent object pool.
[2020.03.23-08.28.21:848][  0]LogUObjectArray: CloseDisregardForGC: 0/0 objects in disregard for GC pool
[2020.03.23-08.28.25:505][  0]LogTcpMessaging: Initializing TcpMessaging bridge
[2020.03.23-08.28.25:535][  0]LogUdpMessaging: Initializing bridge on interface 0.0.0.0:0 to multicast group 230.0.0.1:6666.
[2020.03.23-08.28.26:266][  0]SourceControl: 소스 컨트롤이 꺼졌습니다.
[2020.03.23-08.28.26:266][  0]SourceControl: 소스 컨트롤이 꺼졌습니다.
[2020.03.23-08.28.26:311][  0]SourceControl: 소스 컨트롤이 꺼졌습니다.
[2020.03.23-08.28.26:352][  0]SourceControl: 소스 컨트롤이 꺼졌습니다.
[2020.03.23-08.28.26:392][  0]SourceControl: 소스 컨트롤이 꺼졌습니다.
[2020.03.23-08.28.27:943][  0]LogAndroidPermission: UAndroidPermissionCallbackProxy::GetInstance
[2020.03.23-08.28.28:134][  0]LogAudioCaptureCore: Display: No Audio Capture implementations found. Audio input will be silent.
[2020.03.23-08.28.28:134][  0]LogAudioCaptureCore: Display: No Audio Capture implementations found. Audio input will be silent.
[2020.03.23-08.28.28:742][  0]LogOcInput: OculusInput pre-init called
[2020.03.23-08.28.28:798][  0]LogWindows: Failed to load 'OVRPlugin.dll' (GetLastError=126)
[2020.03.23-08.28.28:799][  0]LogWindows: File 'OVRPlugin.dll' does not exist
[2020.03.23-08.28.29:172][  0]LogEngine: Initializing Engine...
[2020.03.23-08.28.29:174][  0]LogHMD: Failed to initialize OpenVR with code 110
[2020.03.23-08.28.29:176][  0]LogStats: UGameplayTagsManager::InitializeManager -  0.000 s
[2020.03.23-08.28.30:115][  0]LogInit: Initializing FReadOnlyCVARCache
[2020.03.23-08.28.30:304][  0]LogAIModule: Creating AISystem for world Untitled
[2020.03.23-08.28.30:344][  0]LogAudioMixer: Display: Audio Mixer Platform Settings:
[2020.03.23-08.28.30:344][  0]LogAudioMixer: Display: 	Sample Rate:						  48000
[2020.03.23-08.28.30:344][  0]LogAudioMixer: Display: 	Callback Buffer Frame Size Requested: 1024
[2020.03.23-08.28.30:344][  0]LogAudioMixer: Display: 	Callback Buffer Frame Size To Use:	  1024
[2020.03.23-08.28.30:344][  0]LogAudioMixer: Display: 	Number of buffers to queue:			  2
[2020.03.23-08.28.30:344][  0]LogAudioMixer: Display: 	Max Channels (voices):				  32
[2020.03.23-08.28.30:344][  0]LogAudioMixer: Display: 	Number of Async Source Workers:		  0
[2020.03.23-08.28.30:344][  0]LogAudio: Display: AudioDevice MaxSources: 32
[2020.03.23-08.28.30:345][  0]LogAudio: Display: Using built-in audio occlusion.
[2020.03.23-08.28.30:345][  0]LogAudioMixer: Display: Initializing audio mixer.
[2020.03.23-08.28.30:414][  0]LogAudioMixer: Display: Audio Device Output Speaker Info:
[2020.03.23-08.28.30:414][  0]LogAudioMixer: Display: Name: 스피커(2- Realtek(R) Audio)
[2020.03.23-08.28.30:414][  0]LogAudioMixer: Display: Is Default: Yes
[2020.03.23-08.28.30:414][  0]LogAudioMixer: Display: Sample Rate: 48000
[2020.03.23-08.28.30:414][  0]LogAudioMixer: Display: Channel Count Used: 2
[2020.03.23-08.28.30:414][  0]LogAudioMixer: Display: Device Channel Count: 2
[2020.03.23-08.28.30:414][  0]LogAudioMixer: Display: Channel Order:
[2020.03.23-08.28.30:414][  0]LogAudioMixer: Display: 0: FrontLeft
[2020.03.23-08.28.30:414][  0]LogAudioMixer: Display: 1: FrontRight
[2020.03.23-08.28.30:483][  0]LogAudioMixer: Display: Using Audio Device 스피커(2- Realtek(R) Audio)
[2020.03.23-08.28.30:495][  0]LogInit: FAudioDevice initialized.
[2020.03.23-08.28.30:496][  0]LogNetVersion: Set ProjectVersion to 1.0.0.0. Version Checksum will be recalculated on next use.
[2020.03.23-08.28.30:596][  0]LogDerivedDataCache: Saved boot cache 0.10s 78MB C:/Users/HY_Raptop/AppData/Local/UnrealEngine/4.24/DerivedDataCache/Boot.ddc.
[2020.03.23-08.28.30:597][  0]LogInit: Texture streaming: Enabled
[2020.03.23-08.28.30:770][  0]LogEngineSessionManager: EngineSessionManager initialized
[2020.03.23-08.28.30:771][  0]LogEngineSessionManager: EngineSessionManager sent abnormal shutdown report. Type=Crashed, SessionId={4C9514FF-4DC3-40E3-1024-B5802BE73677}
[2020.03.23-08.28.30:771][  0]LogEditorSessionSummary: Verbose: Initializing EditorSessionSummaryWriter for editor session tracking
[2020.03.23-08.28.30:776][  0]LogEditorSessionSummary: EditorSessionSummaryWriter initialized
[2020.03.23-08.28.31:050][  0]LogInit: Transaction tracking system initialized
[2020.03.23-08.28.31:541][  0]BlueprintLog: New page: 에디터 로드
[2020.03.23-08.28.32:407][  0]LocalizationService: 현지화 서비스가 비활성화되었습니다.
[2020.03.23-08.28.33:813][  0]LogFileCache: Scanning file cache for directory 'C:/Users/HY_Raptop/OneDrive/Desktop/GitHub/SpaceDeliveryService/SpaceDeliveryService/Content/' took 0.00s
[2020.03.23-08.28.33:813][  0]LogCook: Display: Max memory allowance for cook 16384mb min free memory 0mb
[2020.03.23-08.28.33:813][  0]LogCook: Display: Mobile HDR setting 1
[2020.03.23-08.28.36:542][  0]SourceControl: 소스 컨트롤이 꺼졌습니다.
[2020.03.23-08.28.36:542][  0]Cmd: MAP LOAD FILE="../../../Engine/Content/Maps/Templates/Template_Default.umap" TEMPLATE=1 SHOWPROGRESS=1 FEATURELEVEL=3
[2020.03.23-08.28.36:544][  0]LightingResults: New page: 라이팅 빌드
[2020.03.23-08.28.36:565][  0]LogWorld: UWorld::CleanupWorld for Untitled, bSessionEnded=true, bCleanupResources=true
[2020.03.23-08.28.36:565][  0]LogSlate: InvalidateAllWidgets triggered.  All widgets were invalidated
[2020.03.23-08.28.36:565][  0]MapCheck: New page: 맵 체크
[2020.03.23-08.28.36:565][  0]LightingResults: New page: 라이팅 빌드
[2020.03.23-08.28.36:604][  0]LogUObjectHash: Compacting FUObjectHashTables data took   2.27ms
[2020.03.23-08.28.36:807][  0]LogAIModule: Creating AISystem for world Untitled_1
[2020.03.23-08.28.36:821][  0]LogEditorServer: Finished looking for orphan Actors (0.000 secs)
[2020.03.23-08.28.36:873][  0]LogUObjectHash: Compacting FUObjectHashTables data took   5.81ms
[2020.03.23-08.28.36:874][  0]Cmd: MAP CHECKDEP NOCLEARLOG
[2020.03.23-08.28.36:875][  0]MapCheck: 맵 체크 완료: 오류 0 회, 경고 0 회, 소요 시간 0.625ms.
[2020.03.23-08.28.36:875][  0]LogFileHelpers: Loading map 'Template_Default' took 0.333
[2020.03.23-08.28.37:287][  0]LogSlate: Updating window title bar state: overlay mode, drag disabled, window buttons hidden, title bar hidden
[2020.03.23-08.28.37:306][  0]LogSlate: Updating window title bar state: overlay mode, drag disabled, window buttons hidden, title bar hidden
[2020.03.23-08.28.37:326][  0]LogSlate: Updating window title bar state: overlay mode, drag disabled, window buttons hidden, title bar hidden
[2020.03.23-08.28.37:346][  0]LogSlate: Updating window title bar state: overlay mode, drag disabled, window buttons hidden, title bar hidden
[2020.03.23-08.28.37:404][  0]LogCollectionManager: Loaded 0 collections in 0.005850 seconds
[2020.03.23-08.28.37:463][  0]LogFileCache: Scanning file cache for directory 'C:/Users/HY_Raptop/OneDrive/Desktop/GitHub/SpaceDeliveryService/SpaceDeliveryService/Saved/Collections/' took 0.00s
[2020.03.23-08.28.37:463][  0]LogFileCache: Scanning file cache for directory 'C:/Users/HY_Raptop/OneDrive/Desktop/GitHub/SpaceDeliveryService/SpaceDeliveryService/Content/Developers/HYRaptop/Collections/' took 0.00s
[2020.03.23-08.28.37:463][  0]LogFileCache: Scanning file cache for directory 'C:/Users/HY_Raptop/OneDrive/Desktop/GitHub/SpaceDeliveryService/SpaceDeliveryService/Content/Collections/' took 0.00s
[2020.03.23-08.28.37:464][  0]LogContentBrowser: Native class hierarchy populated in 0.0215 seconds. Added 3020 classes and 722 folders.
[2020.03.23-08.28.37:528][  0]LogContentBrowser: Native class hierarchy updated for 'WidgetCarousel' in 0.0006 seconds. Added 0 classes and 0 folders.
[2020.03.23-08.28.37:988][  0]LogContentBrowser: Native class hierarchy updated for 'AddContentDialog' in 0.0009 seconds. Added 0 classes and 0 folders.
[2020.03.23-08.28.38:269][  0]LogSlate: Took 0.002395 seconds to synchronously load lazily loaded font '../../../Engine/Content/Slate/Fonts/Roboto-Regular.ttf' (155K)
[2020.03.23-08.28.38:276][  0]LogSlate: Took 0.005392 seconds to synchronously load lazily loaded font '../../../Engine/Content/Editor/Slate/Fonts/NanumGothic.ttf' (4243K)
[2020.03.23-08.28.38:283][  0]LogSlate: Took 0.005770 seconds to synchronously load lazily loaded font '../../../Engine/Content/Editor/Slate/Fonts/NanumGothicBold.ttf' (4188K)
[2020.03.23-08.28.38:286][  0]LogSlate: Took 0.002252 seconds to synchronously load lazily loaded font '../../../Engine/Content/Slate/Fonts/Roboto-Bold.ttf' (160K)
[2020.03.23-08.28.38:296][  0]LogSlate: Took 0.001879 seconds to synchronously load lazily loaded font '../../../Engine/Content/Editor/Slate/Fonts/FontAwesome.ttf' (139K)
[2020.03.23-08.28.38:551][  0]LogRenderer: Reallocating scene render targets to support 1152x540 Format 10 NumSamples 1 (Frame:1).
[2020.03.23-08.28.38:986][  0]LogContentBrowser: Native class hierarchy updated for 'HierarchicalLODOutliner' in 0.0011 seconds. Added 0 classes and 0 folders.
[2020.03.23-08.28.38:986][  0]LogLoad: (Engine Initialization) Total time: 33.72 seconds
[2020.03.23-08.28.38:986][  0]LogLoad: (Engine Initialization) Total Blueprint compile time: 0.00 seconds
[2020.03.23-08.28.39:071][  0]LogContentStreaming: Texture pool size now 1000 MB
[2020.03.23-08.28.39:802][ 12]LogAssetRegistry: Asset discovery search completed in 27.8278 seconds
[2020.03.23-08.28.39:814][ 12]LogCollectionManager: Fixed up redirectors for 0 collections in 0.000013 seconds (updated 0 objects)
[2020.03.23-08.28.55:971][268]LogHotReload: New module detected: UE4Editor-SpaceDeliveryService-0001.dll
[2020.03.23-08.28.57:670][274]LogHotReload: Starting Hot-Reload from IDE
[2020.03.23-08.28.57:698][274]LogSlate: Took 0.005096 seconds to synchronously load lazily loaded font '../../../Engine/Content/Slate/Fonts/Roboto-Light.ttf' (167K)
[2020.03.23-08.28.57:770][274]LogUObjectHash: Compacting FUObjectHashTables data took   1.17ms
[2020.03.23-08.28.57:818][274]LogContentBrowser: Native class hierarchy updated for 'SpaceDeliveryService' in 0.0008 seconds. Added 3 classes and 2 folders.
[2020.03.23-08.28.57:822][274]Display: HotReload successful (0 functions remapped  0 scriptstructs remapped)
[2020.03.23-08.28.57:952][274]LogUObjectHash: Compacting FUObjectHashTables data took   2.41ms
[2020.03.23-08.28.57:985][274]LogContentBrowser: Native class hierarchy populated in 0.0194 seconds. Added 3020 classes and 722 folders.
[2020.03.23-08.28.58:020][274]Display: HotReload took  0.4s.
[2020.03.23-08.29.31:300][591]LogSlate: Took 0.000293 seconds to synchronously load lazily loaded font '../../../Engine/Content/Slate/Fonts/Roboto-Light.ttf' (167K)
[2020.03.23-08.29.40:958][894]LogSlate: WidgetSwitcher ('None') active index changed to -1
[2020.03.23-08.29.40:958][894]LogSlate: WidgetSwitcher ('None') active index changed to 0
[2020.03.23-08.29.41:028][894]LogSlate: Took 0.002222 seconds to synchronously load lazily loaded font '../../../Engine/Content/Slate/Fonts/Roboto-BoldCondensed.ttf' (158K)
[2020.03.23-08.29.45:366][113]LogSlate: WidgetSwitcher ('None') active index changed to 1
[2020.03.23-08.29.46:728][189]LogSlate: WidgetSwitcher ('None') active index changed to 0
[2020.03.23-08.30.18:371][  4]LogSlate: WidgetSwitcher ('None') active index changed to 1
[2020.03.23-08.30.26:328][426]Candidate modules for hot reload:
[2020.03.23-08.30.26:328][426]  SpaceDeliveryService
[2020.03.23-08.30.26:328][426]Launching UnrealBuildTool... [C:/Program Files/Epic Games/UE_4.24/Engine/Binaries/DotNET/UnrealBuildTool.exe  -ModuleWithSuffix=SpaceDeliveryService,1078 Win64 Development -TargetType=Editor -Project="C:/Users/HY_Raptop/OneDrive/Desktop/GitHub/SpaceDeliveryService/SpaceDeliveryService/SpaceDeliveryService.uproject" "C:/Users/HY_Raptop/OneDrive/Desktop/GitHub/SpaceDeliveryService/SpaceDeliveryService/SpaceDeliveryService.uproject"  -IgnoreJunk]
[2020.03.23-08.30.56:258][426]CompilerResultsLog: New page: 컴파일 - 2020. 3. 24. 오전 2:30:56
[2020.03.23-08.30.56:258][426]CompilerResultsLog: Using 'git status' to determine working set for adaptive non-unity build (C:\Users\HY_Raptop\OneDrive\Desktop\GitHub\SpaceDeliveryService).
[2020.03.23-08.30.56:259][426]CompilerResultsLog: Invalidating makefile for SpaceDeliveryServiceEditor (source file added)
[2020.03.23-08.30.56:259][426]CompilerResultsLog: Parsing headers for SpaceDeliveryServiceEditor
[2020.03.23-08.30.56:259][426]CompilerResultsLog:   Running UnrealHeaderTool "C:\Users\HY_Raptop\OneDrive\Desktop\GitHub\SpaceDeliveryService\SpaceDeliveryService\SpaceDeliveryService.uproject" "C:\Users\HY_Raptop\OneDrive\Desktop\GitHub\SpaceDeliveryService\SpaceDeliveryService\Intermediate\Build\Win64\SpaceDeliveryServiceEditor\Development\SpaceDeliveryServiceEditor.uhtmanifest" -LogCmds="loginit warning, logexit warning, logdatabase error" -Unattended -WarningsAsErrors -installed
[2020.03.23-08.30.56:259][426]CompilerResultsLog: Reflection code generated for SpaceDeliveryServiceEditor in 15.2186339 seconds
[2020.03.23-08.30.56:259][426]CompilerResultsLog: Building SpaceDeliveryServiceEditor...
[2020.03.23-08.30.56:259][426]CompilerResultsLog: Using Visual Studio 2017 14.16.27038 toolchain (C:\Program Files (x86)\Microsoft Visual Studio\2017\Community\VC\Tools\MSVC\14.16.27023) and Windows 10.0.17763.0 SDK (C:\Program Files (x86)\Windows Kits\10).
[2020.03.23-08.30.56:259][426]CompilerResultsLog: Building 6 actions with 8 processes...
[2020.03.23-08.30.56:259][426]CompilerResultsLog:   [1/6] SpaceDeliveryService.init.gen.cpp
[2020.03.23-08.30.56:259][426]CompilerResultsLog:   [2/6] SDS_Ship.cpp
[2020.03.23-08.30.56:259][426]CompilerResultsLog:   [3/6] SDS_Ship.gen.cpp
[2020.03.23-08.30.56:259][426]CompilerResultsLog:   [4/6] UE4Editor-SpaceDeliveryService-1078.lib
[2020.03.23-08.30.56:259][426]CompilerResultsLog:      C:\Users\HY_Raptop\OneDrive\Desktop\GitHub\SpaceDeliveryService\SpaceDeliveryService\Intermediate\Build\Win64\UE4Editor\Development\SpaceDeliveryService\UE4Editor-SpaceDeliveryService-1078.lib ???̺귯?? ?? C:\Users\HY_Raptop\OneDrive\Desktop\GitHub\SpaceDeliveryService\SpaceDeliveryService\Intermediate\Build\Win64\UE4Editor\Development\SpaceDeliveryService\UE4Editor-SpaceDeliveryService-1078.exp ??ü?? ?????ϰ? ?ֽ??ϴ?.
[2020.03.23-08.30.56:259][426]CompilerResultsLog:   [5/6] UE4Editor-SpaceDeliveryService-1078.dll
[2020.03.23-08.30.56:259][426]CompilerResultsLog:      C:\Users\HY_Raptop\OneDrive\Desktop\GitHub\SpaceDeliveryService\SpaceDeliveryService\Intermediate\Build\Win64\UE4Editor\Development\SpaceDeliveryService\UE4Editor-SpaceDeliveryService-1078.suppressed.lib ???̺귯?? ?? C:\Users\HY_Raptop\OneDrive\Desktop\GitHub\SpaceDeliveryService\SpaceDeliveryService\Intermediate\Build\Win64\UE4Editor\Development\SpaceDeliveryService\UE4Editor-SpaceDeliveryService-1078.suppressed.exp ??ü?? ?????ϰ? ?ֽ??ϴ?.
[2020.03.23-08.30.56:260][426]CompilerResultsLog:   [6/6] SpaceDeliveryServiceEditor.target
[2020.03.23-08.30.56:260][426]CompilerResultsLog: Total time in Parallel executor: 8.63 seconds
[2020.03.23-08.30.56:260][426]CompilerResultsLog: Total execution time: 29.68 seconds
[2020.03.23-08.30.56:260][426]LogMainFrame: MainFrame: Module compiling took 29.953 seconds
[2020.03.23-08.30.56:306][426]LogUObjectHash: Compacting FUObjectHashTables data took   1.91ms
[2020.03.23-08.30.56:366][426]LogClass: Could not find existing class SDS_Ship in package /Script/SpaceDeliveryService for HotReload, assuming new class
[2020.03.23-08.30.56:378][426]LogContentBrowser: Native class hierarchy updated for 'SpaceDeliveryService' in 0.0010 seconds. Added 4 classes and 2 folders.
[2020.03.23-08.30.56:385][426]Display: HotReload successful (0 functions remapped  0 scriptstructs remapped)
[2020.03.23-08.30.56:539][426]LogUObjectHash: Compacting FUObjectHashTables data took   3.57ms
[2020.03.23-08.30.56:578][426]LogContentBrowser: Native class hierarchy populated in 0.0248 seconds. Added 3021 classes and 722 folders.
[2020.03.23-08.30.56:578][426]Display: HotReload took 30.3s.
[2020.03.23-08.30.56:590][426]Warning: HotReload operation took 30.3s.
[2020.03.23-08.30.57:428][426]LogSlate: Window 'C++ 클래스 추가' being destroyed
[2020.03.23-08.30.57:437][426]LogHotReload: New module detected: UE4Editor-SpaceDeliveryService-1078.dll
[2020.03.23-08.30.57:574][427]LogHotReload: Starting Hot-Reload from IDE
[2020.03.23-08.30.57:692][427]LogUObjectHash: Compacting FUObjectHashTables data took   1.81ms
[2020.03.23-08.30.57:702][427]LogContentBrowser: Native class hierarchy updated for 'SpaceDeliveryService' in 0.0010 seconds. Added 4 classes and 2 folders.
[2020.03.23-08.30.57:710][427]Display: HotReload successful (0 functions remapped  0 scriptstructs remapped)
[2020.03.23-08.30.57:758][427]LogUObjectHash: Compacting FUObjectHashTables data took   1.89ms
[2020.03.23-08.30.57:796][427]LogContentBrowser: Native class hierarchy populated in 0.0241 seconds. Added 3021 classes and 722 folders.
[2020.03.23-08.30.57:817][427]Display: HotReload took  0.2s.
[2020.03.23-08.31.01:472][575]LogFileHelpers: Warning: PromptForCheckoutAndSave attempted to save a compiled in package: /Script/SpaceDeliveryService
[2020.03.23-08.31.56:233][744]LogHotReload: New module detected: UE4Editor-SpaceDeliveryService-0003.dll
[2020.03.23-08.33.36:076][ 42]LogHotReload: New module detected: UE4Editor-SpaceDeliveryService-0004.dll
[2020.03.23-08.34.36:406][222]LogHotReload: New module detected: UE4Editor-SpaceDeliveryService-0005.dll
[2020.03.23-08.34.38:115][228]LogHotReload: Starting Hot-Reload from IDE
[2020.03.23-08.34.38:207][228]LogUObjectHash: Compacting FUObjectHashTables data took   1.00ms
[2020.03.23-08.34.38:247][228]LogContentBrowser: Native class hierarchy updated for 'SpaceDeliveryService' in 0.0007 seconds. Added 4 classes and 2 folders.
[2020.03.23-08.34.38:251][228]Display: HotReload successful (0 functions remapped  0 scriptstructs remapped)
[2020.03.23-08.34.38:379][228]LogUObjectHash: Compacting FUObjectHashTables data took   4.13ms
[2020.03.23-08.34.38:433][228]LogContentBrowser: Native class hierarchy populated in 0.0376 seconds. Added 3021 classes and 722 folders.
[2020.03.23-08.34.38:538][228]Display: HotReload took  0.4s.
[2020.03.23-08.35.03:510][302]LogHotReload: New module detected: UE4Editor-SpaceDeliveryService-0006.dll
[2020.03.23-08.35.05:211][308]LogHotReload: Starting Hot-Reload from IDE
[2020.03.23-08.35.05:305][308]LogUObjectHash: Compacting FUObjectHashTables data took   1.12ms
[2020.03.23-08.35.05:344][308]LogHotReload: Re-instancing SDS_GameMode after hot-reload.
[2020.03.23-08.35.05:487][308]LogContentBrowser: Native class hierarchy updated for 'SpaceDeliveryService' in 0.0006 seconds. Added 4 classes and 2 folders.
[2020.03.23-08.35.05:490][308]Display: HotReload successful (0 functions remapped  0 scriptstructs remapped)
[2020.03.23-08.35.05:570][308]LogUObjectHash: Compacting FUObjectHashTables data took   1.70ms
[2020.03.23-08.35.05:584][308]LogContentBrowser: Native class hierarchy populated in 0.0091 seconds. Added 3021 classes and 722 folders.
[2020.03.23-08.35.05:597][308]Display: HotReload took  0.4s.
[2020.03.23-08.35.10:401][467]LogSlate: Prevented a slow task dialog from being summoned while a context menu was open
[2020.03.23-08.35.14:939][709]LogTemp: Repeating last play command: 선택된 뷰포트
[2020.03.23-08.35.14:959][709]LogPlayLevel: PlayLevel: No blueprints needed recompiling
[2020.03.23-08.35.14:960][709]PIE: New page: PIE 세션: Untitled_1 (2020. 3. 24. 오전 2:35:14)
[2020.03.23-08.35.14:961][709]LogOnline: OSS: Creating online subsystem instance for: NULL
[2020.03.23-08.35.14:963][709]LogOnline: OSS: TryLoadSubsystemAndSetDefault: Loaded subsystem for module [NULL]
[2020.03.23-08.35.14:964][709]LogPlayLevel: Creating play world package: /Temp/UEDPIE_0_Untitled_1
[2020.03.23-08.35.14:969][709]LogPlayLevel: PIE: StaticDuplicateObject took: (0.004525s)
[2020.03.23-08.35.14:970][709]LogAIModule: Creating AISystem for world Untitled_1
[2020.03.23-08.35.14:971][709]LogPlayLevel: PIE: World Init took: (0.001787s)
[2020.03.23-08.35.14:971][709]LogPlayLevel: PIE: Created PIE world by copying editor world from /Temp/Untitled_1.Untitled_1 to /Temp/UEDPIE_0_Untitled_1.Untitled_1 (0.006750s)
[2020.03.23-08.35.15:010][709]LogUObjectHash: Compacting FUObjectHashTables data took   2.36ms
[2020.03.23-08.35.15:014][709]LogAudioMixer: Display: Audio Mixer Platform Settings:
[2020.03.23-08.35.15:014][709]LogAudioMixer: Display: 	Sample Rate:						  48000
[2020.03.23-08.35.15:014][709]LogAudioMixer: Display: 	Callback Buffer Frame Size Requested: 1024
[2020.03.23-08.35.15:014][709]LogAudioMixer: Display: 	Callback Buffer Frame Size To Use:	  1024
[2020.03.23-08.35.15:014][709]LogAudioMixer: Display: 	Number of buffers to queue:			  2
[2020.03.23-08.35.15:014][709]LogAudioMixer: Display: 	Max Channels (voices):				  32
[2020.03.23-08.35.15:014][709]LogAudioMixer: Display: 	Number of Async Source Workers:		  0
[2020.03.23-08.35.15:014][709]LogAudio: Display: AudioDevice MaxSources: 32
[2020.03.23-08.35.15:015][709]LogAudio: Display: Using built-in audio occlusion.
[2020.03.23-08.35.15:015][709]LogAudioMixer: Display: Initializing audio mixer.
[2020.03.23-08.35.15:036][709]LogAudioMixer: Display: Audio Device Output Speaker Info:
[2020.03.23-08.35.15:036][709]LogAudioMixer: Display: Name: 스피커(2- Realtek(R) Audio)
[2020.03.23-08.35.15:036][709]LogAudioMixer: Display: Is Default: Yes
[2020.03.23-08.35.15:036][709]LogAudioMixer: Display: Sample Rate: 48000
[2020.03.23-08.35.15:036][709]LogAudioMixer: Display: Channel Count Used: 2
[2020.03.23-08.35.15:036][709]LogAudioMixer: Display: Device Channel Count: 2
[2020.03.23-08.35.15:036][709]LogAudioMixer: Display: Channel Order:
[2020.03.23-08.35.15:036][709]LogAudioMixer: Display: 0: FrontLeft
[2020.03.23-08.35.15:036][709]LogAudioMixer: Display: 1: FrontRight
[2020.03.23-08.35.15:089][709]LogAudioMixer: Display: Using Audio Device 스피커(2- Realtek(R) Audio)
[2020.03.23-08.35.15:094][709]LogInit: FAudioDevice initialized.
[2020.03.23-08.35.15:124][709]LogLoad: Game class is 'SDS_GameMode'
[2020.03.23-08.35.15:131][709]LogWorld: Bringing World /Temp/UEDPIE_0_Untitled_1.Untitled_1 up for play (max tick rate 60) at 2020.03.23-17.35.15
[2020.03.23-08.35.15:133][709]LogWorld: Bringing up level for play took: 0.003339
[2020.03.23-08.35.15:134][709]LogOnline: OSS: Creating online subsystem instance for: :Context_1
[2020.03.23-08.35.15:582][709]LogContentBrowser: Native class hierarchy updated for 'MovieSceneCapture' in 0.0012 seconds. Added 20 classes and 0 folders.
[2020.03.23-08.35.15:598][709]PIE: /Temp/UEDPIE_0_Untitled_1 에 대한 에디터에서 플레이 시작 시간: -0.136
[2020.03.23-08.35.21:839][ 41]LogAudioMixer: Display: No commands were queued while flushing the source manager.
[2020.03.23-08.35.21:839][ 41]LogAudioMixer: Display: No commands were queued while flushing the source manager.
[2020.03.23-08.35.21:840][ 41]LogSlate: Updating window title bar state: overlay mode, drag disabled, window buttons hidden, title bar hidden
[2020.03.23-08.35.21:840][ 41]LogWorld: BeginTearingDown for /Temp/UEDPIE_0_Untitled_1
[2020.03.23-08.35.21:841][ 41]LogAudioMixer: Display: No commands were queued while flushing the source manager.
[2020.03.23-08.35.21:842][ 41]LogWorld: UWorld::CleanupWorld for Untitled_1, bSessionEnded=true, bCleanupResources=true
[2020.03.23-08.35.21:844][ 41]LogSlate: InvalidateAllWidgets triggered.  All widgets were invalidated
[2020.03.23-08.35.21:862][ 41]LogPlayLevel: Display: Shutting down PIE online subsystems
[2020.03.23-08.35.21:868][ 41]LogSlate: InvalidateAllWidgets triggered.  All widgets were invalidated
[2020.03.23-08.35.21:903][ 41]LogAudioMixer: Display: No commands were queued while flushing the source manager.
[2020.03.23-08.35.21:908][ 41]LogSlate: Updating window title bar state: overlay mode, drag disabled, window buttons hidden, title bar hidden
[2020.03.23-08.35.21:915][ 41]LogUObjectHash: Compacting FUObjectHashTables data took   2.01ms
[2020.03.23-08.35.21:940][ 42]LogPlayLevel: Display: Destroying online subsystem :Context_1
[2020.03.23-08.35.35:345][158]LogAudioMixer: Display: Audio Buffer Underrun detected.
[2020.03.23-08.35.35:345][158]LogAudioMixer: Display: Audio Buffer Underrun detected.
[2020.03.23-08.36.01:573][235]LogHotReload: New module detected: UE4Editor-SpaceDeliveryService-0007.dll
[2020.03.23-08.36.03:275][241]LogHotReload: Starting Hot-Reload from IDE
[2020.03.23-08.36.03:370][241]LogUObjectHash: Compacting FUObjectHashTables data took   1.34ms
[2020.03.23-08.36.03:419][241]LogHotReload: Re-instancing SDS_Ship after hot-reload.
[2020.03.23-08.36.03:617][241]LogContentBrowser: Native class hierarchy updated for 'SpaceDeliveryService' in 0.0011 seconds. Added 4 classes and 2 folders.
[2020.03.23-08.36.03:624][241]Display: HotReload successful (0 functions remapped  0 scriptstructs remapped)
[2020.03.23-08.36.03:767][241]LogUObjectHash: Compacting FUObjectHashTables data took   2.37ms
[2020.03.23-08.36.03:794][241]LogContentBrowser: Native class hierarchy populated in 0.0181 seconds. Added 3021 classes and 722 folders.
[2020.03.23-08.36.03:810][241]Display: HotReload took  0.5s.
[2020.03.23-08.36.06:861][296]LogTemp: Repeating last play command: 선택된 뷰포트
[2020.03.23-08.36.06:875][296]LogPlayLevel: PlayLevel: No blueprints needed recompiling
[2020.03.23-08.36.06:875][296]PIE: New page: PIE 세션: Untitled_1 (2020. 3. 24. 오전 2:36:06)
[2020.03.23-08.36.06:875][296]LogPlayLevel: Creating play world package: /Temp/UEDPIE_0_Untitled_1
[2020.03.23-08.36.06:879][296]LogPlayLevel: PIE: StaticDuplicateObject took: (0.003211s)
[2020.03.23-08.36.06:880][296]LogAIModule: Creating AISystem for world Untitled_1
[2020.03.23-08.36.06:881][296]LogPlayLevel: PIE: World Init took: (0.002091s)
[2020.03.23-08.36.06:881][296]LogPlayLevel: PIE: Created PIE world by copying editor world from /Temp/Untitled_1.Untitled_1 to /Temp/UEDPIE_0_Untitled_1.Untitled_1 (0.005633s)
[2020.03.23-08.36.06:925][296]LogUObjectHash: Compacting FUObjectHashTables data took   2.25ms
[2020.03.23-08.36.06:925][296]LogAudioMixer: Display: Audio Mixer Platform Settings:
[2020.03.23-08.36.06:925][296]LogAudioMixer: Display: 	Sample Rate:						  48000
[2020.03.23-08.36.06:925][296]LogAudioMixer: Display: 	Callback Buffer Frame Size Requested: 1024
[2020.03.23-08.36.06:925][296]LogAudioMixer: Display: 	Callback Buffer Frame Size To Use:	  1024
[2020.03.23-08.36.06:925][296]LogAudioMixer: Display: 	Number of buffers to queue:			  2
[2020.03.23-08.36.06:925][296]LogAudioMixer: Display: 	Max Channels (voices):				  32
[2020.03.23-08.36.06:925][296]LogAudioMixer: Display: 	Number of Async Source Workers:		  0
[2020.03.23-08.36.06:925][296]LogAudio: Display: AudioDevice MaxSources: 32
[2020.03.23-08.36.06:926][296]LogAudio: Display: Using built-in audio occlusion.
[2020.03.23-08.36.06:926][296]LogAudioMixer: Display: Initializing audio mixer.
[2020.03.23-08.36.06:948][296]LogAudioMixer: Display: Audio Device Output Speaker Info:
[2020.03.23-08.36.06:948][296]LogAudioMixer: Display: Name: 스피커(2- Realtek(R) Audio)
[2020.03.23-08.36.06:948][296]LogAudioMixer: Display: Is Default: Yes
[2020.03.23-08.36.06:948][296]LogAudioMixer: Display: Sample Rate: 48000
[2020.03.23-08.36.06:948][296]LogAudioMixer: Display: Channel Count Used: 2
[2020.03.23-08.36.06:948][296]LogAudioMixer: Display: Device Channel Count: 2
[2020.03.23-08.36.06:948][296]LogAudioMixer: Display: Channel Order:
[2020.03.23-08.36.06:948][296]LogAudioMixer: Display: 0: FrontLeft
[2020.03.23-08.36.06:948][296]LogAudioMixer: Display: 1: FrontRight
[2020.03.23-08.36.06:989][296]LogAudioMixer: Display: Using Audio Device 스피커(2- Realtek(R) Audio)
[2020.03.23-08.36.06:992][296]LogInit: FAudioDevice initialized.
[2020.03.23-08.36.07:005][296]LogLoad: Game class is 'SDS_GameMode'
[2020.03.23-08.36.07:006][296]LogWorld: Bringing World /Temp/UEDPIE_0_Untitled_1.Untitled_1 up for play (max tick rate 60) at 2020.03.23-17.36.07
[2020.03.23-08.36.07:006][296]LogWorld: Bringing up level for play took: 0.000648
[2020.03.23-08.36.07:006][296]LogOnline: OSS: Creating online subsystem instance for: :Context_2
[2020.03.23-08.36.07:009][296]PIE: /Temp/UEDPIE_0_Untitled_1 에 대한 에디터에서 플레이 시작 시간: -0.726
[2020.03.23-08.36.10:747][483]LogAudioMixer: Display: No commands were queued while flushing the source manager.
[2020.03.23-08.36.10:747][483]LogAudioMixer: Display: No commands were queued while flushing the source manager.
[2020.03.23-08.36.10:747][483]LogSlate: Updating window title bar state: overlay mode, drag disabled, window buttons hidden, title bar hidden
[2020.03.23-08.36.10:747][483]LogWorld: BeginTearingDown for /Temp/UEDPIE_0_Untitled_1
[2020.03.23-08.36.10:747][483]LogAudioMixer: Display: No commands were queued while flushing the source manager.
[2020.03.23-08.36.10:747][483]LogWorld: UWorld::CleanupWorld for Untitled_1, bSessionEnded=true, bCleanupResources=true
[2020.03.23-08.36.10:747][483]LogSlate: InvalidateAllWidgets triggered.  All widgets were invalidated
[2020.03.23-08.36.10:764][483]LogPlayLevel: Display: Shutting down PIE online subsystems
[2020.03.23-08.36.10:770][483]LogSlate: InvalidateAllWidgets triggered.  All widgets were invalidated
[2020.03.23-08.36.10:806][483]LogAudioMixer: Display: No commands were queued while flushing the source manager.
[2020.03.23-08.36.10:810][483]LogSlate: Updating window title bar state: overlay mode, drag disabled, window buttons hidden, title bar hidden
[2020.03.23-08.36.10:812][483]LogUObjectHash: Compacting FUObjectHashTables data took   1.96ms
[2020.03.23-08.36.10:865][485]LogPlayLevel: Display: Destroying online subsystem :Context_2
[2020.03.23-08.36.14:166][668]LogTemp: Repeating last play command: 선택된 뷰포트
[2020.03.23-08.36.14:176][668]LogPlayLevel: PlayLevel: No blueprints needed recompiling
[2020.03.23-08.36.14:176][668]PIE: New page: PIE 세션: Untitled_1 (2020. 3. 24. 오전 2:36:14)
[2020.03.23-08.36.14:176][668]LogPlayLevel: Creating play world package: /Temp/UEDPIE_0_Untitled_1
[2020.03.23-08.36.14:180][668]LogPlayLevel: PIE: StaticDuplicateObject took: (0.003981s)
[2020.03.23-08.36.14:183][668]LogAIModule: Creating AISystem for world Untitled_1
[2020.03.23-08.36.14:184][668]LogPlayLevel: PIE: World Init took: (0.003571s)
[2020.03.23-08.36.14:185][668]LogPlayLevel: PIE: Created PIE world by copying editor world from /Temp/Untitled_1.Untitled_1 to /Temp/UEDPIE_0_Untitled_1.Untitled_1 (0.008153s)
[2020.03.23-08.36.14:226][668]LogUObjectHash: Compacting FUObjectHashTables data took   2.46ms
[2020.03.23-08.36.14:228][668]LogAudioMixer: Display: Audio Mixer Platform Settings:
[2020.03.23-08.36.14:228][668]LogAudioMixer: Display: 	Sample Rate:						  48000
[2020.03.23-08.36.14:228][668]LogAudioMixer: Display: 	Callback Buffer Frame Size Requested: 1024
[2020.03.23-08.36.14:228][668]LogAudioMixer: Display: 	Callback Buffer Frame Size To Use:	  1024
[2020.03.23-08.36.14:228][668]LogAudioMixer: Display: 	Number of buffers to queue:			  2
[2020.03.23-08.36.14:228][668]LogAudioMixer: Display: 	Max Channels (voices):				  32
[2020.03.23-08.36.14:228][668]LogAudioMixer: Display: 	Number of Async Source Workers:		  0
[2020.03.23-08.36.14:228][668]LogAudio: Display: AudioDevice MaxSources: 32
[2020.03.23-08.36.14:229][668]LogAudio: Display: Using built-in audio occlusion.
[2020.03.23-08.36.14:229][668]LogAudioMixer: Display: Initializing audio mixer.
[2020.03.23-08.36.14:249][668]LogAudioMixer: Display: Audio Device Output Speaker Info:
[2020.03.23-08.36.14:249][668]LogAudioMixer: Display: Name: 스피커(2- Realtek(R) Audio)
[2020.03.23-08.36.14:249][668]LogAudioMixer: Display: Is Default: Yes
[2020.03.23-08.36.14:249][668]LogAudioMixer: Display: Sample Rate: 48000
[2020.03.23-08.36.14:249][668]LogAudioMixer: Display: Channel Count Used: 2
[2020.03.23-08.36.14:249][668]LogAudioMixer: Display: Device Channel Count: 2
[2020.03.23-08.36.14:249][668]LogAudioMixer: Display: Channel Order:
[2020.03.23-08.36.14:249][668]LogAudioMixer: Display: 0: FrontLeft
[2020.03.23-08.36.14:249][668]LogAudioMixer: Display: 1: FrontRight
[2020.03.23-08.36.14:285][668]LogAudioMixer: Display: Using Audio Device 스피커(2- Realtek(R) Audio)
[2020.03.23-08.36.14:287][668]LogInit: FAudioDevice initialized.
[2020.03.23-08.36.14:296][668]LogLoad: Game class is 'SDS_GameMode'
[2020.03.23-08.36.14:297][668]LogWorld: Bringing World /Temp/UEDPIE_0_Untitled_1.Untitled_1 up for play (max tick rate 60) at 2020.03.23-17.36.14
[2020.03.23-08.36.14:297][668]LogWorld: Bringing up level for play took: 0.000815
[2020.03.23-08.36.14:297][668]LogOnline: OSS: Creating online subsystem instance for: :Context_3
[2020.03.23-08.36.14:300][668]PIE: /Temp/UEDPIE_0_Untitled_1 에 대한 에디터에서 플레이 시작 시간: 0.565
[2020.03.23-08.36.14:960][692]LogSlate: Took 0.001929 seconds to synchronously load lazily loaded font '../../../Engine/Content/Slate/Fonts/DroidSansMono.ttf' (77K)
[2020.03.23-08.36.15:033][692]LogSlate: Took 0.004813 seconds to synchronously load lazily loaded font '../../../Engine/Content/Editor/Slate/Fonts/NanumGothicExtraBold.ttf' (4074K)
[2020.03.23-08.36.15:078][692]LogSlate: Took 0.008896 seconds to synchronously load lazily loaded font '../../../Engine/Content/Slate/Fonts/DroidSansFallback.ttf' (3848K)
[2020.03.23-08.36.15:079][692]LogSlate: Last resort fallback font was requested. Font: '../../../Engine/Content/Slate/Fonts/DroidSansFallback.ttf', Character: 'ϰ (U+03f0)'
[2020.03.23-08.36.15:094][692]LogSlate: Took 0.012413 seconds to synchronously load lazily loaded font '../../../Engine/Content/SlateDebug/Fonts/LastResort.ttf' (5269K)
[2020.03.23-08.36.17:675][826]Cmd: SELECT NONE
[2020.03.23-08.36.19:634][923]LogAudioMixer: Display: No commands were queued while flushing the source manager.
[2020.03.23-08.36.19:634][923]LogAudioMixer: Display: No commands were queued while flushing the source manager.
[2020.03.23-08.36.19:635][923]LogSlate: Updating window title bar state: overlay mode, drag disabled, window buttons hidden, title bar hidden
[2020.03.23-08.36.19:635][923]LogWorld: BeginTearingDown for /Temp/UEDPIE_0_Untitled_1
[2020.03.23-08.36.19:635][923]LogAudioMixer: Display: No commands were queued while flushing the source manager.
[2020.03.23-08.36.19:635][923]LogWorld: UWorld::CleanupWorld for Untitled_1, bSessionEnded=true, bCleanupResources=true
[2020.03.23-08.36.19:635][923]LogSlate: InvalidateAllWidgets triggered.  All widgets were invalidated
[2020.03.23-08.36.19:649][923]LogPlayLevel: Display: Shutting down PIE online subsystems
[2020.03.23-08.36.19:652][923]LogSlate: InvalidateAllWidgets triggered.  All widgets were invalidated
[2020.03.23-08.36.19:685][923]LogAudioMixer: Display: No commands were queued while flushing the source manager.
[2020.03.23-08.36.19:688][923]LogSlate: Updating window title bar state: overlay mode, drag disabled, window buttons hidden, title bar hidden
[2020.03.23-08.36.19:691][923]LogUObjectHash: Compacting FUObjectHashTables data took   1.82ms
[2020.03.23-08.36.19:745][926]LogPlayLevel: Display: Destroying online subsystem :Context_3
[2020.03.23-08.36.41:708][ 28]LogHotReload: New module detected: UE4Editor-SpaceDeliveryService-0009.dll
[2020.03.23-08.36.43:404][ 34]LogHotReload: Starting Hot-Reload from IDE
[2020.03.23-08.36.43:498][ 34]LogUObjectHash: Compacting FUObjectHashTables data took   1.67ms
[2020.03.23-08.36.43:545][ 34]LogHotReload: Re-instancing SDS_GameMode after hot-reload.
[2020.03.23-08.36.43:707][ 34]LogHotReload: Re-instancing SDS_Ship after hot-reload.
[2020.03.23-08.36.43:902][ 34]LogContentBrowser: Native class hierarchy updated for 'SpaceDeliveryService' in 0.0008 seconds. Added 4 classes and 2 folders.
[2020.03.23-08.36.43:908][ 34]Display: HotReload successful (0 functions remapped  0 scriptstructs remapped)
[2020.03.23-08.36.44:027][ 34]LogUObjectHash: Compacting FUObjectHashTables data took   3.38ms
[2020.03.23-08.36.44:056][ 34]LogContentBrowser: Native class hierarchy populated in 0.0169 seconds. Added 3021 classes and 722 folders.
[2020.03.23-08.36.44:073][ 34]Display: HotReload took  0.7s.
[2020.03.23-08.36.46:784][ 42]LogTemp: Repeating last play command: 선택된 뷰포트
[2020.03.23-08.36.46:798][ 42]LogPlayLevel: PlayLevel: No blueprints needed recompiling
[2020.03.23-08.36.46:798][ 42]PIE: New page: PIE 세션: Untitled_1 (2020. 3. 24. 오전 2:36:46)
[2020.03.23-08.36.46:798][ 42]LogPlayLevel: Creating play world package: /Temp/UEDPIE_0_Untitled_1
[2020.03.23-08.36.46:801][ 42]LogPlayLevel: PIE: StaticDuplicateObject took: (0.003002s)
[2020.03.23-08.36.46:802][ 42]LogAIModule: Creating AISystem for world Untitled_1
[2020.03.23-08.36.46:803][ 42]LogPlayLevel: PIE: World Init took: (0.001628s)
[2020.03.23-08.36.46:803][ 42]LogPlayLevel: PIE: Created PIE world by copying editor world from /Temp/Untitled_1.Untitled_1 to /Temp/UEDPIE_0_Untitled_1.Untitled_1 (0.004890s)
[2020.03.23-08.36.46:844][ 42]LogUObjectHash: Compacting FUObjectHashTables data took   2.49ms
[2020.03.23-08.36.46:845][ 42]LogAudioMixer: Display: Audio Mixer Platform Settings:
[2020.03.23-08.36.46:845][ 42]LogAudioMixer: Display: 	Sample Rate:						  48000
[2020.03.23-08.36.46:845][ 42]LogAudioMixer: Display: 	Callback Buffer Frame Size Requested: 1024
[2020.03.23-08.36.46:845][ 42]LogAudioMixer: Display: 	Callback Buffer Frame Size To Use:	  1024
[2020.03.23-08.36.46:845][ 42]LogAudioMixer: Display: 	Number of buffers to queue:			  2
[2020.03.23-08.36.46:845][ 42]LogAudioMixer: Display: 	Max Channels (voices):				  32
[2020.03.23-08.36.46:845][ 42]LogAudioMixer: Display: 	Number of Async Source Workers:		  0
[2020.03.23-08.36.46:845][ 42]LogAudio: Display: AudioDevice MaxSources: 32
[2020.03.23-08.36.46:846][ 42]LogAudio: Display: Using built-in audio occlusion.
[2020.03.23-08.36.46:846][ 42]LogAudioMixer: Display: Initializing audio mixer.
[2020.03.23-08.36.46:867][ 42]LogAudioMixer: Display: Audio Device Output Speaker Info:
[2020.03.23-08.36.46:868][ 42]LogAudioMixer: Display: Name: 스피커(2- Realtek(R) Audio)
[2020.03.23-08.36.46:868][ 42]LogAudioMixer: Display: Is Default: Yes
[2020.03.23-08.36.46:868][ 42]LogAudioMixer: Display: Sample Rate: 48000
[2020.03.23-08.36.46:868][ 42]LogAudioMixer: Display: Channel Count Used: 2
[2020.03.23-08.36.46:868][ 42]LogAudioMixer: Display: Device Channel Count: 2
[2020.03.23-08.36.46:868][ 42]LogAudioMixer: Display: Channel Order:
[2020.03.23-08.36.46:868][ 42]LogAudioMixer: Display: 0: FrontLeft
[2020.03.23-08.36.46:868][ 42]LogAudioMixer: Display: 1: FrontRight
[2020.03.23-08.36.46:915][ 42]LogAudioMixer: Display: Using Audio Device 스피커(2- Realtek(R) Audio)
[2020.03.23-08.36.46:918][ 42]LogInit: FAudioDevice initialized.
[2020.03.23-08.36.46:932][ 42]LogLoad: Game class is 'SDS_GameMode'
[2020.03.23-08.36.46:934][ 42]LogWorld: Bringing World /Temp/UEDPIE_0_Untitled_1.Untitled_1 up for play (max tick rate 60) at 2020.03.23-17.36.46
[2020.03.23-08.36.46:934][ 42]LogWorld: Bringing up level for play took: 0.000846
[2020.03.23-08.36.46:934][ 42]LogOnline: OSS: Creating online subsystem instance for: :Context_4
[2020.03.23-08.36.46:937][ 42]PIE: /Temp/UEDPIE_0_Untitled_1 에 대한 에디터에서 플레이 시작 시간: -0.798
[2020.03.23-08.37.11:121][464]LogAudioMixer: Display: No commands were queued while flushing the source manager.
[2020.03.23-08.37.11:121][464]LogAudioMixer: Display: No commands were queued while flushing the source manager.
[2020.03.23-08.37.11:121][464]LogSlate: Updating window title bar state: overlay mode, drag disabled, window buttons hidden, title bar hidden
[2020.03.23-08.37.11:121][464]LogWorld: BeginTearingDown for /Temp/UEDPIE_0_Untitled_1
[2020.03.23-08.37.11:121][464]LogAudioMixer: Display: No commands were queued while flushing the source manager.
[2020.03.23-08.37.11:121][464]LogWorld: UWorld::CleanupWorld for Untitled_1, bSessionEnded=true, bCleanupResources=true
[2020.03.23-08.37.11:122][464]LogSlate: InvalidateAllWidgets triggered.  All widgets were invalidated
[2020.03.23-08.37.11:136][464]LogPlayLevel: Display: Shutting down PIE online subsystems
[2020.03.23-08.37.11:140][464]LogSlate: InvalidateAllWidgets triggered.  All widgets were invalidated
[2020.03.23-08.37.11:170][464]LogAudioMixer: Display: No commands were queued while flushing the source manager.
[2020.03.23-08.37.11:173][464]LogSlate: Updating window title bar state: overlay mode, drag disabled, window buttons hidden, title bar hidden
[2020.03.23-08.37.11:176][464]LogUObjectHash: Compacting FUObjectHashTables data took   1.76ms
[2020.03.23-08.37.11:230][466]LogPlayLevel: Display: Destroying online subsystem :Context_4
[2020.03.23-08.37.28:895][643]LogHotReload: New module detected: UE4Editor-SpaceDeliveryService-0010.dll
[2020.03.23-08.37.30:595][649]LogHotReload: Starting Hot-Reload from IDE
[2020.03.23-08.37.30:689][649]LogUObjectHash: Compacting FUObjectHashTables data took   1.35ms
[2020.03.23-08.37.30:741][649]LogHotReload: Re-instancing SDS_Ship after hot-reload.
[2020.03.23-08.37.30:985][649]LogContentBrowser: Native class hierarchy updated for 'SpaceDeliveryService' in 0.0007 seconds. Added 4 classes and 2 folders.
[2020.03.23-08.37.30:992][649]Display: HotReload successful (0 functions remapped  0 scriptstructs remapped)
[2020.03.23-08.37.31:140][649]LogUObjectHash: Compacting FUObjectHashTables data took   3.04ms
[2020.03.23-08.37.31:166][649]LogContentBrowser: Native class hierarchy populated in 0.0187 seconds. Added 3021 classes and 722 folders.
[2020.03.23-08.37.31:181][649]Display: HotReload took  0.6s.
[2020.03.23-08.37.44:764][694]LogTemp: Repeating last play command: 선택된 뷰포트
[2020.03.23-08.37.44:777][694]LogPlayLevel: PlayLevel: No blueprints needed recompiling
[2020.03.23-08.37.44:777][694]PIE: New page: PIE 세션: Untitled_1 (2020. 3. 24. 오전 2:37:44)
[2020.03.23-08.37.44:777][694]LogPlayLevel: Creating play world package: /Temp/UEDPIE_0_Untitled_1
[2020.03.23-08.37.44:782][694]LogPlayLevel: PIE: StaticDuplicateObject took: (0.004809s)
[2020.03.23-08.37.44:785][694]LogAIModule: Creating AISystem for world Untitled_1
[2020.03.23-08.37.44:785][694]LogPlayLevel: PIE: World Init took: (0.003243s)
[2020.03.23-08.37.44:785][694]LogPlayLevel: PIE: Created PIE world by copying editor world from /Temp/Untitled_1.Untitled_1 to /Temp/UEDPIE_0_Untitled_1.Untitled_1 (0.008484s)
[2020.03.23-08.37.44:837][694]LogUObjectHash: Compacting FUObjectHashTables data took   4.24ms
[2020.03.23-08.37.44:837][694]LogAudioMixer: Display: Audio Mixer Platform Settings:
[2020.03.23-08.37.44:838][694]LogAudioMixer: Display: 	Sample Rate:						  48000
[2020.03.23-08.37.44:838][694]LogAudioMixer: Display: 	Callback Buffer Frame Size Requested: 1024
[2020.03.23-08.37.44:838][694]LogAudioMixer: Display: 	Callback Buffer Frame Size To Use:	  1024
[2020.03.23-08.37.44:838][694]LogAudioMixer: Display: 	Number of buffers to queue:			  2
[2020.03.23-08.37.44:838][694]LogAudioMixer: Display: 	Max Channels (voices):				  32
[2020.03.23-08.37.44:838][694]LogAudioMixer: Display: 	Number of Async Source Workers:		  0
[2020.03.23-08.37.44:838][694]LogAudio: Display: AudioDevice MaxSources: 32
[2020.03.23-08.37.44:838][694]LogAudio: Display: Using built-in audio occlusion.
[2020.03.23-08.37.44:838][694]LogAudioMixer: Display: Initializing audio mixer.
[2020.03.23-08.37.44:860][694]LogAudioMixer: Display: Audio Device Output Speaker Info:
[2020.03.23-08.37.44:860][694]LogAudioMixer: Display: Name: 스피커(2- Realtek(R) Audio)
[2020.03.23-08.37.44:860][694]LogAudioMixer: Display: Is Default: Yes
[2020.03.23-08.37.44:860][694]LogAudioMixer: Display: Sample Rate: 48000
[2020.03.23-08.37.44:860][694]LogAudioMixer: Display: Channel Count Used: 2
[2020.03.23-08.37.44:860][694]LogAudioMixer: Display: Device Channel Count: 2
[2020.03.23-08.37.44:860][694]LogAudioMixer: Display: Channel Order:
[2020.03.23-08.37.44:860][694]LogAudioMixer: Display: 0: FrontLeft
[2020.03.23-08.37.44:860][694]LogAudioMixer: Display: 1: FrontRight
[2020.03.23-08.37.44:897][694]LogAudioMixer: Display: Using Audio Device 스피커(2- Realtek(R) Audio)
[2020.03.23-08.37.44:899][694]LogInit: FAudioDevice initialized.
[2020.03.23-08.37.44:910][694]LogLoad: Game class is 'SDS_GameMode'
[2020.03.23-08.37.44:911][694]LogWorld: Bringing World /Temp/UEDPIE_0_Untitled_1.Untitled_1 up for play (max tick rate 60) at 2020.03.23-17.37.44
[2020.03.23-08.37.44:912][694]LogWorld: Bringing up level for play took: 0.000672
[2020.03.23-08.37.44:912][694]LogOnline: OSS: Creating online subsystem instance for: :Context_5
[2020.03.23-08.37.44:915][694]PIE: /Temp/UEDPIE_0_Untitled_1 에 대한 에디터에서 플레이 시작 시간: -0.82
[2020.03.23-08.37.48:335][877]LogAudioMixer: Display: No commands were queued while flushing the source manager.
[2020.03.23-08.37.48:335][877]LogAudioMixer: Display: No commands were queued while flushing the source manager.
[2020.03.23-08.37.48:335][877]LogSlate: Updating window title bar state: overlay mode, drag disabled, window buttons hidden, title bar hidden
[2020.03.23-08.37.48:335][877]LogWorld: BeginTearingDown for /Temp/UEDPIE_0_Untitled_1
[2020.03.23-08.37.48:335][877]LogAudioMixer: Display: No commands were queued while flushing the source manager.
[2020.03.23-08.37.48:335][877]LogWorld: UWorld::CleanupWorld for Untitled_1, bSessionEnded=true, bCleanupResources=true
[2020.03.23-08.37.48:335][877]LogSlate: InvalidateAllWidgets triggered.  All widgets were invalidated
[2020.03.23-08.37.48:349][877]LogPlayLevel: Display: Shutting down PIE online subsystems
[2020.03.23-08.37.48:351][877]LogSlate: InvalidateAllWidgets triggered.  All widgets were invalidated
[2020.03.23-08.37.48:387][877]LogAudioMixer: Display: No commands were queued while flushing the source manager.
[2020.03.23-08.37.48:391][877]LogSlate: Updating window title bar state: overlay mode, drag disabled, window buttons hidden, title bar hidden
[2020.03.23-08.37.48:395][877]LogUObjectHash: Compacting FUObjectHashTables data took   2.17ms
[2020.03.23-08.37.48:453][879]LogPlayLevel: Display: Destroying online subsystem :Context_5
