Log file open, 03/23/20 17:09:29
LogWindows: Failed to load 'aqProf.dll' (GetLastError=126)
LogWindows: File 'aqProf.dll' does not exist
LogWindows: Failed to load 'VtuneApi.dll' (GetLastError=126)
LogWindows: File 'VtuneApi.dll' does not exist
LogWindows: Failed to load 'VtuneApi32e.dll' (GetLastError=126)
LogWindows: File 'VtuneApi32e.dll' does not exist
LogConsoleResponse: Display: Failed to find resolution value strings in scalability ini. Falling back to default.
LogInit: Display: Running engine for game: SpaceDeliveryService
LogPlatformFile: Not using cached read wrapper
LogTaskGraph: Started task graph with 5 named threads and 23 total threads with 3 sets of task threads.
LogStats: Stats thread started at 0.112624
LogD3D11RHI: Loaded GFSDK_Aftermath_Lib.x64.dll
LogICUInternationalization: ICU TimeZone Detection - Raw Offset: +9:00, Platform Override: ''
LogPluginManager: Mounting plugin Paper2D
LogPluginManager: Mounting plugin AISupport
LogPluginManager: Mounting plugin LightPropagationVolume
LogPluginManager: Mounting plugin ActorLayerUtilities
LogPluginManager: Mounting plugin AnimationSharing
LogPluginManager: Mounting plugin CLionSourceCodeAccess
LogPluginManager: Mounting plugin CodeLiteSourceCodeAccess
LogPluginManager: Mounting plugin GitSourceControl
LogPluginManager: Mounting plugin KDevelopSourceCodeAccess
LogPluginManager: Mounting plugin NullSourceCodeAccess
LogPluginManager: Mounting plugin PerforceSourceControl
LogPluginManager: Mounting plugin PlasticSourceControl
LogPluginManager: Mounting plugin SubversionSourceControl
LogPluginManager: Mounting plugin UObjectPlugin
LogPluginManager: Mounting plugin VisualStudioCodeSourceCodeAccess
LogPluginManager: Mounting plugin VisualStudioSourceCodeAccess
LogPluginManager: Mounting plugin XCodeSourceCodeAccess
LogPluginManager: Mounting plugin AssetManagerEditor
LogPluginManager: Mounting plugin CryptoKeys
LogPluginManager: Mounting plugin CurveEditorTools
LogPluginManager: Mounting plugin DataValidation
LogPluginManager: Mounting plugin FacialAnimation
LogPluginManager: Mounting plugin GameplayTagsEditor
LogPluginManager: Mounting plugin MacGraphicsSwitching
LogPluginManager: Mounting plugin MaterialAnalyzer
LogPluginManager: Mounting plugin MobileLauncherProfileWizard
LogPluginManager: Mounting plugin PluginBrowser
LogPluginManager: Mounting plugin SpeedTreeImporter
LogPluginManager: Mounting plugin DatasmithContent
LogPluginManager: Mounting plugin VariantManagerContent
LogPluginManager: Mounting plugin AlembicImporter
LogPluginManager: Mounting plugin AutomationUtils
LogPluginManager: Mounting plugin BackChannel
LogPluginManager: Mounting plugin CharacterAI
LogPluginManager: Mounting plugin GeometryCache
LogPluginManager: Mounting plugin PlatformCrypto
LogPluginManager: Mounting plugin ProxyLODPlugin
LogPluginManager: Mounting plugin SkeletalReduction
LogPluginManager: Mounting plugin MagicLeap
LogPluginManager: Mounting plugin MagicLeapMedia
LogPluginManager: Mounting plugin MLSDK
LogPluginManager: Mounting plugin AndroidMedia
LogPluginManager: Mounting plugin AvfMedia
LogPluginManager: Mounting plugin ImgMedia
LogPluginManager: Mounting plugin MediaCompositing
LogPluginManager: Mounting plugin MediaPlayerEditor
LogPluginManager: Mounting plugin WebMMedia
LogPluginManager: Mounting plugin WmfMedia
LogPluginManager: Mounting plugin TcpMessaging
LogPluginManager: Mounting plugin UdpMessaging
LogPluginManager: Mounting plugin ActorSequence
LogPluginManager: Mounting plugin LevelSequenceEditor
LogPluginManager: Mounting plugin MatineeToLevelSequence
LogPluginManager: Mounting plugin NetcodeUnitTest
LogPluginManager: Mounting plugin NUTUnrealEngine4
LogPluginManager: Mounting plugin OnlineSubsystemGooglePlay
LogPluginManager: Mounting plugin OnlineSubsystemIOS
LogPluginManager: Mounting plugin OnlineSubsystem
LogPluginManager: Mounting plugin OnlineSubsystemNull
LogPluginManager: Mounting plugin OnlineSubsystemUtils
LogPluginManager: Mounting plugin LauncherChunkInstaller
LogPluginManager: Mounting plugin AndroidDeviceProfileSelector
LogPluginManager: Mounting plugin AndroidMoviePlayer
LogPluginManager: Mounting plugin AndroidPermission
LogPluginManager: Mounting plugin AppleImageUtils
LogPluginManager: Mounting plugin AppleMoviePlayer
LogPluginManager: Mounting plugin ArchVisCharacter
LogPluginManager: Mounting plugin AssetTags
LogPluginManager: Mounting plugin AudioCapture
LogPluginManager: Mounting plugin CableComponent
LogPluginManager: Mounting plugin CustomMeshComponent
LogPluginManager: Mounting plugin EditableMesh
LogPluginManager: Mounting plugin ExampleDeviceProfileSelector
LogPluginManager: Mounting plugin GoogleCloudMessaging
LogPluginManager: Mounting plugin IOSDeviceProfileSelector
LogPluginManager: Mounting plugin LinuxDeviceProfileSelector
LogPluginManager: Mounting plugin LocationServicesBPLibrary
LogPluginManager: Mounting plugin MobilePatchingUtils
LogPluginManager: Mounting plugin OculusVR
LogPluginManager: Mounting plugin PhysXVehicles
LogPluginManager: Mounting plugin PostSplashScreen
LogPluginManager: Mounting plugin ProceduralMeshComponent
LogPluginManager: Mounting plugin RuntimePhysXCooking
LogPluginManager: Mounting plugin SignificanceManager
LogPluginManager: Mounting plugin SteamVR
LogPluginManager: Mounting plugin WebMMoviePlayer
LogPluginManager: Mounting plugin WindowsMoviePlayer
LogPluginManager: Mounting plugin ScreenshotTools
LogInit: Using libcurl 7.55.1-DEV
LogInit:  - built for x86_64-pc-win32
LogInit:  - supports SSL with OpenSSL/1.1.1
LogInit:  - supports HTTP deflate (compression) using libz 1.2.8
LogInit:  - other features:
LogInit:      CURL_VERSION_SSL
LogInit:      CURL_VERSION_LIBZ
LogInit:      CURL_VERSION_IPV6
LogInit:      CURL_VERSION_ASYNCHDNS
LogInit:      CURL_VERSION_LARGEFILE
LogInit:      CURL_VERSION_IDN
LogInit:  CurlRequestOptions (configurable via config and command line):
LogInit:  - bVerifyPeer = true  - Libcurl will verify peer certificate
LogInit:  - bUseHttpProxy = false  - Libcurl will NOT use HTTP proxy
LogInit:  - bDontReuseConnections = false  - Libcurl will reuse connections
LogInit:  - MaxHostConnections = 16  - Libcurl will limit the number of connections to a host
LogInit:  - LocalHostAddr = Default
LogInit:  - BufferSize = 65536
LogOnline: OSS: Creating online subsystem instance for: NULL
LogInit: WinSock: version 1.1 (2.2), MaxSocks=32767, MaxUdp=65467
LogOnline: OSS: TryLoadSubsystemAndSetDefault: Loaded subsystem for module [NULL]
LogInit: Build: ++UE4+Release-4.24-CL-11590370
LogInit: Engine Version: 4.24.3-11590370+++UE4+Release-4.24
LogInit: Compatible Engine Version: 4.24.0-10570792+++UE4+Release-4.24
LogInit: Net CL: 10570792
LogInit: OS: Windows 10 (Release 1909) (), CPU: Intel(R) Core(TM) i5-8265U CPU @ 1.60GHz, GPU: Intel(R) UHD Graphics 620
LogInit: Compiled (64-bit): Feb 24 2020 15:39:18
LogInit: Compiled with Visual C++: 19.16.27032.01
LogInit: Build Configuration: Development
LogInit: Branch Name: ++UE4+Release-4.24
LogInit: Command Line: 
LogInit: Base Directory: C:/Program Files/Epic Games/UE_4.24/Engine/Binaries/Win64/
LogInit: Installed Engine Build: 1
LogDevObjectVersion: Number of dev versions registered: 25
LogDevObjectVersion:   Dev-Blueprints (B0D832E4-1F89-4F0D-ACCF-7EB736FD4AA2): 10
LogDevObjectVersion:   Dev-Build (E1C64328-A22C-4D53-A36C-8E866417BD8C): 0
LogDevObjectVersion:   Dev-Core (375EC13C-06E4-48FB-B500-84F0262A717E): 3
LogDevObjectVersion:   Dev-Editor (E4B068ED-F494-42E9-A231-DA0B2E46BB41): 37
LogDevObjectVersion:   Dev-Framework (CFFC743F-43B0-4480-9391-14DF171D2073): 36
LogDevObjectVersion:   Dev-Mobile (B02B49B5-BB20-44E9-A304-32B752E40360): 2
LogDevObjectVersion:   Dev-Networking (A4E4105C-59A1-49B5-A7C5-40C4547EDFEE): 0
LogDevObjectVersion:   Dev-Online (39C831C9-5AE6-47DC-9A44-9C173E1C8E7C): 0
LogDevObjectVersion:   Dev-Physics (78F01B33-EBEA-4F98-B9B4-84EACCB95AA2): 2
LogDevObjectVersion:   Dev-Platform (6631380F-2D4D-43E0-8009-CF276956A95A): 0
LogDevObjectVersion:   Dev-Rendering (12F88B9F-8875-4AFC-A67C-D90C383ABD29): 36
LogDevObjectVersion:   Dev-Sequencer (7B5AE74C-D270-4C10-A958-57980B212A5A): 11
LogDevObjectVersion:   Dev-VR (D7296918-1DD6-4BDD-9DE2-64A83CC13884): 2
LogDevObjectVersion:   Dev-LoadTimes (C2A15278-BFE7-4AFE-6C17-90FF531DF755): 1
LogDevObjectVersion:   Private-Geometry (6EACA3D4-40EC-4CC1-B786-8BED09428FC5): 3
LogDevObjectVersion:   Dev-AnimPhys (29E575DD-E0A3-4627-9D10-D276232CDCEA): 17
LogDevObjectVersion:   Dev-Anim (AF43A65D-7FD3-4947-9873-3E8ED9C1BB05): 2
LogDevObjectVersion:   Dev-ReflectionCapture (6B266CEC-1EC7-4B8F-A30B-E4D90942FC07): 1
LogDevObjectVersion:   Dev-Automation (0DF73D61-A23F-47EA-B727-89E90C41499A): 1
LogDevObjectVersion:   FortniteMain (601D1886-AC64-4F84-AA16-D3DE0DEAC7D6): 31
LogDevObjectVersion:   Dev-Enterprise (9DFFBCD6-494F-0158-E221-12823C92A888): 8
LogDevObjectVersion:   Dev-Niagara (F2AED0AC-9AFE-416F-8664-AA7FFA26D6FC): 1
LogDevObjectVersion:   Dev-Destruction (174F1F0B-B4C6-45A5-B13F-2EE8D0FB917D): 9
LogDevObjectVersion:   Dev-Physics-Ext (35F94A83-E258-406C-A318-09F59610247C): 8
LogDevObjectVersion:   Dev-CineCamera (B2E18506-4273-CFC2-A54E-F4BB758BBA07): 1
LogInit: Presizing for max 25165824 objects, including 0 objects not considered by GC, pre-allocating 0 bytes for permanent pool.
LogInit: Object subsystem initialized
LogConfig: Setting CVar [[con.DebugEarlyDefault:1]]
LogConfig: Setting CVar [[r.setres:1280x720]]
[2020.03.23-08.09.30:152][  0]LogConfig: Setting CVar [[r.VSync:0]]
[2020.03.23-08.09.30:152][  0]LogConfig: Setting CVar [[r.RHICmdBypass:0]]
[2020.03.23-08.09.30:152][  0]LogConfig: Applying CVar settings from Section [/Script/Engine.RendererSettings] File [C:/Users/HY_Raptop/OneDrive/Desktop/GitHub/SpaceDeliveryService/SpaceDeliveryService/Saved/Config/Windows/Engine.ini]
[2020.03.23-08.09.30:152][  0]LogConfig: Setting CVar [[r.GPUCrashDebugging:0]]
[2020.03.23-08.09.30:152][  0]LogConfig: Applying CVar settings from Section [/Script/Engine.RendererOverrideSettings] File [C:/Users/HY_Raptop/OneDrive/Desktop/GitHub/SpaceDeliveryService/SpaceDeliveryService/Saved/Config/Windows/Engine.ini]
[2020.03.23-08.09.30:153][  0]LogConfig: Applying CVar settings from Section [/Script/Engine.StreamingSettings] File [C:/Users/HY_Raptop/OneDrive/Desktop/GitHub/SpaceDeliveryService/SpaceDeliveryService/Saved/Config/Windows/Engine.ini]
[2020.03.23-08.09.30:153][  0]LogConfig: Setting CVar [[s.MinBulkDataSizeForAsyncLoading:131072]]
[2020.03.23-08.09.30:153][  0]LogConfig: Setting CVar [[s.AsyncLoadingThreadEnabled:0]]
[2020.03.23-08.09.30:153][  0]LogConfig: Setting CVar [[s.EventDrivenLoaderEnabled:1]]
[2020.03.23-08.09.30:153][  0]LogConfig: Setting CVar [[s.WarnIfTimeLimitExceeded:0]]
[2020.03.23-08.09.30:153][  0]LogConfig: Setting CVar [[s.TimeLimitExceededMultiplier:1.5]]
[2020.03.23-08.09.30:153][  0]LogConfig: Setting CVar [[s.TimeLimitExceededMinTime:0.005]]
[2020.03.23-08.09.30:153][  0]LogConfig: Setting CVar [[s.UseBackgroundLevelStreaming:1]]
[2020.03.23-08.09.30:153][  0]LogConfig: Setting CVar [[s.PriorityAsyncLoadingExtraTime:15.0]]
[2020.03.23-08.09.30:153][  0]LogConfig: Setting CVar [[s.LevelStreamingActorsUpdateTimeLimit:5.0]]
[2020.03.23-08.09.30:153][  0]LogConfig: Setting CVar [[s.PriorityLevelStreamingActorsUpdateExtraTime:5.0]]
[2020.03.23-08.09.30:153][  0]LogConfig: Setting CVar [[s.LevelStreamingComponentsRegistrationGranularity:10]]
[2020.03.23-08.09.30:153][  0]LogConfig: Setting CVar [[s.UnregisterComponentsTimeLimit:1.0]]
[2020.03.23-08.09.30:153][  0]LogConfig: Setting CVar [[s.LevelStreamingComponentsUnregistrationGranularity:5]]
[2020.03.23-08.09.30:153][  0]LogConfig: Setting CVar [[s.FlushStreamingOnExit:1]]
[2020.03.23-08.09.30:153][  0]LogConfig: Applying CVar settings from Section [/Script/Engine.GarbageCollectionSettings] File [C:/Users/HY_Raptop/OneDrive/Desktop/GitHub/SpaceDeliveryService/SpaceDeliveryService/Saved/Config/Windows/Engine.ini]
[2020.03.23-08.09.30:153][  0]LogConfig: Setting CVar [[gc.MaxObjectsNotConsideredByGC:1]]
[2020.03.23-08.09.30:153][  0]LogConfig: Setting CVar [[gc.SizeOfPermanentObjectPool:0]]
[2020.03.23-08.09.30:153][  0]LogConfig: Setting CVar [[gc.FlushStreamingOnGC:0]]
[2020.03.23-08.09.30:153][  0]LogConfig: Setting CVar [[gc.NumRetriesBeforeForcingGC:10]]
[2020.03.23-08.09.30:153][  0]LogConfig: Setting CVar [[gc.AllowParallelGC:1]]
[2020.03.23-08.09.30:153][  0]LogConfig: Setting CVar [[gc.TimeBetweenPurgingPendingKillObjects:61.1]]
[2020.03.23-08.09.30:153][  0]LogConfig: Setting CVar [[gc.MaxObjectsInEditor:25165824]]
[2020.03.23-08.09.30:153][  0]LogConfig: Setting CVar [[gc.IncrementalBeginDestroyEnabled:1]]
[2020.03.23-08.09.30:153][  0]LogConfig: Setting CVar [[gc.CreateGCClusters:1]]
[2020.03.23-08.09.30:153][  0]LogConfig: Setting CVar [[gc.MinGCClusterSize:5]]
[2020.03.23-08.09.30:153][  0]LogConfig: Setting CVar [[gc.ActorClusteringEnabled:0]]
[2020.03.23-08.09.30:153][  0]LogConfig: Setting CVar [[gc.BlueprintClusteringEnabled:0]]
[2020.03.23-08.09.30:153][  0]LogConfig: Setting CVar [[gc.UseDisregardForGCOnDedicatedServers:0]]
[2020.03.23-08.09.30:153][  0]LogConfig: Applying CVar settings from Section [/Script/Engine.NetworkSettings] File [C:/Users/HY_Raptop/OneDrive/Desktop/GitHub/SpaceDeliveryService/SpaceDeliveryService/Saved/Config/Windows/Engine.ini]
[2020.03.23-08.09.30:153][  0]LogConfig: Applying CVar settings from Section [/Script/UnrealEd.CookerSettings] File [C:/Users/HY_Raptop/OneDrive/Desktop/GitHub/SpaceDeliveryService/SpaceDeliveryService/Saved/Config/Windows/Engine.ini]
[2020.03.23-08.09.30:159][  0]LogConfig: Applying CVar settings from Section [ViewDistanceQuality@3] File [C:/Users/HY_Raptop/OneDrive/Desktop/GitHub/SpaceDeliveryService/SpaceDeliveryService/Saved/Config/Windows/Scalability.ini]
[2020.03.23-08.09.30:159][  0]LogConfig: Setting CVar [[r.SkeletalMeshLODBias:0]]
[2020.03.23-08.09.30:159][  0]LogConfig: Setting CVar [[r.ViewDistanceScale:1.0]]
[2020.03.23-08.09.30:159][  0]LogConfig: Applying CVar settings from Section [AntiAliasingQuality@3] File [C:/Users/HY_Raptop/OneDrive/Desktop/GitHub/SpaceDeliveryService/SpaceDeliveryService/Saved/Config/Windows/Scalability.ini]
[2020.03.23-08.09.30:159][  0]LogConfig: Setting CVar [[r.PostProcessAAQuality:4]]
[2020.03.23-08.09.30:159][  0]LogConfig: Applying CVar settings from Section [ShadowQuality@3] File [C:/Users/HY_Raptop/OneDrive/Desktop/GitHub/SpaceDeliveryService/SpaceDeliveryService/Saved/Config/Windows/Scalability.ini]
[2020.03.23-08.09.30:159][  0]LogConfig: Setting CVar [[r.LightFunctionQuality:1]]
[2020.03.23-08.09.30:159][  0]LogConfig: Setting CVar [[r.ShadowQuality:5]]
[2020.03.23-08.09.30:159][  0]LogConfig: Setting CVar [[r.Shadow.CSM.MaxCascades:10]]
[2020.03.23-08.09.30:159][  0]LogConfig: Setting CVar [[r.Shadow.MaxResolution:2048]]
[2020.03.23-08.09.30:159][  0]LogConfig: Setting CVar [[r.Shadow.MaxCSMResolution:2048]]
[2020.03.23-08.09.30:159][  0]LogConfig: Setting CVar [[r.Shadow.RadiusThreshold:0.01]]
[2020.03.23-08.09.30:159][  0]LogConfig: Setting CVar [[r.Shadow.DistanceScale:1.0]]
[2020.03.23-08.09.30:160][  0]LogConfig: Setting CVar [[r.Shadow.CSM.TransitionScale:1.0]]
[2020.03.23-08.09.30:160][  0]LogConfig: Setting CVar [[r.Shadow.PreShadowResolutionFactor:1.0]]
[2020.03.23-08.09.30:160][  0]LogConfig: Setting CVar [[r.DistanceFieldShadowing:1]]
[2020.03.23-08.09.30:160][  0]LogConfig: Setting CVar [[r.DistanceFieldAO:1]]
[2020.03.23-08.09.30:160][  0]LogConfig: Setting CVar [[r.AOQuality:2]]
[2020.03.23-08.09.30:160][  0]LogConfig: Setting CVar [[r.VolumetricFog:1]]
[2020.03.23-08.09.30:160][  0]LogConfig: Setting CVar [[r.VolumetricFog.GridPixelSize:8]]
[2020.03.23-08.09.30:160][  0]LogConfig: Setting CVar [[r.VolumetricFog.GridSizeZ:128]]
[2020.03.23-08.09.30:160][  0]LogConfig: Setting CVar [[r.VolumetricFog.HistoryMissSupersampleCount:4]]
[2020.03.23-08.09.30:160][  0]LogConfig: Setting CVar [[r.LightMaxDrawDistanceScale:1]]
[2020.03.23-08.09.30:160][  0]LogConfig: Setting CVar [[r.CapsuleShadows:1]]
[2020.03.23-08.09.30:160][  0]LogConfig: Applying CVar settings from Section [PostProcessQuality@3] File [C:/Users/HY_Raptop/OneDrive/Desktop/GitHub/SpaceDeliveryService/SpaceDeliveryService/Saved/Config/Windows/Scalability.ini]
[2020.03.23-08.09.30:160][  0]LogConfig: Setting CVar [[r.MotionBlurQuality:4]]
[2020.03.23-08.09.30:160][  0]LogConfig: Setting CVar [[r.AmbientOcclusionMipLevelFactor:0.4]]
[2020.03.23-08.09.30:160][  0]LogConfig: Setting CVar [[r.AmbientOcclusionMaxQuality:100]]
[2020.03.23-08.09.30:160][  0]LogConfig: Setting CVar [[r.AmbientOcclusionLevels:-1]]
[2020.03.23-08.09.30:160][  0]LogConfig: Setting CVar [[r.AmbientOcclusionRadiusScale:1.0]]
[2020.03.23-08.09.30:160][  0]LogConfig: Setting CVar [[r.DepthOfFieldQuality:2]]
[2020.03.23-08.09.30:160][  0]LogConfig: Setting CVar [[r.RenderTargetPoolMin:400]]
[2020.03.23-08.09.30:160][  0]LogConfig: Setting CVar [[r.LensFlareQuality:2]]
[2020.03.23-08.09.30:160][  0]LogConfig: Setting CVar [[r.SceneColorFringeQuality:1]]
[2020.03.23-08.09.30:160][  0]LogConfig: Setting CVar [[r.EyeAdaptationQuality:2]]
[2020.03.23-08.09.30:160][  0]LogConfig: Setting CVar [[r.BloomQuality:5]]
[2020.03.23-08.09.30:160][  0]LogConfig: Setting CVar [[r.FastBlurThreshold:100]]
[2020.03.23-08.09.30:160][  0]LogConfig: Setting CVar [[r.Upscale.Quality:3]]
[2020.03.23-08.09.30:160][  0]LogConfig: Setting CVar [[r.Tonemapper.GrainQuantization:1]]
[2020.03.23-08.09.30:160][  0]LogConfig: Setting CVar [[r.LightShaftQuality:1]]
[2020.03.23-08.09.30:160][  0]LogConfig: Setting CVar [[r.Filter.SizeScale:1]]
[2020.03.23-08.09.30:160][  0]LogConfig: Setting CVar [[r.Tonemapper.Quality:5]]
[2020.03.23-08.09.30:160][  0]LogConfig: Setting CVar [[r.DOF.Gather.AccumulatorQuality:1        ; higher gathering accumulator quality]]
[2020.03.23-08.09.30:160][  0]LogConfig: Setting CVar [[r.DOF.Gather.PostfilterMethod:1          ; Median3x3 postfilering method]]
[2020.03.23-08.09.30:160][  0]LogConfig: Setting CVar [[r.DOF.Gather.EnableBokehSettings:0       ; no bokeh simulation when gathering]]
[2020.03.23-08.09.30:160][  0]LogConfig: Setting CVar [[r.DOF.Gather.RingCount:4                 ; medium number of samples when gathering]]
[2020.03.23-08.09.30:160][  0]LogConfig: Setting CVar [[r.DOF.Scatter.ForegroundCompositing:1    ; additive foreground scattering]]
[2020.03.23-08.09.30:160][  0]LogConfig: Setting CVar [[r.DOF.Scatter.BackgroundCompositing:2    ; additive background scattering]]
[2020.03.23-08.09.30:160][  0]LogConfig: Setting CVar [[r.DOF.Scatter.EnableBokehSettings:1      ; bokeh simulation when scattering]]
[2020.03.23-08.09.30:160][  0]LogConfig: Setting CVar [[r.DOF.Scatter.MaxSpriteRatio:0.1         ; only a maximum of 10% of scattered bokeh]]
[2020.03.23-08.09.30:160][  0]LogConfig: Setting CVar [[r.DOF.Recombine.Quality:1                ; cheap slight out of focus]]
[2020.03.23-08.09.30:160][  0]LogConfig: Setting CVar [[r.DOF.Recombine.EnableBokehSettings:0    ; no bokeh simulation on slight out of focus]]
[2020.03.23-08.09.30:160][  0]LogConfig: Setting CVar [[r.DOF.TemporalAAQuality:1                ; more stable temporal accumulation]]
[2020.03.23-08.09.30:160][  0]LogConfig: Setting CVar [[r.DOF.Kernel.MaxForegroundRadius:0.025]]
[2020.03.23-08.09.30:160][  0]LogConfig: Setting CVar [[r.DOF.Kernel.MaxBackgroundRadius:0.025]]
[2020.03.23-08.09.30:160][  0]LogConfig: Applying CVar settings from Section [TextureQuality@3] File [C:/Users/HY_Raptop/OneDrive/Desktop/GitHub/SpaceDeliveryService/SpaceDeliveryService/Saved/Config/Windows/Scalability.ini]
[2020.03.23-08.09.30:160][  0]LogConfig: Setting CVar [[r.Streaming.MipBias:0]]
[2020.03.23-08.09.30:160][  0]LogConfig: Setting CVar [[r.Streaming.AmortizeCPUToGPUCopy:0]]
[2020.03.23-08.09.30:160][  0]LogConfig: Setting CVar [[r.Streaming.MaxNumTexturesToStreamPerFrame:0]]
[2020.03.23-08.09.30:160][  0]LogConfig: Setting CVar [[r.Streaming.Boost:1]]
[2020.03.23-08.09.30:160][  0]LogConfig: Setting CVar [[r.MaxAnisotropy:8]]
[2020.03.23-08.09.30:160][  0]LogConfig: Setting CVar [[r.VT.MaxAnisotropy:8]]
[2020.03.23-08.09.30:160][  0]LogConfig: Setting CVar [[r.Streaming.LimitPoolSizeToVRAM:0]]
[2020.03.23-08.09.30:160][  0]LogConfig: Setting CVar [[r.Streaming.PoolSize:1000]]
[2020.03.23-08.09.30:160][  0]LogConfig: Setting CVar [[r.Streaming.MaxEffectiveScreenSize:0]]
[2020.03.23-08.09.30:160][  0]LogConfig: Applying CVar settings from Section [EffectsQuality@3] File [C:/Users/HY_Raptop/OneDrive/Desktop/GitHub/SpaceDeliveryService/SpaceDeliveryService/Saved/Config/Windows/Scalability.ini]
[2020.03.23-08.09.30:160][  0]LogConfig: Setting CVar [[r.TranslucencyLightingVolumeDim:64]]
[2020.03.23-08.09.30:160][  0]LogConfig: Setting CVar [[r.RefractionQuality:2]]
[2020.03.23-08.09.30:160][  0]LogConfig: Setting CVar [[r.SSR.Quality:3]]
[2020.03.23-08.09.30:160][  0]LogConfig: Setting CVar [[r.SSR.HalfResSceneColor:0]]
[2020.03.23-08.09.30:160][  0]LogConfig: Setting CVar [[r.SceneColorFormat:4]]
[2020.03.23-08.09.30:160][  0]LogConfig: Setting CVar [[r.DetailMode:2]]
[2020.03.23-08.09.30:160][  0]LogConfig: Setting CVar [[r.TranslucencyVolumeBlur:1]]
[2020.03.23-08.09.30:160][  0]LogConfig: Setting CVar [[r.MaterialQualityLevel:1 ; High quality]]
[2020.03.23-08.09.30:161][  0]LogConfig: Setting CVar [[r.SSS.Scale:1]]
[2020.03.23-08.09.30:161][  0]LogConfig: Setting CVar [[r.SSS.SampleSet:2]]
[2020.03.23-08.09.30:161][  0]LogConfig: Setting CVar [[r.SSS.Quality:1]]
[2020.03.23-08.09.30:161][  0]LogConfig: Setting CVar [[r.SSS.HalfRes:1]]
[2020.03.23-08.09.30:161][  0]LogConfig: Setting CVar [[r.SSGI.Quality:3]]
[2020.03.23-08.09.30:161][  0]LogConfig: Setting CVar [[r.EmitterSpawnRateScale:1.0]]
[2020.03.23-08.09.30:161][  0]LogConfig: Setting CVar [[r.ParticleLightQuality:2]]
[2020.03.23-08.09.30:161][  0]LogConfig: Setting CVar [[r.SkyAtmosphere.AerialPerspectiveLUT.FastApplyOnOpaque:1 ; Always have FastSkyLUT 1 in this case to avoid wrong sky]]
[2020.03.23-08.09.30:161][  0]LogConfig: Setting CVar [[r.SkyAtmosphere.AerialPerspectiveLUT.SampleCountPerSlice:1]]
[2020.03.23-08.09.30:161][  0]LogConfig: Setting CVar [[r.SkyAtmosphere.AerialPerspectiveLUT.DepthResolution:16.0]]
[2020.03.23-08.09.30:161][  0]LogConfig: Setting CVar [[r.SkyAtmosphere.FastSkyLUT:1]]
[2020.03.23-08.09.30:161][  0]LogConfig: Setting CVar [[r.SkyAtmosphere.FastSkyLUT.SampleCountMin:4.0]]
[2020.03.23-08.09.30:161][  0]LogConfig: Setting CVar [[r.SkyAtmosphere.FastSkyLUT.SampleCountMax:32.0]]
[2020.03.23-08.09.30:161][  0]LogConfig: Setting CVar [[r.SkyAtmosphere.SampleCountMin:4.0]]
[2020.03.23-08.09.30:161][  0]LogConfig: Setting CVar [[r.SkyAtmosphere.SampleCountMax:32.0]]
[2020.03.23-08.09.30:161][  0]LogConfig: Setting CVar [[r.SkyAtmosphere.TransmittanceLUT.UseSmallFormat:0]]
[2020.03.23-08.09.30:161][  0]LogConfig: Setting CVar [[r.SkyAtmosphere.TransmittanceLUT.SampleCount:10.0]]
[2020.03.23-08.09.30:161][  0]LogConfig: Setting CVar [[r.SkyAtmosphere.MultiScatteringLUT.SampleCount:15.0]]
[2020.03.23-08.09.30:161][  0]LogConfig: Applying CVar settings from Section [FoliageQuality@3] File [C:/Users/HY_Raptop/OneDrive/Desktop/GitHub/SpaceDeliveryService/SpaceDeliveryService/Saved/Config/Windows/Scalability.ini]
[2020.03.23-08.09.30:161][  0]LogConfig: Setting CVar [[foliage.DensityScale:1.0]]
[2020.03.23-08.09.30:161][  0]LogConfig: Setting CVar [[grass.DensityScale:1.0]]
[2020.03.23-08.09.30:161][  0]LogConfig: Applying CVar settings from Section [ShadingQuality@3] File [C:/Users/HY_Raptop/OneDrive/Desktop/GitHub/SpaceDeliveryService/SpaceDeliveryService/Saved/Config/Windows/Scalability.ini]
[2020.03.23-08.09.30:161][  0]LogConfig: Setting CVar [[r.HairStrands.SkyLighting.SampleCount:16]]
[2020.03.23-08.09.30:161][  0]LogConfig: Setting CVar [[r.HairStrands.SkyLighting.JitterIntegration:0]]
[2020.03.23-08.09.30:161][  0]LogConfig: Setting CVar [[r.HairStrands.SkyAO.SampleCount:16]]
[2020.03.23-08.09.30:161][  0]LogInit: Selected Device Profile: [Windows]
[2020.03.23-08.09.30:161][  0]LogInit: Applying CVar settings loaded from the selected device profile: [Windows]
[2020.03.23-08.09.30:166][  0]LogHAL: Display: Platform has ~ 16 GB [17031159808 / 17179869184 / 16], which maps to Larger [LargestMinGB=32, LargerMinGB=12, DefaultMinGB=8, SmallerMinGB=6, SmallestMinGB=0)
[2020.03.23-08.09.30:166][  0]LogInit: Going up to parent DeviceProfile []
[2020.03.23-08.09.30:166][  0]LogConfig: Applying CVar settings from Section [ViewDistanceQuality@3] File [C:/Users/HY_Raptop/OneDrive/Desktop/GitHub/SpaceDeliveryService/SpaceDeliveryService/Saved/Config/Windows/Scalability.ini]
[2020.03.23-08.09.30:166][  0]LogConfig: Setting CVar [[r.SkeletalMeshLODBias:0]]
[2020.03.23-08.09.30:166][  0]LogConfig: Setting CVar [[r.ViewDistanceScale:1.0]]
[2020.03.23-08.09.30:166][  0]LogConfig: Applying CVar settings from Section [AntiAliasingQuality@3] File [C:/Users/HY_Raptop/OneDrive/Desktop/GitHub/SpaceDeliveryService/SpaceDeliveryService/Saved/Config/Windows/Scalability.ini]
[2020.03.23-08.09.30:166][  0]LogConfig: Setting CVar [[r.PostProcessAAQuality:4]]
[2020.03.23-08.09.30:166][  0]LogConfig: Applying CVar settings from Section [ShadowQuality@3] File [C:/Users/HY_Raptop/OneDrive/Desktop/GitHub/SpaceDeliveryService/SpaceDeliveryService/Saved/Config/Windows/Scalability.ini]
[2020.03.23-08.09.30:166][  0]LogConfig: Setting CVar [[r.LightFunctionQuality:1]]
[2020.03.23-08.09.30:166][  0]LogConfig: Setting CVar [[r.ShadowQuality:5]]
[2020.03.23-08.09.30:166][  0]LogConfig: Setting CVar [[r.Shadow.CSM.MaxCascades:10]]
[2020.03.23-08.09.30:166][  0]LogConfig: Setting CVar [[r.Shadow.MaxResolution:2048]]
[2020.03.23-08.09.30:166][  0]LogConfig: Setting CVar [[r.Shadow.MaxCSMResolution:2048]]
[2020.03.23-08.09.30:166][  0]LogConfig: Setting CVar [[r.Shadow.RadiusThreshold:0.01]]
[2020.03.23-08.09.30:166][  0]LogConfig: Setting CVar [[r.Shadow.DistanceScale:1.0]]
[2020.03.23-08.09.30:166][  0]LogConfig: Setting CVar [[r.Shadow.CSM.TransitionScale:1.0]]
[2020.03.23-08.09.30:166][  0]LogConfig: Setting CVar [[r.Shadow.PreShadowResolutionFactor:1.0]]
[2020.03.23-08.09.30:166][  0]LogConfig: Setting CVar [[r.DistanceFieldShadowing:1]]
[2020.03.23-08.09.30:166][  0]LogConfig: Setting CVar [[r.DistanceFieldAO:1]]
[2020.03.23-08.09.30:166][  0]LogConfig: Setting CVar [[r.AOQuality:2]]
[2020.03.23-08.09.30:166][  0]LogConfig: Setting CVar [[r.VolumetricFog:1]]
[2020.03.23-08.09.30:166][  0]LogConfig: Setting CVar [[r.VolumetricFog.GridPixelSize:8]]
[2020.03.23-08.09.30:166][  0]LogConfig: Setting CVar [[r.VolumetricFog.GridSizeZ:128]]
[2020.03.23-08.09.30:166][  0]LogConfig: Setting CVar [[r.VolumetricFog.HistoryMissSupersampleCount:4]]
[2020.03.23-08.09.30:166][  0]LogConfig: Setting CVar [[r.LightMaxDrawDistanceScale:1]]
[2020.03.23-08.09.30:166][  0]LogConfig: Setting CVar [[r.CapsuleShadows:1]]
[2020.03.23-08.09.30:166][  0]LogConfig: Applying CVar settings from Section [PostProcessQuality@3] File [C:/Users/HY_Raptop/OneDrive/Desktop/GitHub/SpaceDeliveryService/SpaceDeliveryService/Saved/Config/Windows/Scalability.ini]
[2020.03.23-08.09.30:166][  0]LogConfig: Setting CVar [[r.MotionBlurQuality:4]]
[2020.03.23-08.09.30:166][  0]LogConfig: Setting CVar [[r.AmbientOcclusionMipLevelFactor:0.4]]
[2020.03.23-08.09.30:166][  0]LogConfig: Setting CVar [[r.AmbientOcclusionMaxQuality:100]]
[2020.03.23-08.09.30:166][  0]LogConfig: Setting CVar [[r.AmbientOcclusionLevels:-1]]
[2020.03.23-08.09.30:166][  0]LogConfig: Setting CVar [[r.AmbientOcclusionRadiusScale:1.0]]
[2020.03.23-08.09.30:166][  0]LogConfig: Setting CVar [[r.DepthOfFieldQuality:2]]
[2020.03.23-08.09.30:167][  0]LogConfig: Setting CVar [[r.RenderTargetPoolMin:400]]
[2020.03.23-08.09.30:167][  0]LogConfig: Setting CVar [[r.LensFlareQuality:2]]
[2020.03.23-08.09.30:167][  0]LogConfig: Setting CVar [[r.SceneColorFringeQuality:1]]
[2020.03.23-08.09.30:167][  0]LogConfig: Setting CVar [[r.EyeAdaptationQuality:2]]
[2020.03.23-08.09.30:167][  0]LogConfig: Setting CVar [[r.BloomQuality:5]]
[2020.03.23-08.09.30:167][  0]LogConfig: Setting CVar [[r.FastBlurThreshold:100]]
[2020.03.23-08.09.30:167][  0]LogConfig: Setting CVar [[r.Upscale.Quality:3]]
[2020.03.23-08.09.30:167][  0]LogConfig: Setting CVar [[r.Tonemapper.GrainQuantization:1]]
[2020.03.23-08.09.30:167][  0]LogConfig: Setting CVar [[r.LightShaftQuality:1]]
[2020.03.23-08.09.30:167][  0]LogConfig: Setting CVar [[r.Filter.SizeScale:1]]
[2020.03.23-08.09.30:167][  0]LogConfig: Setting CVar [[r.Tonemapper.Quality:5]]
[2020.03.23-08.09.30:167][  0]LogConfig: Setting CVar [[r.DOF.Gather.AccumulatorQuality:1        ; higher gathering accumulator quality]]
[2020.03.23-08.09.30:167][  0]LogConfig: Setting CVar [[r.DOF.Gather.PostfilterMethod:1          ; Median3x3 postfilering method]]
[2020.03.23-08.09.30:167][  0]LogConfig: Setting CVar [[r.DOF.Gather.EnableBokehSettings:0       ; no bokeh simulation when gathering]]
[2020.03.23-08.09.30:167][  0]LogConfig: Setting CVar [[r.DOF.Gather.RingCount:4                 ; medium number of samples when gathering]]
[2020.03.23-08.09.30:167][  0]LogConfig: Setting CVar [[r.DOF.Scatter.ForegroundCompositing:1    ; additive foreground scattering]]
[2020.03.23-08.09.30:167][  0]LogConfig: Setting CVar [[r.DOF.Scatter.BackgroundCompositing:2    ; additive background scattering]]
[2020.03.23-08.09.30:167][  0]LogConfig: Setting CVar [[r.DOF.Scatter.EnableBokehSettings:1      ; bokeh simulation when scattering]]
[2020.03.23-08.09.30:167][  0]LogConfig: Setting CVar [[r.DOF.Scatter.MaxSpriteRatio:0.1         ; only a maximum of 10% of scattered bokeh]]
[2020.03.23-08.09.30:167][  0]LogConfig: Setting CVar [[r.DOF.Recombine.Quality:1                ; cheap slight out of focus]]
[2020.03.23-08.09.30:167][  0]LogConfig: Setting CVar [[r.DOF.Recombine.EnableBokehSettings:0    ; no bokeh simulation on slight out of focus]]
[2020.03.23-08.09.30:167][  0]LogConfig: Setting CVar [[r.DOF.TemporalAAQuality:1                ; more stable temporal accumulation]]
[2020.03.23-08.09.30:167][  0]LogConfig: Setting CVar [[r.DOF.Kernel.MaxForegroundRadius:0.025]]
[2020.03.23-08.09.30:167][  0]LogConfig: Setting CVar [[r.DOF.Kernel.MaxBackgroundRadius:0.025]]
[2020.03.23-08.09.30:167][  0]LogConfig: Applying CVar settings from Section [TextureQuality@3] File [C:/Users/HY_Raptop/OneDrive/Desktop/GitHub/SpaceDeliveryService/SpaceDeliveryService/Saved/Config/Windows/Scalability.ini]
[2020.03.23-08.09.30:167][  0]LogConfig: Setting CVar [[r.Streaming.MipBias:0]]
[2020.03.23-08.09.30:167][  0]LogConfig: Setting CVar [[r.Streaming.AmortizeCPUToGPUCopy:0]]
[2020.03.23-08.09.30:167][  0]LogConfig: Setting CVar [[r.Streaming.MaxNumTexturesToStreamPerFrame:0]]
[2020.03.23-08.09.30:167][  0]LogConfig: Setting CVar [[r.Streaming.Boost:1]]
[2020.03.23-08.09.30:167][  0]LogConfig: Setting CVar [[r.MaxAnisotropy:8]]
[2020.03.23-08.09.30:167][  0]LogConfig: Setting CVar [[r.VT.MaxAnisotropy:8]]
[2020.03.23-08.09.30:167][  0]LogConfig: Setting CVar [[r.Streaming.LimitPoolSizeToVRAM:0]]
[2020.03.23-08.09.30:167][  0]LogConfig: Setting CVar [[r.Streaming.PoolSize:1000]]
[2020.03.23-08.09.30:167][  0]LogConfig: Setting CVar [[r.Streaming.MaxEffectiveScreenSize:0]]
[2020.03.23-08.09.30:167][  0]LogConfig: Applying CVar settings from Section [EffectsQuality@3] File [C:/Users/HY_Raptop/OneDrive/Desktop/GitHub/SpaceDeliveryService/SpaceDeliveryService/Saved/Config/Windows/Scalability.ini]
[2020.03.23-08.09.30:167][  0]LogConfig: Setting CVar [[r.TranslucencyLightingVolumeDim:64]]
[2020.03.23-08.09.30:167][  0]LogConfig: Setting CVar [[r.RefractionQuality:2]]
[2020.03.23-08.09.30:167][  0]LogConfig: Setting CVar [[r.SSR.Quality:3]]
[2020.03.23-08.09.30:167][  0]LogConfig: Setting CVar [[r.SSR.HalfResSceneColor:0]]
[2020.03.23-08.09.30:167][  0]LogConfig: Setting CVar [[r.SceneColorFormat:4]]
[2020.03.23-08.09.30:167][  0]LogConfig: Setting CVar [[r.DetailMode:2]]
[2020.03.23-08.09.30:167][  0]LogConfig: Setting CVar [[r.TranslucencyVolumeBlur:1]]
[2020.03.23-08.09.30:167][  0]LogConfig: Setting CVar [[r.MaterialQualityLevel:1 ; High quality]]
[2020.03.23-08.09.30:167][  0]LogConfig: Setting CVar [[r.SSS.Scale:1]]
[2020.03.23-08.09.30:167][  0]LogConfig: Setting CVar [[r.SSS.SampleSet:2]]
[2020.03.23-08.09.30:167][  0]LogConfig: Setting CVar [[r.SSS.Quality:1]]
[2020.03.23-08.09.30:167][  0]LogConfig: Setting CVar [[r.SSS.HalfRes:1]]
[2020.03.23-08.09.30:167][  0]LogConfig: Setting CVar [[r.SSGI.Quality:3]]
[2020.03.23-08.09.30:167][  0]LogConfig: Setting CVar [[r.EmitterSpawnRateScale:1.0]]
[2020.03.23-08.09.30:167][  0]LogConfig: Setting CVar [[r.ParticleLightQuality:2]]
[2020.03.23-08.09.30:167][  0]LogConfig: Setting CVar [[r.SkyAtmosphere.AerialPerspectiveLUT.FastApplyOnOpaque:1 ; Always have FastSkyLUT 1 in this case to avoid wrong sky]]
[2020.03.23-08.09.30:167][  0]LogConfig: Setting CVar [[r.SkyAtmosphere.AerialPerspectiveLUT.SampleCountPerSlice:1]]
[2020.03.23-08.09.30:167][  0]LogConfig: Setting CVar [[r.SkyAtmosphere.AerialPerspectiveLUT.DepthResolution:16.0]]
[2020.03.23-08.09.30:167][  0]LogConfig: Setting CVar [[r.SkyAtmosphere.FastSkyLUT:1]]
[2020.03.23-08.09.30:167][  0]LogConfig: Setting CVar [[r.SkyAtmosphere.FastSkyLUT.SampleCountMin:4.0]]
[2020.03.23-08.09.30:167][  0]LogConfig: Setting CVar [[r.SkyAtmosphere.FastSkyLUT.SampleCountMax:32.0]]
[2020.03.23-08.09.30:167][  0]LogConfig: Setting CVar [[r.SkyAtmosphere.SampleCountMin:4.0]]
[2020.03.23-08.09.30:167][  0]LogConfig: Setting CVar [[r.SkyAtmosphere.SampleCountMax:32.0]]
[2020.03.23-08.09.30:168][  0]LogConfig: Setting CVar [[r.SkyAtmosphere.TransmittanceLUT.UseSmallFormat:0]]
[2020.03.23-08.09.30:168][  0]LogConfig: Setting CVar [[r.SkyAtmosphere.TransmittanceLUT.SampleCount:10.0]]
[2020.03.23-08.09.30:168][  0]LogConfig: Setting CVar [[r.SkyAtmosphere.MultiScatteringLUT.SampleCount:15.0]]
[2020.03.23-08.09.30:168][  0]LogConfig: Applying CVar settings from Section [FoliageQuality@3] File [C:/Users/HY_Raptop/OneDrive/Desktop/GitHub/SpaceDeliveryService/SpaceDeliveryService/Saved/Config/Windows/Scalability.ini]
[2020.03.23-08.09.30:168][  0]LogConfig: Setting CVar [[foliage.DensityScale:1.0]]
[2020.03.23-08.09.30:168][  0]LogConfig: Setting CVar [[grass.DensityScale:1.0]]
[2020.03.23-08.09.30:168][  0]LogConfig: Applying CVar settings from Section [ShadingQuality@3] File [C:/Users/HY_Raptop/OneDrive/Desktop/GitHub/SpaceDeliveryService/SpaceDeliveryService/Saved/Config/Windows/Scalability.ini]
[2020.03.23-08.09.30:168][  0]LogConfig: Setting CVar [[r.HairStrands.SkyLighting.SampleCount:16]]
[2020.03.23-08.09.30:168][  0]LogConfig: Setting CVar [[r.HairStrands.SkyLighting.JitterIntegration:0]]
[2020.03.23-08.09.30:168][  0]LogConfig: Setting CVar [[r.HairStrands.SkyAO.SampleCount:16]]
[2020.03.23-08.09.30:168][  0]LogConfig: Applying CVar settings from Section [Startup] File [../../../Engine/Config/ConsoleVariables.ini]
[2020.03.23-08.09.30:168][  0]LogConfig: Setting CVar [[net.UseAdaptiveNetUpdateFrequency:0]]
[2020.03.23-08.09.30:168][  0]LogConfig: Setting CVar [[p.chaos.AllowCreatePhysxBodies:1]]
[2020.03.23-08.09.30:168][  0]LogConfig: Applying CVar settings from Section [ConsoleVariables] File [C:/Users/HY_Raptop/OneDrive/Desktop/GitHub/SpaceDeliveryService/SpaceDeliveryService/Saved/Config/Windows/Engine.ini]
[2020.03.23-08.09.30:168][  0]LogInit: Computer: HY_LAPTOP
[2020.03.23-08.09.30:168][  0]LogInit: User: HYRaptop
[2020.03.23-08.09.30:168][  0]LogInit: CPU Page size=4096, Cores=4
[2020.03.23-08.09.30:168][  0]LogInit: High frequency timer resolution =10.000000 MHz
[2020.03.23-08.09.30:169][  0]LogMemory: Memory total: Physical=15.9GB (16GB approx)
[2020.03.23-08.09.30:169][  0]LogMemory: Platform Memory Stats for Windows
[2020.03.23-08.09.30:169][  0]LogMemory: Process Physical Memory: 107.09 MB used, 107.09 MB peak
[2020.03.23-08.09.30:169][  0]LogMemory: Process Virtual Memory: 100.61 MB used, 100.61 MB peak
[2020.03.23-08.09.30:169][  0]LogMemory: Physical Memory: 8947.21 MB used,  7294.97 MB free, 16242.18 MB total
[2020.03.23-08.09.30:169][  0]LogMemory: Virtual Memory: 5137.68 MB used,  134212592.00 MB free, 134217728.00 MB total
[2020.03.23-08.09.30:172][  0]LogWindows: WindowsPlatformFeatures enabled
[2020.03.23-08.09.30:231][  0]LogDirectoryWatcher: Warning: Failed to begin reading directory changes for ../../../../../../Users/HY_Raptop/OneDrive/Desktop/GitHub/SpaceDeliveryService/SpaceDeliveryService/Content/. Error: 지정된 파일을 찾을 수 없습니다. (0x00000002)
[2020.03.23-08.09.30:231][  0]LogInit: Using OS detected language (ko-KR).
[2020.03.23-08.09.30:231][  0]LogInit: Using OS detected locale (ko-KR).
[2020.03.23-08.09.30:234][  0]LogTextLocalizationManager: No specific localization for 'ko-KR' exists, so the 'ko' localization will be used.
[2020.03.23-08.09.30:433][  0]LogInit: Setting process to per monitor DPI aware
[2020.03.23-08.09.30:554][  0]LogSlate: New Slate User Created.  User Index 0, Is Virtual User: 0
[2020.03.23-08.09.30:554][  0]LogSlate: Slate User Registered.  User Index 0, Is Virtual User: 0
[2020.03.23-08.09.31:221][  0]LogHMD: Failed to initialize OpenVR with code 110
[2020.03.23-08.09.31:221][  0]LogD3D11RHI: D3D11 min allowed feature level: 11_0
[2020.03.23-08.09.31:221][  0]LogD3D11RHI: D3D11 max allowed feature level: 11_0
[2020.03.23-08.09.31:221][  0]LogD3D11RHI: D3D11 adapters:
[2020.03.23-08.09.31:348][  0]LogD3D11RHI:    0. 'NVIDIA GeForce MX250' (Feature Level 11_0)
[2020.03.23-08.09.31:348][  0]LogD3D11RHI:       1983/0/8121 MB DedicatedVideo/DedicatedSystem/SharedSystem, Outputs:2, VendorId:0x10de
[2020.03.23-08.09.31:395][  0]LogD3D11RHI:    1. 'Intel(R) UHD Graphics 620' (Feature Level 11_0)
[2020.03.23-08.09.31:395][  0]LogD3D11RHI:       128/0/8121 MB DedicatedVideo/DedicatedSystem/SharedSystem, Outputs:0, VendorId:0x8086
[2020.03.23-08.09.31:400][  0]LogD3D11RHI:    2. 'Microsoft Basic Render Driver' (Feature Level 11_0)
[2020.03.23-08.09.31:400][  0]LogD3D11RHI:       0/0/8121 MB DedicatedVideo/DedicatedSystem/SharedSystem, Outputs:0, VendorId:0x1414
[2020.03.23-08.09.31:400][  0]LogD3D11RHI: Chosen D3D11 Adapter: 0
[2020.03.23-08.09.31:428][  0]LogD3D11RHI: Creating new Direct3DDevice
[2020.03.23-08.09.31:428][  0]LogD3D11RHI:     GPU DeviceId: 0x1d13 (for the marketing name, search the web for "GPU Device Id")
[2020.03.23-08.09.31:428][  0]LogWindows: EnumDisplayDevices:
[2020.03.23-08.09.31:429][  0]LogWindows:    0. 'Intel(R) UHD Graphics 620' (P:1 D:1)
[2020.03.23-08.09.31:430][  0]LogWindows:    1. 'Intel(R) UHD Graphics 620' (P:0 D:1)
[2020.03.23-08.09.31:430][  0]LogWindows:    2. 'Intel(R) UHD Graphics 620' (P:0 D:0)
[2020.03.23-08.09.31:431][  0]LogWindows: DebugString: PrimaryIsNotTheChoosenAdapter PrimaryIsNotTheChoosenAdapter PrimaryIsNotTheChoosenAdapter FoundDriverCount:0 
[2020.03.23-08.09.31:431][  0]LogD3D11RHI:     Adapter Name: NVIDIA GeForce MX250
[2020.03.23-08.09.31:431][  0]LogD3D11RHI:   Driver Version: Unknown (internal:Unknown, unified:Unknown)
[2020.03.23-08.09.31:431][  0]LogD3D11RHI:      Driver Date: Unknown
[2020.03.23-08.09.31:431][  0]LogRHI: Texture pool is 1388 MB (70% of 1983 MB)
[2020.03.23-08.09.31:530][  0]LogD3D11RHI: RHI has support for 64 bit atomics
[2020.03.23-08.09.31:530][  0]LogD3D11RHI: Async texture creation enabled
[2020.03.23-08.09.31:553][  0]LogD3D11RHI: GPU Timing Frequency: 1000.000000 (Debug: 2 1)
[2020.03.23-08.09.32:220][  0]LogTargetPlatformManager: Display: Loaded TargetPlatform 'AllDesktop'
[2020.03.23-08.09.32:301][  0]LogTargetPlatformManager: Display: Loaded TargetPlatform 'Android'
[2020.03.23-08.09.32:301][  0]LogTargetPlatformManager: Display: Loaded TargetPlatform 'Android_ASTC'
[2020.03.23-08.09.32:302][  0]LogTargetPlatformManager: Display: Loaded TargetPlatform 'Android_ATC'
[2020.03.23-08.09.32:302][  0]LogTargetPlatformManager: Display: Loaded TargetPlatform 'Android_DXT'
[2020.03.23-08.09.32:302][  0]LogTargetPlatformManager: Display: Loaded TargetPlatform 'Android_ETC1'
[2020.03.23-08.09.32:302][  0]LogTargetPlatformManager: Display: Loaded TargetPlatform 'Android_ETC1a'
[2020.03.23-08.09.32:302][  0]LogTargetPlatformManager: Display: Loaded TargetPlatform 'Android_ETC2'
[2020.03.23-08.09.32:302][  0]LogTargetPlatformManager: Display: Loaded TargetPlatform 'Android_PVRTC'
[2020.03.23-08.09.32:302][  0]LogTargetPlatformManager: Display: Loaded TargetPlatform 'AndroidClient'
[2020.03.23-08.09.32:302][  0]LogTargetPlatformManager: Display: Loaded TargetPlatform 'Android_ASTCClient'
[2020.03.23-08.09.32:302][  0]LogTargetPlatformManager: Display: Loaded TargetPlatform 'Android_ATCClient'
[2020.03.23-08.09.32:302][  0]LogTargetPlatformManager: Display: Loaded TargetPlatform 'Android_DXTClient'
[2020.03.23-08.09.32:302][  0]LogTargetPlatformManager: Display: Loaded TargetPlatform 'Android_ETC1Client'
[2020.03.23-08.09.32:302][  0]LogTargetPlatformManager: Display: Loaded TargetPlatform 'Android_ETC1aClient'
[2020.03.23-08.09.32:302][  0]LogTargetPlatformManager: Display: Loaded TargetPlatform 'Android_ETC2Client'
[2020.03.23-08.09.32:302][  0]LogTargetPlatformManager: Display: Loaded TargetPlatform 'Android_PVRTCClient'
[2020.03.23-08.09.32:302][  0]LogTargetPlatformManager: Display: Loaded TargetPlatform 'Android_Multi'
[2020.03.23-08.09.32:302][  0]LogTargetPlatformManager: Display: Loaded TargetPlatform 'Android_MultiClient'
[2020.03.23-08.09.32:356][  0]LogTargetPlatformManager: Display: Loaded TargetPlatform 'IOSClient'
[2020.03.23-08.09.32:356][  0]LogTargetPlatformManager: Display: Loaded TargetPlatform 'IOS'
[2020.03.23-08.09.32:375][  0]LogTargetPlatformManager: Display: Loaded TargetPlatform 'LinuxNoEditor'
[2020.03.23-08.09.32:394][  0]LogTargetPlatformManager: Display: Loaded TargetPlatform 'LinuxClient'
[2020.03.23-08.09.32:419][  0]LogTargetPlatformManager: Display: Loaded TargetPlatform 'LinuxServer'
[2020.03.23-08.09.32:438][  0]LogTargetPlatformManager: Display: Loaded TargetPlatform 'LinuxAArch64NoEditor'
[2020.03.23-08.09.32:458][  0]LogTargetPlatformManager: Display: Loaded TargetPlatform 'LinuxAArch64Client'
[2020.03.23-08.09.32:482][  0]LogTargetPlatformManager: Display: Loaded TargetPlatform 'LinuxAArch64Server'
[2020.03.23-08.09.32:539][  0]LogTargetPlatformManager: Display: Loaded TargetPlatform 'Lumin'
[2020.03.23-08.09.32:539][  0]LogTargetPlatformManager: Display: Loaded TargetPlatform 'LuminClient'
[2020.03.23-08.09.32:573][  0]LogTargetPlatformManager: Display: Loaded TargetPlatform 'TVOSClient'
[2020.03.23-08.09.32:573][  0]LogTargetPlatformManager: Display: Loaded TargetPlatform 'TVOS'
[2020.03.23-08.09.32:587][  0]LogTargetPlatformManager: Display: Loaded TargetPlatform 'WindowsNoEditor'
[2020.03.23-08.09.32:603][  0]LogTargetPlatformManager: Display: Loaded TargetPlatform 'Windows'
[2020.03.23-08.09.32:619][  0]LogTargetPlatformManager: Display: Loaded TargetPlatform 'WindowsClient'
[2020.03.23-08.09.32:636][  0]LogTargetPlatformManager: Display: Loaded TargetPlatform 'WindowsServer'
[2020.03.23-08.09.32:636][  0]LogTargetPlatformManager: Display: Building Assets For Windows
[2020.03.23-08.09.32:649][  0]LogAudioDebug: Display: Lib vorbis DLL was dynamically loaded.
[2020.03.23-08.09.32:726][  0]LogShaderCompilers: Guid format shader working directory is -50 characters bigger than the processId version (../../../../../../Users/HY_Raptop/OneDrive/Desktop/GitHub/SpaceDeliveryService/SpaceDeliveryService/Intermediate/Shaders/WorkingDirectory/16424/).
[2020.03.23-08.09.32:726][  0]LogShaderCompilers: Cleaned the shader compiler working directory 'C:/Users/HY_Raptop/AppData/Local/Temp/UnrealShaderWorkingDir/257C0D814150B12A84A9D7B1E2841728/'.
[2020.03.23-08.09.32:727][  0]LogXGEController: Cleaning working directory: C:/Users/HY_Raptop/AppData/Local/Temp/UnrealXGEWorkingDir/
[2020.03.23-08.09.32:728][  0]LogXGEController: Cannot use XGE Controller as Incredibuild is not installed on this machine.
[2020.03.23-08.09.32:728][  0]LogShaderCompilers: Cannot use XGE Shader Compiler as Incredibuild is not installed on this machine.
[2020.03.23-08.09.32:728][  0]LogShaderCompilers: Display: Using Local Shader Compiler.
[2020.03.23-08.09.34:502][  0]LogDerivedDataCache: Display: Max Cache Size: 512 MB
[2020.03.23-08.09.34:592][  0]LogDerivedDataCache: Loaded boot cache 0.09s 78MB C:/Users/HY_Raptop/AppData/Local/UnrealEngine/4.24/DerivedDataCache/Boot.ddc.
[2020.03.23-08.09.34:592][  0]LogDerivedDataCache: Display: Loaded Boot cache: C:/Users/HY_Raptop/AppData/Local/UnrealEngine/4.24/DerivedDataCache/Boot.ddc
[2020.03.23-08.09.34:592][  0]LogDerivedDataCache: FDerivedDataBackendGraph:  Pak pak cache file ../../../../../../Users/HY_Raptop/OneDrive/Desktop/GitHub/SpaceDeliveryService/SpaceDeliveryService/DerivedDataCache/DDC.ddp not found, will not use a pak cache.
[2020.03.23-08.09.34:592][  0]LogDerivedDataCache: Unable to find inner node Pak for hierarchical cache Hierarchy.
[2020.03.23-08.09.34:592][  0]LogDerivedDataCache: FDerivedDataBackendGraph:  CompressedPak pak cache file ../../../../../../Users/HY_Raptop/OneDrive/Desktop/GitHub/SpaceDeliveryService/SpaceDeliveryService/DerivedDataCache/Compressed.ddp not found, will not use a pak cache.
[2020.03.23-08.09.34:593][  0]LogDerivedDataCache: Unable to find inner node CompressedPak for hierarchical cache Hierarchy.
[2020.03.23-08.09.34:609][  0]LogDerivedDataCache: Display: Pak cache opened for reading ../../../Engine/DerivedDataCache/Compressed.ddp.
[2020.03.23-08.09.34:609][  0]LogDerivedDataCache: FDerivedDataBackendGraph:  EnterprisePak pak cache file ../../../Enterprise/DerivedDataCache/Compressed.ddp not found, will not use a pak cache.
[2020.03.23-08.09.34:609][  0]LogDerivedDataCache: Unable to find inner node EnterprisePak for hierarchical cache Hierarchy.
[2020.03.23-08.09.34:612][  0]LogDerivedDataCache: Using Local data cache path C:/Users/HY_Raptop/AppData/Local/UnrealEngine/Common/DerivedDataCache: Writable
[2020.03.23-08.09.34:612][  0]LogDerivedDataCache: Shared data cache path not found in *engine.ini, will not use an Shared cache.
[2020.03.23-08.09.34:612][  0]LogDerivedDataCache: Unable to find inner node Shared for hierarchical cache Hierarchy.
[2020.03.23-08.09.34:659][  0]LogMaterial: Verifying Global Shaders for PCD3D_SM5
[2020.03.23-08.09.34:664][  0]LogSlate: Using FreeType 2.10.0
[2020.03.23-08.09.34:666][  0]LogSlate: SlateFontServices - WITH_FREETYPE: 1, WITH_HARFBUZZ: 1
[2020.03.23-08.09.34:837][  0]LogAssetRegistry: FAssetRegistry took 0.0055 seconds to start up
[2020.03.23-08.09.35:670][  0]LogInit: Selected Device Profile: [Windows]
[2020.03.23-08.09.36:113][  0]LogMeshReduction: Using QuadricMeshReduction for automatic static mesh reduction
[2020.03.23-08.09.36:113][  0]LogMeshReduction: Using SimplygonMeshReduction for automatic skeletal mesh reduction
[2020.03.23-08.09.36:113][  0]LogMeshReduction: Using ProxyLODMeshReduction for automatic mesh merging
[2020.03.23-08.09.36:113][  0]LogMeshReduction: No distributed automatic mesh merging module available
[2020.03.23-08.09.36:113][  0]LogMeshMerging: No distributed automatic mesh merging module available
[2020.03.23-08.09.36:150][  0]LogNetVersion: SpaceDeliveryService 1.0.0, NetCL: 10570792, EngineNetVer: 13, GameNetVer: 0 (Checksum: 2260023959)
[2020.03.23-08.09.38:848][  0]LogPackageLocalizationCache: Processed 10 localized package path(s) for 1 prioritized culture(s) in 0.073837 seconds
[2020.03.23-08.09.38:862][  0]LogUObjectArray: 46750 objects as part of root set at end of initial load.
[2020.03.23-08.09.38:862][  0]LogUObjectAllocator: 8137160 out of 0 bytes used by permanent object pool.
[2020.03.23-08.09.38:862][  0]LogUObjectArray: CloseDisregardForGC: 0/0 objects in disregard for GC pool
[2020.03.23-08.09.39:976][  0]LogTcpMessaging: Initializing TcpMessaging bridge
[2020.03.23-08.09.39:984][  0]LogUdpMessaging: Initializing bridge on interface 0.0.0.0:0 to multicast group 230.0.0.1:6666.
[2020.03.23-08.09.40:241][  0]SourceControl: 소스 컨트롤이 꺼졌습니다.
[2020.03.23-08.09.40:241][  0]SourceControl: 소스 컨트롤이 꺼졌습니다.
[2020.03.23-08.09.40:312][  0]SourceControl: 소스 컨트롤이 꺼졌습니다.
[2020.03.23-08.09.40:323][  0]SourceControl: 소스 컨트롤이 꺼졌습니다.
[2020.03.23-08.09.40:333][  0]SourceControl: 소스 컨트롤이 꺼졌습니다.
[2020.03.23-08.09.40:910][  0]LogAndroidPermission: UAndroidPermissionCallbackProxy::GetInstance
[2020.03.23-08.09.40:966][  0]LogAudioCaptureCore: Display: No Audio Capture implementations found. Audio input will be silent.
[2020.03.23-08.09.40:966][  0]LogAudioCaptureCore: Display: No Audio Capture implementations found. Audio input will be silent.
[2020.03.23-08.09.41:293][  0]LogOcInput: OculusInput pre-init called
[2020.03.23-08.09.41:332][  0]LogWindows: Failed to load 'OVRPlugin.dll' (GetLastError=126)
[2020.03.23-08.09.41:333][  0]LogWindows: File 'OVRPlugin.dll' does not exist
[2020.03.23-08.09.41:617][  0]LogEngine: Initializing Engine...
[2020.03.23-08.09.41:626][  0]LogHMD: Failed to initialize OpenVR with code 110
[2020.03.23-08.09.41:630][  0]LogStats: UGameplayTagsManager::InitializeManager -  0.001 s
[2020.03.23-08.09.42:592][  0]LogInit: Initializing FReadOnlyCVARCache
[2020.03.23-08.09.42:649][  0]LogAIModule: Creating AISystem for world Untitled
[2020.03.23-08.09.42:786][  0]LogAudioMixer: Display: Audio Mixer Platform Settings:
[2020.03.23-08.09.42:786][  0]LogAudioMixer: Display: 	Sample Rate:						  48000
[2020.03.23-08.09.42:786][  0]LogAudioMixer: Display: 	Callback Buffer Frame Size Requested: 1024
[2020.03.23-08.09.42:786][  0]LogAudioMixer: Display: 	Callback Buffer Frame Size To Use:	  1024
[2020.03.23-08.09.42:786][  0]LogAudioMixer: Display: 	Number of buffers to queue:			  2
[2020.03.23-08.09.42:786][  0]LogAudioMixer: Display: 	Max Channels (voices):				  32
[2020.03.23-08.09.42:786][  0]LogAudioMixer: Display: 	Number of Async Source Workers:		  0
[2020.03.23-08.09.42:786][  0]LogAudio: Display: AudioDevice MaxSources: 32
[2020.03.23-08.09.42:790][  0]LogAudio: Display: Using built-in audio occlusion.
[2020.03.23-08.09.42:790][  0]LogAudioMixer: Display: Initializing audio mixer.
[2020.03.23-08.09.42:871][  0]LogAudioMixer: Display: Audio Device Output Speaker Info:
[2020.03.23-08.09.42:871][  0]LogAudioMixer: Display: Name: 스피커(2- Realtek(R) Audio)
[2020.03.23-08.09.42:871][  0]LogAudioMixer: Display: Is Default: Yes
[2020.03.23-08.09.42:871][  0]LogAudioMixer: Display: Sample Rate: 48000
[2020.03.23-08.09.42:871][  0]LogAudioMixer: Display: Channel Count Used: 2
[2020.03.23-08.09.42:871][  0]LogAudioMixer: Display: Device Channel Count: 2
[2020.03.23-08.09.42:871][  0]LogAudioMixer: Display: Channel Order:
[2020.03.23-08.09.42:871][  0]LogAudioMixer: Display: 0: FrontLeft
[2020.03.23-08.09.42:871][  0]LogAudioMixer: Display: 1: FrontRight
[2020.03.23-08.09.42:964][  0]LogAudioMixer: Display: Using Audio Device 스피커(2- Realtek(R) Audio)
[2020.03.23-08.09.42:974][  0]LogInit: FAudioDevice initialized.
[2020.03.23-08.09.42:975][  0]LogNetVersion: Set ProjectVersion to 1.0.0.0. Version Checksum will be recalculated on next use.
[2020.03.23-08.09.43:076][  0]LogDerivedDataCache: Saved boot cache 0.10s 78MB C:/Users/HY_Raptop/AppData/Local/UnrealEngine/4.24/DerivedDataCache/Boot.ddc.
[2020.03.23-08.09.43:077][  0]LogInit: Texture streaming: Enabled
[2020.03.23-08.09.43:128][  0]LogEngineSessionManager: EngineSessionManager initialized
[2020.03.23-08.09.43:129][  0]LogEngineSessionManager: EngineSessionManager sent abnormal shutdown report. Type=Crashed, SessionId={8D52E7B2-436D-CBA6-7F72-BA92608DF7E8}
[2020.03.23-08.09.43:129][  0]LogEditorSessionSummary: Verbose: Initializing EditorSessionSummaryWriter for editor session tracking
[2020.03.23-08.09.43:133][  0]LogEditorSessionSummary: EditorSessionSummaryWriter initialized
[2020.03.23-08.09.43:245][  0]LogInit: Transaction tracking system initialized
[2020.03.23-08.09.43:332][  0]BlueprintLog: New page: 에디터 로드
[2020.03.23-08.09.43:630][  0]LocalizationService: 현지화 서비스가 비활성화되었습니다.
[2020.03.23-08.09.44:668][  0]LogAutoReimportManager: Warning: Unable to watch directory ../../../../../../Users/HY_Raptop/OneDrive/Desktop/GitHub/SpaceDeliveryService/SpaceDeliveryService/Content/ as it doesn't exist.
[2020.03.23-08.09.44:723][  0]LogCook: Display: Max memory allowance for cook 16384mb min free memory 0mb
[2020.03.23-08.09.44:724][  0]LogCook: Display: Mobile HDR setting 1
[2020.03.23-08.09.47:435][  0]SourceControl: 소스 컨트롤이 꺼졌습니다.
[2020.03.23-08.09.47:439][  0]Cmd: MAP LOAD FILE="../../../Engine/Content/Maps/Templates/Template_Default.umap" TEMPLATE=1 SHOWPROGRESS=1 FEATURELEVEL=3
[2020.03.23-08.09.47:442][  0]LightingResults: New page: 라이팅 빌드
[2020.03.23-08.09.47:448][  0]LogWorld: UWorld::CleanupWorld for Untitled, bSessionEnded=true, bCleanupResources=true
[2020.03.23-08.09.47:449][  0]LogSlate: InvalidateAllWidgets triggered.  All widgets were invalidated
[2020.03.23-08.09.47:449][  0]MapCheck: New page: 맵 체크
[2020.03.23-08.09.47:449][  0]LightingResults: New page: 라이팅 빌드
[2020.03.23-08.09.47:504][  0]LogUObjectHash: Compacting FUObjectHashTables data took   6.13ms
[2020.03.23-08.09.47:741][  0]LogAIModule: Creating AISystem for world Untitled_1
[2020.03.23-08.09.47:779][  0]LogEditorServer: Finished looking for orphan Actors (0.000 secs)
[2020.03.23-08.09.47:839][  0]LogUObjectHash: Compacting FUObjectHashTables data took   6.41ms
[2020.03.23-08.09.47:839][  0]Cmd: MAP CHECKDEP NOCLEARLOG
[2020.03.23-08.09.47:840][  0]MapCheck: 맵 체크 완료: 오류 0 회, 경고 0 회, 소요 시간 0.74ms.
[2020.03.23-08.09.47:840][  0]LogFileHelpers: Loading map 'Template_Default' took 0.405
[2020.03.23-08.09.48:093][  0]LogSlate: Updating window title bar state: overlay mode, drag disabled, window buttons hidden, title bar hidden
[2020.03.23-08.09.48:106][  0]LogSlate: Updating window title bar state: overlay mode, drag disabled, window buttons hidden, title bar hidden
[2020.03.23-08.09.48:116][  0]LogSlate: Updating window title bar state: overlay mode, drag disabled, window buttons hidden, title bar hidden
[2020.03.23-08.09.48:131][  0]LogSlate: Updating window title bar state: overlay mode, drag disabled, window buttons hidden, title bar hidden
[2020.03.23-08.09.48:156][  0]LogCollectionManager: Loaded 0 collections in 0.006709 seconds
[2020.03.23-08.09.48:190][  0]LogFileCache: Scanning file cache for directory 'C:/Users/HY_Raptop/OneDrive/Desktop/GitHub/SpaceDeliveryService/SpaceDeliveryService/Saved/Collections/' took 0.00s
[2020.03.23-08.09.48:190][  0]LogFileCache: Scanning file cache for directory 'C:/Users/HY_Raptop/OneDrive/Desktop/GitHub/SpaceDeliveryService/SpaceDeliveryService/Content/Developers/HYRaptop/Collections/' took 0.00s
[2020.03.23-08.09.48:190][  0]LogFileCache: Scanning file cache for directory 'C:/Users/HY_Raptop/OneDrive/Desktop/GitHub/SpaceDeliveryService/SpaceDeliveryService/Content/Collections/' took 0.00s
[2020.03.23-08.09.48:190][  0]LogContentBrowser: Native class hierarchy populated in 0.0187 seconds. Added 3018 classes and 722 folders.
[2020.03.23-08.09.48:196][  0]LogContentBrowser: Native class hierarchy updated for 'WidgetCarousel' in 0.0006 seconds. Added 0 classes and 0 folders.
[2020.03.23-08.09.48:583][  0]LogContentBrowser: Native class hierarchy updated for 'AddContentDialog' in 0.0005 seconds. Added 0 classes and 0 folders.
[2020.03.23-08.09.48:852][  0]LogSlate: Took 0.000713 seconds to synchronously load lazily loaded font '../../../Engine/Content/Slate/Fonts/Roboto-Regular.ttf' (155K)
[2020.03.23-08.09.48:861][  0]LogSlate: Took 0.008117 seconds to synchronously load lazily loaded font '../../../Engine/Content/Editor/Slate/Fonts/NanumGothic.ttf' (4243K)
[2020.03.23-08.09.48:870][  0]LogSlate: Took 0.007408 seconds to synchronously load lazily loaded font '../../../Engine/Content/Editor/Slate/Fonts/NanumGothicBold.ttf' (4188K)
[2020.03.23-08.09.48:871][  0]LogSlate: Took 0.000560 seconds to synchronously load lazily loaded font '../../../Engine/Content/Slate/Fonts/Roboto-Bold.ttf' (160K)
[2020.03.23-08.09.48:884][  0]LogSlate: Took 0.001205 seconds to synchronously load lazily loaded font '../../../Engine/Content/Editor/Slate/Fonts/FontAwesome.ttf' (139K)
[2020.03.23-08.09.49:146][  0]LogRenderer: Reallocating scene render targets to support 1152x540 Format 10 NumSamples 1 (Frame:1).
[2020.03.23-08.09.49:617][  0]LogContentBrowser: Native class hierarchy updated for 'HierarchicalLODOutliner' in 0.0008 seconds. Added 0 classes and 0 folders.
[2020.03.23-08.09.49:617][  0]LogLoad: (Engine Initialization) Total time: 21.72 seconds
[2020.03.23-08.09.49:617][  0]LogLoad: (Engine Initialization) Total Blueprint compile time: 0.00 seconds
[2020.03.23-08.09.49:710][  0]LogContentStreaming: Texture pool size now 1000 MB
[2020.03.23-08.09.49:946][  2]LogAssetRegistry: Asset discovery search completed in 15.1107 seconds
[2020.03.23-08.09.49:960][  2]LogCollectionManager: Fixed up redirectors for 0 collections in 0.000061 seconds (updated 0 objects)
[2020.03.23-08.10.06:124][749]LogSlate: Took 0.001362 seconds to synchronously load lazily loaded font '../../../Engine/Content/Slate/Fonts/Roboto-Light.ttf' (167K)
[2020.03.23-08.10.14:064][ 19]LogSlate: Took 0.000280 seconds to synchronously load lazily loaded font '../../../Engine/Content/Slate/Fonts/Roboto-Light.ttf' (167K)
[2020.03.23-08.10.14:137][ 19]LogSlate: WidgetSwitcher ('None') active index changed to -1
[2020.03.23-08.10.14:138][ 19]LogSlate: WidgetSwitcher ('None') active index changed to 0
[2020.03.23-08.10.14:222][ 19]LogSlate: Took 0.001799 seconds to synchronously load lazily loaded font '../../../Engine/Content/Slate/Fonts/Roboto-BoldCondensed.ttf' (158K)
[2020.03.23-08.10.37:243][882]LogSlate: WidgetSwitcher ('None') active index changed to 1
[2020.03.23-08.10.48:258][441]Candidate modules for hot reload:
[2020.03.23-08.10.48:258][441]  SpaceDeliveryService
[2020.03.23-08.10.48:258][441]Launching UnrealBuildTool... [C:/Program Files/Epic Games/UE_4.24/Engine/Binaries/DotNET/UnrealBuildTool.exe  -ModuleWithSuffix=SpaceDeliveryService,4515 Win64 Development -TargetType=Editor -Project="C:/Users/HY_Raptop/OneDrive/Desktop/GitHub/SpaceDeliveryService/SpaceDeliveryService/SpaceDeliveryService.uproject" "C:/Users/HY_Raptop/OneDrive/Desktop/GitHub/SpaceDeliveryService/SpaceDeliveryService/SpaceDeliveryService.uproject"  -IgnoreJunk]
[2020.03.23-08.11.35:938][441]CompilerResultsLog: New page: 컴파일 - 2020. 3. 24. 오전 2:11:35
[2020.03.23-08.11.35:938][441]CompilerResultsLog: Using 'git status' to determine working set for adaptive non-unity build (C:\Users\HY_Raptop\OneDrive\Desktop\GitHub\SpaceDeliveryService).
[2020.03.23-08.11.35:938][441]CompilerResultsLog: Creating makefile for SpaceDeliveryServiceEditor (.uproject file is newer)
[2020.03.23-08.11.35:938][441]CompilerResultsLog: Parsing headers for SpaceDeliveryServiceEditor
[2020.03.23-08.11.35:938][441]CompilerResultsLog:   Running UnrealHeaderTool "C:\Users\HY_Raptop\OneDrive\Desktop\GitHub\SpaceDeliveryService\SpaceDeliveryService\SpaceDeliveryService.uproject" "C:\Users\HY_Raptop\OneDrive\Desktop\GitHub\SpaceDeliveryService\SpaceDeliveryService\Intermediate\Build\Win64\SpaceDeliveryServiceEditor\Development\SpaceDeliveryServiceEditor.uhtmanifest" -LogCmds="loginit warning, logexit warning, logdatabase error" -Unattended -WarningsAsErrors -installed
[2020.03.23-08.11.35:938][441]CompilerResultsLog: Reflection code generated for SpaceDeliveryServiceEditor in 13.2913351 seconds
[2020.03.23-08.11.35:938][441]CompilerResultsLog: Building SpaceDeliveryServiceEditor...
[2020.03.23-08.11.35:938][441]CompilerResultsLog: Using Visual Studio 2017 14.16.27038 toolchain (C:\Program Files (x86)\Microsoft Visual Studio\2017\Community\VC\Tools\MSVC\14.16.27023) and Windows 10.0.17763.0 SDK (C:\Program Files (x86)\Windows Kits\10).
[2020.03.23-08.11.35:938][441]CompilerResultsLog: Building 9 actions with 8 processes...
[2020.03.23-08.11.35:938][441]CompilerResultsLog:   [1/9] SpaceDeliveryService.init.gen.cpp
[2020.03.23-08.11.35:939][441]CompilerResultsLog:   [2/9] SDS_GameMode.cpp
[2020.03.23-08.11.35:939][441]CompilerResultsLog:   [3/9] SpaceDeliveryServiceGameModeBase.gen.cpp
[2020.03.23-08.11.35:939][441]CompilerResultsLog:   [4/9] SpaceDeliveryServiceGameModeBase.cpp
[2020.03.23-08.11.35:939][441]CompilerResultsLog:   [5/9] SDS_GameMode.gen.cpp
[2020.03.23-08.11.35:939][441]CompilerResultsLog:   [6/9] SpaceDeliveryService.cpp
[2020.03.23-08.11.35:939][441]CompilerResultsLog:   [7/9] UE4Editor-SpaceDeliveryService-4515.lib
[2020.03.23-08.11.35:939][441]CompilerResultsLog:      C:\Users\HY_Raptop\OneDrive\Desktop\GitHub\SpaceDeliveryService\SpaceDeliveryService\Intermediate\Build\Win64\UE4Editor\Development\SpaceDeliveryService\UE4Editor-SpaceDeliveryService-4515.lib ???̺귯?? ?? C:\Users\HY_Raptop\OneDrive\Desktop\GitHub\SpaceDeliveryService\SpaceDeliveryService\Intermediate\Build\Win64\UE4Editor\Development\SpaceDeliveryService\UE4Editor-SpaceDeliveryService-4515.exp ??ü?? ?????ϰ? ?ֽ??ϴ?.
[2020.03.23-08.11.35:939][441]CompilerResultsLog:   [8/9] UE4Editor-SpaceDeliveryService-4515.dll
[2020.03.23-08.11.35:939][441]CompilerResultsLog:      C:\Users\HY_Raptop\OneDrive\Desktop\GitHub\SpaceDeliveryService\SpaceDeliveryService\Intermediate\Build\Win64\UE4Editor\Development\SpaceDeliveryService\UE4Editor-SpaceDeliveryService-4515.suppressed.lib ???̺귯?? ?? C:\Users\HY_Raptop\OneDrive\Desktop\GitHub\SpaceDeliveryService\SpaceDeliveryService\Intermediate\Build\Win64\UE4Editor\Development\SpaceDeliveryService\UE4Editor-SpaceDeliveryService-4515.suppressed.exp ??ü?? ?????ϰ? ?ֽ??ϴ?.
[2020.03.23-08.11.35:939][441]CompilerResultsLog:   [9/9] SpaceDeliveryServiceEditor.target
[2020.03.23-08.11.35:939][441]CompilerResultsLog: Total time in Parallel executor: 28.59 seconds
[2020.03.23-08.11.35:939][441]CompilerResultsLog: Total execution time: 47.45 seconds
[2020.03.23-08.11.35:939][441]LogMainFrame: MainFrame: Module compiling took 47.705 seconds
[2020.03.23-08.11.36:018][441]LogUObjectHash: Compacting FUObjectHashTables data took   1.62ms
[2020.03.23-08.11.36:118][441]LogClass: Could not find existing class SDS_GameMode in package /Script/SpaceDeliveryService for HotReload, assuming new class
[2020.03.23-08.11.36:127][441]LogContentBrowser: Native class hierarchy updated for 'SpaceDeliveryService' in 0.0011 seconds. Added 2 classes and 2 folders.
[2020.03.23-08.11.36:135][441]Display: HotReload successful (0 functions remapped  0 scriptstructs remapped)
[2020.03.23-08.11.36:445][441]LogUObjectHash: Compacting FUObjectHashTables data took   5.19ms
[2020.03.23-08.11.36:505][441]LogContentBrowser: Native class hierarchy populated in 0.0425 seconds. Added 3019 classes and 722 folders.
[2020.03.23-08.11.36:505][441]Display: HotReload took 48.3s.
[2020.03.23-08.11.36:525][441]Warning: HotReload operation took 48.3s.
[2020.03.23-08.11.37:349][441]LogSlate: Window 'C++ 클래스 추가' being destroyed
[2020.03.23-08.11.37:373][441]LogHotReload: New module detected: UE4Editor-SpaceDeliveryService-4515.dll
[2020.03.23-08.11.37:571][442]LogHotReload: Starting Hot-Reload from IDE
[2020.03.23-08.11.37:783][442]LogUObjectHash: Compacting FUObjectHashTables data took   2.02ms
[2020.03.23-08.11.37:796][442]LogContentBrowser: Native class hierarchy updated for 'SpaceDeliveryService' in 0.0019 seconds. Added 2 classes and 2 folders.
[2020.03.23-08.11.37:811][442]Display: HotReload successful (0 functions remapped  0 scriptstructs remapped)
[2020.03.23-08.11.37:884][442]LogUObjectHash: Compacting FUObjectHashTables data took  11.34ms
[2020.03.23-08.11.37:963][442]LogContentBrowser: Native class hierarchy populated in 0.0495 seconds. Added 3019 classes and 722 folders.
[2020.03.23-08.11.38:071][442]Display: HotReload took  0.5s.
[2020.03.23-08.15.03:765][ 55]LogHotReload: New module detected: UE4Editor-SpaceDeliveryService-0003.dll
[2020.03.23-08.15.05:804][ 62]LogHotReload: Starting Hot-Reload from IDE
[2020.03.23-08.15.05:933][ 62]LogUObjectHash: Compacting FUObjectHashTables data took   1.80ms
[2020.03.23-08.15.06:013][ 62]LogContentBrowser: Native class hierarchy updated for 'SpaceDeliveryService' in 0.0010 seconds. Added 2 classes and 2 folders.
[2020.03.23-08.15.06:021][ 62]Display: HotReload successful (0 functions remapped  0 scriptstructs remapped)
[2020.03.23-08.15.06:176][ 62]LogUObjectHash: Compacting FUObjectHashTables data took   3.99ms
[2020.03.23-08.15.06:218][ 62]LogContentBrowser: Native class hierarchy populated in 0.0242 seconds. Added 3019 classes and 722 folders.
[2020.03.23-08.15.06:238][ 62]Display: HotReload took  0.4s.
[2020.03.23-08.15.31:350][208]LogSlate: WidgetSwitcher ('None') active index changed to -1
[2020.03.23-08.15.31:350][208]LogSlate: WidgetSwitcher ('None') active index changed to 0
[2020.03.23-08.15.44:821][919]LogSlate: WidgetSwitcher ('None') active index changed to 1
[2020.03.23-08.15.53:321][365]Candidate modules for hot reload:
[2020.03.23-08.15.53:321][365]  SpaceDeliveryService
[2020.03.23-08.15.53:321][365]Launching UnrealBuildTool... [C:/Program Files/Epic Games/UE_4.24/Engine/Binaries/DotNET/UnrealBuildTool.exe  -ModuleWithSuffix=SpaceDeliveryService,7734 Win64 Development -TargetType=Editor -Project="C:/Users/HY_Raptop/OneDrive/Desktop/GitHub/SpaceDeliveryService/SpaceDeliveryService/SpaceDeliveryService.uproject" "C:/Users/HY_Raptop/OneDrive/Desktop/GitHub/SpaceDeliveryService/SpaceDeliveryService/SpaceDeliveryService.uproject"  -IgnoreJunk]
[2020.03.23-08.16.24:479][365]CompilerResultsLog: New page: 컴파일 - 2020. 3. 24. 오전 2:16:24
[2020.03.23-08.16.24:480][365]CompilerResultsLog: Using 'git status' to determine working set for adaptive non-unity build (C:\Users\HY_Raptop\OneDrive\Desktop\GitHub\SpaceDeliveryService).
[2020.03.23-08.16.24:481][365]CompilerResultsLog: Invalidating makefile for SpaceDeliveryServiceEditor (source file added)
[2020.03.23-08.16.24:481][365]CompilerResultsLog: Parsing headers for SpaceDeliveryServiceEditor
[2020.03.23-08.16.24:481][365]CompilerResultsLog:   Running UnrealHeaderTool "C:\Users\HY_Raptop\OneDrive\Desktop\GitHub\SpaceDeliveryService\SpaceDeliveryService\SpaceDeliveryService.uproject" "C:\Users\HY_Raptop\OneDrive\Desktop\GitHub\SpaceDeliveryService\SpaceDeliveryService\Intermediate\Build\Win64\SpaceDeliveryServiceEditor\Development\SpaceDeliveryServiceEditor.uhtmanifest" -LogCmds="loginit warning, logexit warning, logdatabase error" -Unattended -WarningsAsErrors -installed
[2020.03.23-08.16.24:481][365]CompilerResultsLog: Reflection code generated for SpaceDeliveryServiceEditor in 12.9040652 seconds
[2020.03.23-08.16.24:481][365]CompilerResultsLog: Building SpaceDeliveryServiceEditor...
[2020.03.23-08.16.24:482][365]CompilerResultsLog: Using Visual Studio 2017 14.16.27038 toolchain (C:\Program Files (x86)\Microsoft Visual Studio\2017\Community\VC\Tools\MSVC\14.16.27023) and Windows 10.0.17763.0 SDK (C:\Program Files (x86)\Windows Kits\10).
[2020.03.23-08.16.24:482][365]CompilerResultsLog: Building 6 actions with 8 processes...
[2020.03.23-08.16.24:482][365]CompilerResultsLog:   [1/6] SpaceDeliveryService.init.gen.cpp
[2020.03.23-08.16.24:482][365]CompilerResultsLog:   [2/6] SDS_Player_Controller.cpp
[2020.03.23-08.16.24:482][365]CompilerResultsLog:   [3/6] SDS_Player_Controller.gen.cpp
[2020.03.23-08.16.24:482][365]CompilerResultsLog:   [4/6] UE4Editor-SpaceDeliveryService-7734.lib
[2020.03.23-08.16.24:482][365]CompilerResultsLog:      C:\Users\HY_Raptop\OneDrive\Desktop\GitHub\SpaceDeliveryService\SpaceDeliveryService\Intermediate\Build\Win64\UE4Editor\Development\SpaceDeliveryService\UE4Editor-SpaceDeliveryService-7734.lib ???̺귯?? ?? C:\Users\HY_Raptop\OneDrive\Desktop\GitHub\SpaceDeliveryService\SpaceDeliveryService\Intermediate\Build\Win64\UE4Editor\Development\SpaceDeliveryService\UE4Editor-SpaceDeliveryService-7734.exp ??ü?? ?????ϰ? ?ֽ??ϴ?.
[2020.03.23-08.16.24:482][365]CompilerResultsLog:   [5/6] UE4Editor-SpaceDeliveryService-7734.dll
[2020.03.23-08.16.24:482][365]CompilerResultsLog:      C:\Users\HY_Raptop\OneDrive\Desktop\GitHub\SpaceDeliveryService\SpaceDeliveryService\Intermediate\Build\Win64\UE4Editor\Development\SpaceDeliveryService\UE4Editor-SpaceDeliveryService-7734.suppressed.lib ???̺귯?? ?? C:\Users\HY_Raptop\OneDrive\Desktop\GitHub\SpaceDeliveryService\SpaceDeliveryService\Intermediate\Build\Win64\UE4Editor\Development\SpaceDeliveryService\UE4Editor-SpaceDeliveryService-7734.suppressed.exp ??ü?? ?????ϰ? ?ֽ??ϴ?.
[2020.03.23-08.16.24:482][365]CompilerResultsLog:   [6/6] SpaceDeliveryServiceEditor.target
[2020.03.23-08.16.24:483][365]CompilerResultsLog: Total time in Parallel executor: 11.42 seconds
[2020.03.23-08.16.24:483][365]CompilerResultsLog: Total execution time: 30.90 seconds
[2020.03.23-08.16.24:483][365]LogMainFrame: MainFrame: Module compiling took 31.181 seconds
[2020.03.23-08.16.24:552][365]LogUObjectHash: Compacting FUObjectHashTables data took   1.79ms
[2020.03.23-08.16.24:615][365]LogClass: Could not find existing class SDS_Player_Controller in package /Script/SpaceDeliveryService for HotReload, assuming new class
[2020.03.23-08.16.24:628][365]LogContentBrowser: Native class hierarchy updated for 'SpaceDeliveryService' in 0.0010 seconds. Added 3 classes and 2 folders.
[2020.03.23-08.16.24:637][365]Display: HotReload successful (0 functions remapped  0 scriptstructs remapped)
[2020.03.23-08.16.24:810][365]LogUObjectHash: Compacting FUObjectHashTables data took   3.11ms
[2020.03.23-08.16.24:852][365]LogContentBrowser: Native class hierarchy populated in 0.0268 seconds. Added 3020 classes and 722 folders.
[2020.03.23-08.16.24:852][365]Display: HotReload took 31.6s.
[2020.03.23-08.16.24:861][365]Warning: HotReload operation took 31.6s.
[2020.03.23-08.16.26:227][365]LogSlate: Window 'C++ 클래스 추가' being destroyed
[2020.03.23-08.16.26:261][365]LogHotReload: New module detected: UE4Editor-SpaceDeliveryService-7734.dll
[2020.03.23-08.16.26:453][366]LogHotReload: Starting Hot-Reload from IDE
[2020.03.23-08.16.26:566][366]LogUObjectHash: Compacting FUObjectHashTables data took   1.73ms
[2020.03.23-08.16.26:575][366]LogContentBrowser: Native class hierarchy updated for 'SpaceDeliveryService' in 0.0008 seconds. Added 3 classes and 2 folders.
[2020.03.23-08.16.26:582][366]Display: HotReload successful (0 functions remapped  0 scriptstructs remapped)
[2020.03.23-08.16.26:638][366]LogUObjectHash: Compacting FUObjectHashTables data took   1.88ms
[2020.03.23-08.16.26:684][366]LogContentBrowser: Native class hierarchy populated in 0.0302 seconds. Added 3020 classes and 722 folders.
[2020.03.23-08.16.26:716][366]Display: HotReload took  0.3s.
[2020.03.23-08.19.09:864][849]LogHotReload: New module detected: UE4Editor-SpaceDeliveryService-0006.dll
[2020.03.23-08.19.11:892][856]LogHotReload: Starting Hot-Reload from IDE
[2020.03.23-08.19.11:967][856]LogUObjectHash: Compacting FUObjectHashTables data took   1.24ms
[2020.03.23-08.19.23:045][856]LogWindows: Error: === Critical error: ===
[2020.03.23-08.19.23:045][856]LogWindows: Error: 
[2020.03.23-08.19.23:045][856]LogWindows: Error: Fatal error!
[2020.03.23-08.19.23:045][856]LogWindows: Error: 
[2020.03.23-08.19.23:045][856]LogWindows: Error: Unhandled Exception: EXCEPTION_ACCESS_VIOLATION reading address 0x000000e8
[2020.03.23-08.19.23:045][856]LogWindows: Error: 
[2020.03.23-08.19.23:045][856]LogWindows: Error: [Callstack] 0x00007ff91a5423d3 UE4Editor-SpaceDeliveryService-0006.dll!UInputComponent::BindAxis<ASDS_Player_Controller>() [c:\program files\epic games\ue_4.24\engine\source\runtime\engine\classes\components\inputcomponent.h:870]
[2020.03.23-08.19.23:045][856]LogWindows: Error: [Callstack] 0x00007ff91a542840 UE4Editor-SpaceDeliveryService-0006.dll!ASDS_Player_Controller::ASDS_Player_Controller() [c:\users\hy_raptop\onedrive\desktop\github\spacedeliveryservice\spacedeliveryservice\source\spacedeliveryservice\sds_player_controller.cpp:9]
[2020.03.23-08.19.23:045][856]LogWindows: Error: [Callstack] 0x00007ff8c0f242b2 UE4Editor-HotReload.dll!FHotReloadClassReinstancer::RecreateCDOAndSetupOldClassReinstancing() [d:\build\++ue4\sync\engine\source\developer\hotreload\private\hotreloadclassreinstancer.cpp:247]
[2020.03.23-08.19.23:045][856]LogWindows: Error: [Callstack] 0x00007ff8c0f13a2a UE4Editor-HotReload.dll!FHotReloadClassReinstancer::FHotReloadClassReinstancer() [d:\build\++ue4\sync\engine\source\developer\hotreload\private\hotreloadclassreinstancer.cpp:322]
[2020.03.23-08.19.23:045][856]LogWindows: Error: [Callstack] 0x00007ff8c0f1aa1d UE4Editor-HotReload.dll!FHotReloadClassReinstancer::Create() [d:\build\++ue4\sync\engine\source\developer\hotreload\private\hotreloadclassreinstancer.h:120]
[2020.03.23-08.19.23:045][856]LogWindows: Error: [Callstack] 0x00007ff8c0f26969 UE4Editor-HotReload.dll!FHotReloadModule::ReinstanceClass() [d:\build\++ue4\sync\engine\source\developer\hotreload\private\hotreload.cpp:1266]
[2020.03.23-08.19.23:045][856]LogWindows: Error: [Callstack] 0x00007ff8c0f26ce4 UE4Editor-HotReload.dll!FHotReloadModule::ReinstanceClasses() [d:\build\++ue4\sync\engine\source\developer\hotreload\private\hotreload.cpp:1256]
[2020.03.23-08.19.23:045][856]LogWindows: Error: [Callstack] 0x00007ff8c0f1f956 UE4Editor-HotReload.dll!TBaseRawMethodDelegateInstance<0,FHotReloadModule,void __cdecl(void)>::ExecuteIfSafe() [d:\build\++ue4\sync\engine\source\runtime\core\public\delegates\delegateinstancesimpl.h:541]
[2020.03.23-08.19.23:045][856]LogWindows: Error: [Callstack] 0x00007ff8fcab2b1b UE4Editor-CoreUObject.dll!TBaseMulticastDelegate<void>::Broadcast() [d:\build\++ue4\sync\engine\source\runtime\core\public\delegates\delegatesignatureimpl.inl:1013]
[2020.03.23-08.19.23:045][856]LogWindows: Error: [Callstack] 0x00007ff8fcdd0097 UE4Editor-CoreUObject.dll!UClassReplaceHotReloadClasses() [d:\build\++ue4\sync\engine\source\runtime\coreuobject\private\uobject\uobjectbase.cpp:868]
[2020.03.23-08.19.23:045][856]LogWindows: Error: [Callstack] 0x00007ff8fcdb11a6 UE4Editor-CoreUObject.dll!ProcessNewlyLoadedUObjects() [d:\build\++ue4\sync\engine\source\runtime\coreuobject\private\uobject\uobjectbase.cpp:1027]
[2020.03.23-08.19.23:045][856]LogWindows: Error: [Callstack] 0x00007ff8fcce57b5 UE4Editor-CoreUObject.dll!TBaseStaticDelegateInstance<void __cdecl(FName,bool)>::ExecuteIfSafe() [d:\build\++ue4\sync\engine\source\runtime\core\public\delegates\delegateinstancesimpl.h:854]
[2020.03.23-08.19.23:045][856]LogWindows: Error: [Callstack] 0x00007ff8ea30c487 UE4Editor-Core.dll!TBaseMulticastDelegate<void,FName,bool>::Broadcast() [d:\build\++ue4\sync\engine\source\runtime\core\public\delegates\delegatesignatureimpl.inl:1013]
[2020.03.23-08.19.23:045][856]LogWindows: Error: [Callstack] 0x00007ff8ea32aa1b UE4Editor-Core.dll!FModuleManager::LoadModuleWithFailureReason() [d:\build\++ue4\sync\engine\source\runtime\core\private\modules\modulemanager.cpp:493]
[2020.03.23-08.19.23:045][856]LogWindows: Error: [Callstack] 0x00007ff8ea329ac8 UE4Editor-Core.dll!FModuleManager::LoadModule() [d:\build\++ue4\sync\engine\source\runtime\core\private\modules\modulemanager.cpp:326]
[2020.03.23-08.19.23:045][856]LogWindows: Error: [Callstack] 0x00007ff8c0f1bb03 UE4Editor-HotReload.dll!FHotReloadModule::DoHotReloadInternal() [d:\build\++ue4\sync\engine\source\developer\hotreload\private\hotreload.cpp:799]
[2020.03.23-08.19.23:045][856]LogWindows: Error: [Callstack] 0x00007ff8c0f1b7db UE4Editor-HotReload.dll!FHotReloadModule::DoHotReloadFromIDE() [d:\build\++ue4\sync\engine\source\developer\hotreload\private\hotreload.cpp:1535]
[2020.03.23-08.19.23:046][856]LogWindows: Error: [Callstack] 0x00007ff8c0f2c821 UE4Editor-HotReload.dll!FHotReloadModule::Tick() [d:\build\++ue4\sync\engine\source\developer\hotreload\private\hotreload.cpp:1479]
[2020.03.23-08.19.23:046][856]LogWindows: Error: [Callstack] 0x00007ff8ea0b90b5 UE4Editor-Core.dll!FTicker::Tick() [d:\build\++ue4\sync\engine\source\runtime\core\private\containers\ticker.cpp:95]
[2020.03.23-08.19.23:046][856]LogWindows: Error: [Callstack] 0x00007ff6783fad74 UE4Editor.exe!FEngineLoop::Tick() [d:\build\++ue4\sync\engine\source\runtime\launch\private\launchengineloop.cpp:4686]
[2020.03.23-08.19.23:046][856]LogWindows: Error: [Callstack] 0x00007ff67840c3ec UE4Editor.exe!GuardedMain() [d:\build\++ue4\sync\engine\source\runtime\launch\private\launch.cpp:173]
[2020.03.23-08.19.23:046][856]LogWindows: Error: [Callstack] 0x00007ff67840c4ca UE4Editor.exe!GuardedMainWrapper() [d:\build\++ue4\sync\engine\source\runtime\launch\private\windows\launchwindows.cpp:134]
[2020.03.23-08.19.23:046][856]LogWindows: Error: [Callstack] 0x00007ff67841ceae UE4Editor.exe!WinMain() [d:\build\++ue4\sync\engine\source\runtime\launch\private\windows\launchwindows.cpp:263]
[2020.03.23-08.19.23:046][856]LogWindows: Error: [Callstack] 0x00007ff67841fcbe UE4Editor.exe!__scrt_common_main_seh() [d:\agent\_work\2\s\src\vctools\crt\vcstartup\src\startup\exe_common.inl:288]
[2020.03.23-08.19.23:046][856]LogWindows: Error: [Callstack] 0x00007ff947907bd4 KERNEL32.DLL!UnknownFunction []
[2020.03.23-08.19.23:046][856]LogWindows: Error: [Callstack] 0x00007ff94816ced1 ntdll.dll!UnknownFunction []
[2020.03.23-08.19.23:046][856]LogWindows: Error: 
[2020.03.23-08.19.23:061][856]LogExit: Executing StaticShutdownAfterError
[2020.03.23-08.19.23:068][856]LogWindows: FPlatformMisc::RequestExit(1)
[2020.03.23-08.19.23:068][856]LogCore: Engine exit requested (reason: Win RequestExit)
[2020.03.23-08.19.23:083][856]Log file closed, 03/23/20 17:19:23
